[23:05:25] Game g22c1ca96466d on tharsis
[23:05:25] Players: Plazma(blue), Geekdumb(orange)
[23:05:25] Spectator: sd44b38ada56f
[23:05:25] ============================================================
[23:05:26] Gen 6 | Phase: action | Temp:-26 O2:8 Oceans:0 Venus:0
[23:05:26] Plazma (blue) — TR:22 VP:36 Tableau:11 Hand:15
[23:05:26]   MC:19(3) St:9(4) Ti:1(1) Pl:7(3) En:0(0) Ht:0(0)
[23:05:27] Geekdumb (orange) — TR:28 VP:52 Tableau:17 Hand:5
[23:05:27]   MC:16(7) St:10(2) Ti:0(0) Pl:0(0) En:13(6) Ht:2(2)
[23:05:48] Geekdumb:
[23:05:48]   MC: 16 -> 14 (-2)
[23:05:48]   Steel: 10 -> 7 (-3)
[23:05:48]   Plants: 0 -> 1 (+1)
[23:05:48]   Plant prod: 0 -> 1 (+1)
[23:05:48]   Cards: 5 -> 3 (-2)
[23:05:48]   Tableau: 17 -> 19 (+2)
[23:05:48]   Actions(game): 76 -> 78 (+2)
[23:05:48]   Actions(round): 4 -> 6 (+2)
[23:05:48]   VP: 52 -> 54 (+2)
[23:05:48]   NEW CARDS PLAYED: Martian Lumber Corp, Rego Plastics
[23:05:48]   CARDS GONE from hand: Martian Lumber Corp, Rego Plastics
[23:06:09] --- GLOBALS: GEN 6 -> 7 | Phase: action -> drafting ---
[23:06:09] Plazma:
[23:06:09]   MC: 19 -> 44 (+25)
[23:06:09]   Steel: 9 -> 13 (+4)
[23:06:09]   Ti: 1 -> 2 (+1)
[23:06:09]   Plants: 7 -> 10 (+3)
[23:06:09]   DRAFT OPTIONS: Arctic Algae, Dirigibles, Insects, Stanford Torus
[23:06:10] Geekdumb:
[23:06:10]   MC: 14 -> 49 (+35)
[23:06:10]   Steel: 7 -> 9 (+2)
[23:06:10]   Plants: 1 -> 2 (+1)
[23:06:10]   Energy: 13 -> 6 (-7)
[23:06:10]   Heat: 2 -> 17 (+15)
[23:06:10]   Actions(game): 78 -> 79 (+1)
[23:06:10]   Actions(round): 6 -> 0 (-6)
[23:06:10]   DRAFT OPTIONS: Aerobraked Ammonia Asteroid, Mining Expedition, Open City, Small Animals
[23:06:31] Plazma:
[23:06:31]   DRAFT OPTIONS: Dirigibles, Stanford Torus
[23:06:31]   DRAFTED: Insects, Open City
[23:06:31] Geekdumb:
[23:06:31]   DRAFT DONE
[23:06:31]   DRAFTED: Aerobraked Ammonia Asteroid, Arctic Algae, Small Animals
[23:06:52] --- GLOBALS: Phase: drafting -> action ---
[23:06:52] Plazma:
[23:06:52]   MC: 44 -> 38 (-6)
[23:06:52]   Cards: 15 -> 17 (+2)
[23:06:52]   CARDS ADDED to hand: Insects, Open City
[23:06:52]   DRAFT DONE
[23:06:53] Geekdumb:
[23:06:53]   MC: 49 -> 37 (-12)
[23:06:53]   Cards: 3 -> 7 (+4)
[23:06:53]   Actions(game): 79 -> 80 (+1)
[23:06:53]   CARDS ADDED to hand: Aerobraked Ammonia Asteroid, Arctic Algae, Dirigibles, Small Animals
[23:07:14] --- GLOBALS: Temp: -26 -> -24 ---
[23:07:14] Plazma:
[23:07:14]   MC: 38 -> 28 (-10)
[23:07:14]   Cards: 17 -> 16 (-1)
[23:07:14]   Tableau: 11 -> 12 (+1)
[23:07:14]   Actions(game): 48 -> 50 (+2)
[23:07:14]   Actions(round): 0 -> 1 (+1)
[23:07:14]   VP: 36 -> 37 (+1)
[23:07:14]   NEW CARDS PLAYED: Cutting Edge Technology
[23:07:14]   CARDS GONE from hand: Cutting Edge Technology
[23:07:14] Geekdumb:
[23:07:14]   TR: 28 -> 29 (+1)
[23:07:14]   MC: 37 -> 49 (+12)
[23:07:14]   Energy: 6 -> 4 (-2)
[23:07:14]   Heat: 17 -> 9 (-8)
[23:07:14]   Heat prod: 2 -> 3 (+1)
[23:07:14]   Actions(game): 80 -> 82 (+2)
[23:07:14]   VP: 54 -> 55 (+1)
[23:07:35] Plazma:
[23:07:35]   Actions(game): 50 -> 52 (+2)
[23:07:35]   Actions(round): 1 -> 0 (-1)
[23:07:35]   VP: 37 -> 38 (+1)
[23:07:36] Geekdumb:
[23:07:36]   MC: 49 -> 8 (-41)
[23:07:36]   Ti prod: 0 -> 3 (+3)
[23:07:36]   Cards: 7 -> 6 (-1)
[23:07:36]   Tableau: 19 -> 20 (+1)
[23:07:36]   Actions(game): 82 -> 85 (+3)
[23:07:36]   VP: 55 -> 59 (+4)
[23:07:36]   NEW CARDS PLAYED: Earth Elevator
[23:07:36]   CARDS GONE from hand: Earth Elevator
[23:07:57] Plazma:
[23:07:57]   MC: 28 -> 14 (-14)
[23:07:57]   Ti: 2 -> 0 (-2)
[23:07:57]   Energy prod: 0 -> 3 (+3)
[23:07:57]   Heat prod: 0 -> 3 (+3)
[23:07:57]   Cards: 16 -> 15 (-1)
[23:07:57]   Tableau: 12 -> 13 (+1)
[23:07:57]   Actions(game): 52 -> 54 (+2)
[23:07:57]   VP: 38 -> 39 (+1)
[23:07:57]   NEW CARDS PLAYED: Beam From A Thorium Asteroid
[23:07:57]   CARDS GONE from hand: Beam From A Thorium Asteroid
[23:07:58] Geekdumb:
[23:07:58]   Actions(game): 85 -> 86 (+1)
[23:08:19] --- GLOBALS: O2: 8 -> 9 ---
[23:08:19] Plazma:
[23:08:19]   Actions(game): 54 -> 55 (+1)
[23:08:19] Geekdumb:
[23:08:19]   TR: 29 -> 30 (+1)
[23:08:19]   Actions(game): 86 -> 88 (+2)
[23:08:19]   VP: 59 -> 60 (+1)
[23:08:40] --- GLOBALS: O2: 9 -> 10 ---
[23:08:40] Plazma:
[23:08:40]   TR: 22 -> 23 (+1)
[23:08:40]   MC: 14 -> 13 (-1)
[23:08:40]   Plants: 10 -> 3 (-7)
[23:08:40]   Actions(game): 55 -> 57 (+2)
[23:08:40]   VP: 39 -> 41 (+2)
[23:08:41] Geekdumb:
[23:08:41]   Actions(game): 88 -> 90 (+2)
[23:08:41]   Actions(round): 0 -> 1 (+1)
[23:09:02] Geekdumb:
[23:09:02]   MC: 8 -> 4 (-4)
[23:09:02]   Cards: 6 -> 5 (-1)
[23:09:02]   Tableau: 20 -> 21 (+1)
[23:09:02]   Actions(game): 90 -> 91 (+1)
[23:09:02]   Actions(round): 1 -> 2 (+1)
[23:09:02]   VP: 60 -> 61 (+1)
[23:09:02]   NEW CARDS PLAYED: Small Animals
[23:09:02]   CARDS GONE from hand: Small Animals
[23:09:23] Plazma:
[23:09:23]   MC: 13 -> 2 (-11)
[23:09:23]   Ti prod: 1 -> 2 (+1)
[23:09:23]   Plant prod: 3 -> 2 (-1)
[23:09:23]   Cards: 15 -> 14 (-1)
[23:09:23]   Tableau: 13 -> 14 (+1)
[23:09:23]   Actions(game): 57 -> 60 (+3)
[23:09:23]   VP: 41 -> 42 (+1)
[23:09:23]   NEW CARDS PLAYED: Asteroid Mining Consortium
[23:09:23]   CARDS GONE from hand: Asteroid Mining Consortium
[23:09:24] Geekdumb:
[23:09:24]   Ti prod: 3 -> 2 (-1)
[23:09:24]   Actions(game): 91 -> 92 (+1)
[23:09:24]   Actions(round): 2 -> 0 (-2)
[23:09:45] --- GLOBALS: Temp: -24 -> -22 ---
[23:09:46] Geekdumb:
[23:09:46]   TR: 30 -> 31 (+1)
[23:09:46]   MC: 4 -> 3 (-1)
[23:09:46]   Plants: 2 -> 3 (+1)
[23:09:46]   Plant prod: 1 -> 2 (+1)
[23:09:46]   Heat: 9 -> 1 (-8)
[23:09:46]   Cards: 5 -> 4 (-1)
[23:09:46]   Tableau: 21 -> 22 (+1)
[23:09:46]   Actions(game): 92 -> 95 (+3)
[23:09:46]   Actions(round): 0 -> 3 (+3)
[23:09:46]   VP: 61 -> 63 (+2)
[23:09:46]   NEW CARDS PLAYED: Lichen
[23:09:46]   CARDS GONE from hand: Lichen
[23:10:06] --- GLOBALS: GEN 7 -> 8 | Phase: action -> drafting ---
[23:10:06] Plazma:
[23:10:06]   MC: 2 -> 28 (+26)
[23:10:06]   Steel: 13 -> 17 (+4)
[23:10:06]   Ti: 0 -> 2 (+2)
[23:10:06]   Plants: 3 -> 5 (+2)
[23:10:06]   Energy: 0 -> 3 (+3)
[23:10:06]   Heat: 0 -> 3 (+3)
[23:10:06]   DRAFT OPTIONS: Bribed Committee, Red Spot Observatory, Stratospheric Birds, Venus Waystation
[23:10:07] Geekdumb:
[23:10:07]   MC: 3 -> 41 (+38)
[23:10:07]   Steel: 9 -> 11 (+2)
[23:10:07]   Ti: 0 -> 2 (+2)
[23:10:07]   Plants: 3 -> 5 (+2)
[23:10:07]   Energy: 4 -> 6 (+2)
[23:10:07]   Heat: 1 -> 8 (+7)
[23:10:07]   Actions(game): 95 -> 96 (+1)
[23:10:07]   Actions(round): 3 -> 0 (-3)
[23:10:07]   DRAFTED: Dusk Laser Mining
[23:10:28] --- GLOBALS: Phase: drafting -> research ---
[23:10:28] Plazma:
[23:10:28]   DRAFT OPTIONS: Bribed Committee, Comet, Meltworks, Red Spot Observatory
[23:10:29] Geekdumb:
[23:10:29]   DRAFT OPTIONS: Comet for Venus, Dusk Laser Mining, Stratospheric Birds, Venus Waystation
[23:10:50] --- GLOBALS: Phase: research -> action | Temp: -22 -> -20 ---
[23:10:50] Plazma:
[23:10:50]   TR: 23 -> 24 (+1)
[23:10:50]   MC: 28 -> 18 (-10)
[23:10:50]   Ti: 2 -> 0 (-2)
[23:10:50]   Energy: 3 -> 0 (-3)
[23:10:50]   Heat prod: 3 -> 4 (+1)
[23:10:50]   Cards: 14 -> 16 (+2)
[23:10:50]   Tableau: 14 -> 15 (+1)
[23:10:50]   Actions(game): 60 -> 63 (+3)
[23:10:50]   Actions(round): 0 -> 2 (+2)
[23:10:50]   VP: 42 -> 43 (+1)
[23:10:50]   NEW CARDS PLAYED: Comet
[23:10:50]   CARDS ADDED to hand: Bribed Committee, Red Spot Observatory
[23:10:50]   DRAFT DONE
[23:10:51] Geekdumb:
[23:10:51]   MC: 41 -> 31 (-10)
[23:10:51]   Cards: 4 -> 8 (+4)
[23:10:51]   CARDS ADDED to hand: Comet for Venus, Dusk Laser Mining, Stratospheric Birds, Venus Waystation
[23:10:51]   DRAFT DONE
[23:11:13] --- GLOBALS: Oceans: 0 -> 1 ---
[23:11:13] Plazma:
[23:11:13]   TR: 24 -> 25 (+1)
[23:11:13]   MC: 18 -> 16 (-2)
[23:11:13]   Steel: 17 -> 18 (+1)
[23:11:13]   Plants: 5 -> 7 (+2)
[23:11:13]   Energy prod: 3 -> 4 (+1)
[23:11:13]   Actions(round): 2 -> 0 (-2)
[23:11:13]   VP: 43 -> 45 (+2)
[23:11:15] Geekdumb:
[23:11:15]   Steel: 11 -> 23 (+12)
[23:11:15]   Plants: 5 -> 2 (-3)
[23:11:15]   Energy: 6 -> 4 (-2)
[23:11:15]   Actions(game): 96 -> 98 (+2)
[23:11:15]   Actions(round): 0 -> 1 (+1)
[23:11:36] Plazma:
[23:11:36]   Actions(game): 63 -> 64 (+1)
[23:11:37] Geekdumb:
[23:11:37]   Actions(game): 98 -> 99 (+1)
[23:11:37]   Actions(round): 1 -> 0 (-1)
[23:11:58] Plazma:
[23:11:58]   Ti: 0 -> 2 (+2)
[23:11:58]   Actions(game): 64 -> 66 (+2)
[23:11:58]   VP: 45 -> 46 (+1)
[23:11:59] --- GLOBALS: Temp: -20 -> -18 ---
[23:11:59] Geekdumb:
[23:11:59]   TR: 31 -> 32 (+1)
[23:11:59]   MC: 31 -> 21 (-10)
[23:11:59]   Plants: 2 -> 4 (+2)
[23:11:59]   Heat: 8 -> 0 (-8)
[23:11:59]   Cards: 8 -> 7 (-1)
[23:11:59]   Tableau: 22 -> 23 (+1)
[23:11:59]   Actions(game): 99 -> 102 (+3)
[23:11:59]   VP: 63 -> 66 (+3)
[23:11:59]   NEW CARDS PLAYED: Arctic Algae
[23:11:59]   CARDS GONE from hand: Arctic Algae
[23:12:20] Plazma:
[23:12:20]   MC: 16 -> 10 (-6)
[23:12:20]   MC prod: 3 -> 7 (+4)
[23:12:20]   Cards: 16 -> 15 (-1)
[23:12:20]   Tableau: 15 -> 16 (+1)
[23:12:20]   Actions(game): 66 -> 69 (+3)
[23:12:20]   NEW CARDS PLAYED: Terraforming Contract
[23:12:20]   CARDS GONE from hand: Terraforming Contract
[23:12:21] Geekdumb:
[23:12:21]   Actions(game): 102 -> 104 (+2)
[23:12:21]   Actions(round): 0 -> 1 (+1)
[23:12:41] --- GLOBALS: O2: 10 -> 12 ---
[23:12:41] Plazma:
[23:12:41]   TR: 25 -> 26 (+1)
[23:12:41]   MC prod: 7 -> 11 (+4)
[23:12:41]   Steel: 18 -> 11 (-7)
[23:12:41]   Plants: 7 -> 2 (-5)
[23:12:41]   Energy prod: 4 -> 3 (-1)
[23:12:41]   Cards: 15 -> 14 (-1)
[23:12:41]   Tableau: 16 -> 17 (+1)
[23:12:41]   Actions(game): 69 -> 72 (+3)
[23:12:41]   Actions(round): 0 -> 2 (+2)
[23:12:41]   VP: 46 -> 49 (+3)
[23:12:41]   NEW CARDS PLAYED: Open City
[23:12:41]   CARDS GONE from hand: Open City
[23:12:43] Geekdumb:
[23:12:43]   TR: 32 -> 33 (+1)
[23:12:43]   Actions(game): 104 -> 105 (+1)
[23:12:43]   Actions(round): 1 -> 0 (-1)
[23:12:43]   VP: 66 -> 67 (+1)
[23:13:05] Plazma:
[23:13:05]   Steel: 11 -> 13 (+2)
[23:13:05]   Actions(round): 2 -> 0 (-2)
[23:13:05]   Cities: 0 -> 1 (+1)
[23:13:05]   VP: 49 -> 51 (+2)
[23:13:07] Geekdumb:
[23:13:07]   MC: 21 -> 9 (-12)
[23:13:07]   MC prod: 7 -> 8 (+1)
[23:13:07]   Ti: 2 -> 0 (-2)
[23:13:07]   Ti prod: 2 -> 3 (+1)
[23:13:07]   Plant prod: 2 -> 3 (+1)
[23:13:07]   Energy prod: 6 -> 5 (-1)
[23:13:07]   Heat prod: 3 -> 6 (+3)
[23:13:07]   Cards: 7 -> 5 (-2)
[23:13:07]   Tableau: 23 -> 25 (+2)
[23:13:07]   Actions(game): 105 -> 108 (+3)
[23:13:07]   Actions(round): 0 -> 2 (+2)
[23:13:07]   NEW CARDS PLAYED: Aerobraked Ammonia Asteroid, Dusk Laser Mining
[23:13:07]   CARDS GONE from hand: Aerobraked Ammonia Asteroid, Dusk Laser Mining
[23:13:07]   DRAFT OPTIONS: Decomposers, Psychrophiles, Regolith Eaters, Tardigrades
[23:13:29] Plazma:
[23:13:29]   MC: 10 -> 2 (-8)
[23:13:29]   MC prod: 11 -> 13 (+2)
[23:13:29]   Ti prod: 2 -> 4 (+2)
[23:13:29]   Cards: 14 -> 12 (-2)
[23:13:29]   Tableau: 17 -> 19 (+2)
[23:13:29]   Actions(game): 72 -> 75 (+3)
[23:13:29]   VP: 51 -> 50 (-1)
[23:13:29]   NEW CARDS PLAYED: Heavy Taxation, Lunar Mining
[23:13:29]   CARDS GONE from hand: Heavy Taxation, Lunar Mining
[23:13:31] Geekdumb:
[23:13:31]   Actions(game): 108 -> 110 (+2)
[23:13:31]   Actions(round): 2 -> 1 (-1)
[23:13:31]   DRAFT DONE
[23:13:54] Plazma:
[23:13:54]   Actions(game): 75 -> 77 (+2)
[23:13:55] Geekdumb:
[23:13:55]   MC: 9 -> 0 (-9)
[23:13:55]   Cards: 5 -> 4 (-1)
[23:13:55]   Tableau: 25 -> 26 (+1)
[23:13:55]   Actions(game): 110 -> 113 (+3)
[23:13:55]   NEW CARDS PLAYED: Dirigibles
[23:13:55]   CARDS GONE from hand: Dirigibles
[23:14:16] --- GLOBALS: GEN 8 -> 9 | Phase: action -> drafting ---
[23:14:16] Plazma:
[23:14:16]   MC: 2 -> 41 (+39)
[23:14:16]   Steel: 13 -> 17 (+4)
[23:14:16]   Ti: 2 -> 6 (+4)
[23:14:16]   Plants: 2 -> 4 (+2)
[23:14:16]   Energy: 0 -> 3 (+3)
[23:14:16]   Heat: 3 -> 7 (+4)
[23:14:16]   DRAFT OPTIONS: Adaptation Technology, Flooding, Special Design, Worms
[23:14:16] Geekdumb:
[23:14:16]   MC: 0 -> 41 (+41)
[23:14:16]   Steel: 23 -> 25 (+2)
[23:14:16]   Ti: 0 -> 3 (+3)
[23:14:16]   Plants: 4 -> 7 (+3)
[23:14:16]   Energy: 4 -> 5 (+1)
[23:14:16]   Heat: 0 -> 10 (+10)
[23:14:16]   Actions(game): 113 -> 115 (+2)
[23:14:16]   Actions(round): 1 -> 0 (-1)
[23:14:16]   DRAFTED: Anti-Gravity Technology
[23:14:37] --- GLOBALS: Phase: drafting -> research ---
[23:14:37] Plazma:
[23:14:37]   DRAFT OPTIONS: Corroder Suits, Great Escarpment Consortium, Special Design, Worms
[23:14:43] Geekdumb:
[23:14:43]   DRAFT OPTIONS: Adaptation Technology, Anti-Gravity Technology, Atmoscoop, Flooding
[23:15:04] --- GLOBALS: Phase: research -> action ---
[23:15:04] Plazma:
[23:15:04]   MC: 41 -> 29 (-12)
[23:15:04]   Cards: 12 -> 16 (+4)
[23:15:04]   CARDS ADDED to hand: Corroder Suits, Great Escarpment Consortium, Special Design, Worms
[23:15:04]   DRAFT DONE
[23:15:05] Geekdumb:
[23:15:05]   MC: 41 -> 29 (-12)
[23:15:05]   Plants: 7 -> 11 (+4)
[23:15:05]   Energy: 5 -> 3 (-2)
[23:15:05]   Cards: 4 -> 8 (+4)
[23:15:05]   Actions(game): 115 -> 117 (+2)
[23:15:05]   Actions(round): 0 -> 1 (+1)
[23:15:06]   CARDS ADDED to hand: Adaptation Technology, Anti-Gravity Technology, Atmoscoop, Flooding
[23:15:06]   DRAFT DONE
[23:15:26] --- GLOBALS: O2: 12 -> 13 ---
[23:15:26] Plazma:
[23:15:26]   MC: 29 -> 41 (+12)
[23:15:26]   Energy: 3 -> 0 (-3)
[23:15:26]   Actions(game): 77 -> 80 (+3)
[23:15:26]   VP: 50 -> 51 (+1)
[23:15:30] Geekdumb:
[23:15:30]   TR: 33 -> 34 (+1)
[23:15:30]   MC: 29 -> 33 (+4)
[23:15:30]   Ti: 3 -> 4 (+1)
[23:15:30]   Plants: 11 -> 3 (-8)
[23:15:30]   Actions(game): 117 -> 119 (+2)
[23:15:30]   Actions(round): 1 -> 0 (-1)
[23:15:30]   VP: 67 -> 69 (+2)
[23:15:51] --- GLOBALS: O2: 13 -> 14 ---
[23:15:51] Plazma:
[23:15:51]   MC: 41 -> 40 (-1)
[23:15:51]   Actions(game): 80 -> 83 (+3)
[23:15:52] Geekdumb:
[23:15:52]   TR: 34 -> 35 (+1)
[23:15:52]   Actions(game): 119 -> 122 (+3)
[23:15:52]   VP: 69 -> 70 (+1)
[23:16:13] --- GLOBALS: Temp: -18 -> -16 ---
[23:16:13] Plazma:
[23:16:13]   Actions(game): 83 -> 84 (+1)
[23:16:14] Geekdumb:
[23:16:14]   TR: 35 -> 36 (+1)
[23:16:14]   Heat: 10 -> 2 (-8)
[23:16:14]   Actions(game): 122 -> 124 (+2)
[23:16:14]   VP: 70 -> 71 (+1)
[23:16:37] --- GLOBALS: Oceans: 1 -> 2 ---
[23:16:37] Plazma:
[23:16:37]   TR: 26 -> 27 (+1)
[23:16:37]   MC: 40 -> 19 (-21)
[23:16:37]   Steel: 17 -> 14 (-3)
[23:16:37]   Plants: 4 -> 5 (+1)
[23:16:37]   Energy prod: 3 -> 4 (+1)
[23:16:37]   Cards: 16 -> 18 (+2)
[23:16:37]   Tableau: 19 -> 20 (+1)
[23:16:37]   Actions(game): 84 -> 86 (+2)
[23:16:37]   VP: 51 -> 54 (+3)
[23:16:37]   NEW CARDS PLAYED: Aqueduct Systems
[23:16:37]   CARDS GONE from hand: Aqueduct Systems
[23:16:37]   CARDS ADDED to hand: Geothermal Power, Peroxide Power, Urbanized Area
[23:16:37] Geekdumb:
[23:16:37]   TR: 36 -> 37 (+1)
[23:16:37]   Plants: 3 -> 5 (+2)
[23:16:37]   Cards: 8 -> 7 (-1)
[23:16:37]   Tableau: 26 -> 27 (+1)
[23:16:37]   Actions(game): 124 -> 127 (+3)
[23:16:37]   VP: 71 -> 73 (+2)
[23:16:37]   NEW CARDS PLAYED: Diversity Support
[23:16:38]   CARDS GONE from hand: Diversity Support
[23:17:00] Plazma:
[23:17:00]   MC: 19 -> 10 (-9)
[23:17:00]   Plants: 5 -> 1 (-4)
[23:17:00]   Plant prod: 2 -> 3 (+1)
[23:17:00]   Cards: 18 -> 19 (+1)
[23:17:00]   Tableau: 20 -> 21 (+1)
[23:17:00]   Actions(game): 86 -> 89 (+3)
[23:17:00]   VP: 54 -> 56 (+2)
[23:17:00]   NEW CARDS PLAYED: Grass
[23:17:00]   CARDS GONE from hand: Grass
[23:17:00]   CARDS ADDED to hand: Aerial Mappers, Gyropolis
[23:17:01] Geekdumb:
[23:17:01]   Actions(game): 127 -> 128 (+1)
[23:17:22] Plazma:
[23:17:22]   Actions(game): 89 -> 90 (+1)
[23:17:23] Geekdumb:
[23:17:23]   Actions(game): 128 -> 130 (+2)
[23:17:46] Plazma:
[23:17:46]   Steel: 14 -> 10 (-4)
[23:17:46]   Energy prod: 4 -> 6 (+2)
[23:17:46]   Cards: 19 -> 18 (-1)
[23:17:46]   Tableau: 21 -> 22 (+1)
[23:17:46]   Actions(game): 90 -> 91 (+1)
[23:17:46]   Actions(round): 0 -> 1 (+1)
[23:17:46]   NEW CARDS PLAYED: Geothermal Power
[23:17:46]   CARDS GONE from hand: Geothermal Power
[23:18:08] Plazma:
[23:18:08]   MC: 10 -> 6 (-4)
[23:18:08]   Steel prod: 4 -> 5 (+1)
[23:18:08]   Cards: 18 -> 17 (-1)
[23:18:08]   Tableau: 22 -> 23 (+1)
[23:18:08]   Actions(game): 91 -> 92 (+1)
[23:18:08]   Actions(round): 1 -> 0 (-1)
[23:18:08]   NEW CARDS PLAYED: Great Escarpment Consortium
[23:18:08]   CARDS GONE from hand: Great Escarpment Consortium
[23:18:10] --- GLOBALS: Oceans: 2 -> 3 ---
[23:18:10] Geekdumb:
[23:18:10]   TR: 37 -> 38 (+1)
[23:18:10]   MC: 33 -> 28 (-5)
[23:18:10]   Steel prod: 2 -> 1 (-1)
[23:18:10]   Tableau: 27 -> 28 (+1)
[23:18:10]   Actions(game): 130 -> 132 (+2)
[23:18:10]   Actions(round): 0 -> 1 (+1)
[23:18:10]   NEW CARDS PLAYED: Flooding
[23:18:10]   CARDS GONE from hand: Flooding
[23:18:10]   CARDS ADDED to hand: Industrial Center
[23:18:31] Plazma:
[23:18:31]   MC: 6 -> 2 (-4)
[23:18:31]   Steel: 10 -> 8 (-2)
[23:18:31]   Energy prod: 6 -> 7 (+1)
[23:18:31]   VP: 56 -> 57 (+1)
[23:18:32] Geekdumb:
[23:18:32]   Plants: 5 -> 7 (+2)
[23:18:53] --- GLOBALS: Venus: 0 -> 2 ---
[23:18:53] Plazma:
[23:18:53]   MC prod: 13 -> 17 (+4)
[23:18:53]   Steel: 8 -> 7 (-1)
[23:18:53]   Energy prod: 7 -> 6 (-1)
[23:18:53]   Cards: 17 -> 16 (-1)
[23:18:53]   Tableau: 23 -> 24 (+1)
[23:18:53]   Actions(game): 92 -> 95 (+3)
[23:18:53]   NEW CARDS PLAYED: Casinos
[23:18:53]   CARDS GONE from hand: Casinos
[23:18:54] Geekdumb:
[23:18:54]   TR: 38 -> 39 (+1)
[23:18:54]   Ti: 4 -> 1 (-3)
[23:18:54]   Cards: 7 -> 6 (-1)
[23:18:54]   Tableau: 28 -> 29 (+1)
[23:18:54]   Actions(game): 132 -> 134 (+2)
[23:18:54]   Actions(round): 1 -> 0 (-1)
[23:18:54]   VP: 73 -> 74 (+1)
[23:18:54]   NEW CARDS PLAYED: Comet for Venus
[23:18:54]   CARDS GONE from hand: Comet for Venus
[23:19:15] --- GLOBALS: GEN 9 -> 10 | Phase: action -> drafting ---
[23:19:15] Geekdumb:
[23:19:15]   MC: 28 -> 64 (+36)
[23:19:15]   Steel: 25 -> 26 (+1)
[23:19:15]   Ti: 1 -> 4 (+3)
[23:19:15]   Plants: 7 -> 10 (+3)
[23:19:15]   Energy: 3 -> 5 (+2)
[23:19:15]   Heat: 2 -> 11 (+9)
[23:19:15]   Cards: 6 -> 4 (-2)
[23:19:15]   Tableau: 29 -> 31 (+2)
[23:19:15]   Actions(game): 134 -> 137 (+3)
[23:19:15]   VP: 74 -> 76 (+2)
[23:19:15]   NEW CARDS PLAYED: Adaptation Technology, Venus Waystation
[23:19:15]   CARDS GONE from hand: Adaptation Technology, Industrial Center, Venus Waystation
[23:19:15]   CARDS ADDED to hand: Mangrove
[23:19:15]   DRAFT OPTIONS: Breathing Filters, Energy Tapping, Restricted Area, Sub-zero Salt Fish
[23:19:36] Plazma:
[23:19:36]   MC: 2 -> 46 (+44)
[23:19:36]   Steel: 7 -> 12 (+5)
[23:19:36]   Ti: 6 -> 10 (+4)
[23:19:36]   Plants: 1 -> 4 (+3)
[23:19:36]   Energy: 0 -> 6 (+6)
[23:19:36]   Heat: 7 -> 11 (+4)
[23:19:36]   DRAFT OPTIONS: Breathing Filters, Energy Tapping, Sub-zero Salt Fish
[23:19:36]   DRAFTED: Research Colony
[23:19:37] Geekdumb:
[23:19:37]   DRAFT OPTIONS: Lunar Exports, Magnetic Shield, Strip Mine
[23:19:37]   DRAFTED: Restricted Area
[23:19:58] Plazma:
[23:19:58]   DRAFT OPTIONS: Magnetic Shield, Strip Mine
[23:19:58]   DRAFTED: Breathing Filters
[23:19:59] Geekdumb:
[23:19:59]   DRAFT OPTIONS: Energy Tapping, Sub-zero Salt Fish
[23:19:59]   DRAFTED: Lunar Exports
[23:20:20] --- GLOBALS: Phase: drafting -> action ---
[23:20:20] Plazma:
[23:20:20]   MC: 46 -> 40 (-6)
[23:20:20]   Cards: 16 -> 18 (+2)
[23:20:20]   Actions(game): 95 -> 96 (+1)
[23:20:20]   CARDS ADDED to hand: Breathing Filters, Research Colony
[23:20:20]   DRAFT DONE
[23:20:21] Geekdumb:
[23:20:21]   MC: 64 -> 52 (-12)
[23:20:21]   Cards: 4 -> 8 (+4)
[23:20:21]   CARDS ADDED to hand: Lunar Exports, Magnetic Shield, Restricted Area, Sub-zero Salt Fish
[23:20:21]   DRAFT DONE
[23:20:41] Plazma:
[23:20:41]   MC: 40 -> 54 (+14)
[23:20:41]   MC prod: 17 -> 19 (+2)
[23:20:41]   Ti: 10 -> 5 (-5)
[23:20:41]   Energy: 6 -> 3 (-3)
[23:20:41]   Cards: 18 -> 19 (+1)
[23:20:41]   Tableau: 24 -> 25 (+1)
[23:20:41]   Actions(game): 96 -> 98 (+2)
[23:20:41]   Colonies: 2 -> 3 (+1)
[23:20:41]   NEW CARDS PLAYED: Research Colony
[23:20:41]   CARDS GONE from hand: Research Colony
[23:20:41]   CARDS ADDED to hand: Research Outpost, Saturn Surfing
[23:20:42] Geekdumb:
[23:20:42]   MC: 52 -> 54 (+2)
[23:20:42]   Actions(game): 137 -> 138 (+1)
[23:21:04] Geekdumb:
[23:21:04]   Energy: 5 -> 3 (-2)
[23:21:04]   Actions(game): 138 -> 139 (+1)
[23:21:04]   Actions(round): 0 -> 1 (+1)
[23:21:25] Plazma:
[23:21:25]   Actions(game): 98 -> 99 (+1)
[23:21:25] Geekdumb:
[23:21:25]   Plants: 10 -> 2 (-8)
[23:21:25]   Actions(game): 139 -> 140 (+1)
[23:21:25]   Actions(round): 1 -> 0 (-1)
[23:21:25]   VP: 76 -> 77 (+1)
[23:21:46] Plazma:
[23:21:46]   Steel: 12 -> 6 (-6)
[23:21:46]   Ti: 5 -> 9 (+4)
[23:21:46]   Cards: 19 -> 18 (-1)
[23:21:46]   Tableau: 25 -> 26 (+1)
[23:21:46]   Actions(game): 99 -> 101 (+2)
[23:21:46]   Cities: 1 -> 2 (+1)
[23:21:46]   NEW CARDS PLAYED: Research Outpost
[23:21:46]   CARDS GONE from hand: Research Outpost
[23:21:47] Geekdumb:
[23:21:47]   MC prod: 8 -> 9 (+1)
[23:21:47]   Actions(game): 140 -> 141 (+1)
[23:22:09] Geekdumb:
[23:22:09]   MC: 54 -> 45 (-9)
[23:22:09]   Tableau: 31 -> 32 (+1)
[23:22:09]   Actions(game): 141 -> 142 (+1)
[23:22:09]   Actions(round): 0 -> 1 (+1)
[23:22:09]   NEW CARDS PLAYED: Restricted Area
[23:22:09]   CARDS GONE from hand: Restricted Area, Sub-zero Salt Fish
[23:22:09]   CARDS ADDED to hand: Designed Microorganisms, Venus Governor
[23:22:30] --- GLOBALS: Temp: -16 -> -14 ---
[23:22:30] Plazma:
[23:22:30]   TR: 27 -> 28 (+1)
[23:22:30]   Heat: 11 -> 3 (-8)
[23:22:30]   Actions(game): 101 -> 104 (+3)
[23:22:30]   VP: 57 -> 59 (+2)
[23:22:30] Geekdumb:
[23:22:30]   MC: 45 -> 23 (-22)
[23:22:30]   Plants: 2 -> 3 (+1)
[23:22:30]   Plant prod: 3 -> 5 (+2)
[23:22:30]   Cards: 8 -> 6 (-2)
[23:22:30]   Tableau: 32 -> 34 (+2)
[23:22:30]   Actions(game): 142 -> 145 (+3)
[23:22:30]   VP: 77 -> 81 (+4)
[23:22:30]   NEW CARDS PLAYED: Anti-Gravity Technology, Designed Microorganisms
[23:22:30]   CARDS GONE from hand: Anti-Gravity Technology, Designed Microorganisms, Mangrove
[23:22:30]   CARDS ADDED to hand: Rad-Suits
[23:22:51] Plazma:
[23:22:51]   Actions(game): 104 -> 105 (+1)
[23:22:52] Geekdumb:
[23:22:52]   MC prod: 9 -> 11 (+2)
[23:22:52]   Cards: 6 -> 5 (-1)
[23:22:52]   Tableau: 34 -> 35 (+1)
[23:22:52]   Actions(game): 145 -> 146 (+1)
[23:22:52]   Actions(round): 1 -> 0 (-1)
[23:22:52]   NEW CARDS PLAYED: Venus Governor
[23:22:52]   CARDS GONE from hand: Venus Governor
[23:23:13] Plazma:
[23:23:13]   MC: 54 -> 46 (-8)
[23:23:13]   Actions(game): 105 -> 107 (+2)
[23:23:13]   Actions(round): 0 -> 2 (+2)
[23:23:13]   VP: 59 -> 64 (+5)
[23:23:14] Geekdumb:
[23:23:14]   Actions(game): 146 -> 147 (+1)
[23:23:35] --- GLOBALS: Temp: -14 -> -12 ---
[23:23:35] Plazma:
[23:23:35]   Actions(game): 107 -> 108 (+1)
[23:23:35]   Actions(round): 2 -> 0 (-2)
[23:23:35] Geekdumb:
[23:23:35]   TR: 39 -> 40 (+1)
[23:23:35]   MC: 23 -> 9 (-14)
[23:23:35]   Heat: 11 -> 3 (-8)
[23:23:35]   Actions(game): 147 -> 149 (+2)
[23:23:35]   VP: 81 -> 87 (+6)
[23:23:56] Plazma:
[23:23:56]   MC: 46 -> 36 (-10)
[23:23:56]   Ti: 9 -> 6 (-3)
[23:23:56]   Ti prod: 4 -> 5 (+1)
[23:23:56]   Energy prod: 6 -> 5 (-1)
[23:23:56]   Cards: 18 -> 16 (-2)
[23:23:56]   Tableau: 26 -> 28 (+2)
[23:23:56]   Actions(game): 108 -> 110 (+2)
[23:23:56]   Cities: 2 -> 3 (+1)
[23:23:56]   VP: 64 -> 68 (+4)
[23:23:56]   NEW CARDS PLAYED: Aerial Mappers, Dawn City
[23:23:56]   CARDS GONE from hand: Aerial Mappers, Dawn City
[23:23:57] Geekdumb:
[23:23:57]   MC: 9 -> 5 (-4)
[23:23:57]   MC prod: 11 -> 13 (+2)
[23:23:57]   Tableau: 35 -> 36 (+1)
[23:23:57]   Actions(game): 149 -> 152 (+3)
[23:23:57]   VP: 87 -> 88 (+1)
[23:23:57]   NEW CARDS PLAYED: Rad-Suits
[23:23:57]   CARDS GONE from hand: Rad-Suits
[23:23:57]   CARDS ADDED to hand: Trees
[23:24:18] Plazma:
[23:24:18]   MC: 36 -> 29 (-7)
[23:24:18]   MC prod: 19 -> 21 (+2)
[23:24:18]   Tableau: 28 -> 29 (+1)
[23:24:18]   Actions(game): 110 -> 113 (+3)
[23:24:18]   NEW CARDS PLAYED: Corroder Suits
[23:24:18]   CARDS GONE from hand: Corroder Suits
[23:24:18]   CARDS ADDED to hand: Mohole Lake
[23:24:19] Geekdumb:
[23:24:19]   Actions(game): 152 -> 153 (+1)
[23:24:40] --- GLOBALS: Temp: -12 -> -10 ---
[23:24:40] Plazma:
[23:24:40]   TR: 28 -> 31 (+3)
[23:24:40]   MC: 29 -> 23 (-6)
[23:24:40]   Ti: 6 -> 0 (-6)
[23:24:40]   Plant prod: 3 -> 7 (+4)
[23:24:40]   Cards: 16 -> 15 (-1)
[23:24:40]   Tableau: 29 -> 30 (+1)
[23:24:40]   Actions(game): 113 -> 115 (+2)
[23:24:40]   Actions(round): 0 -> 1 (+1)
[23:24:40]   VP: 68 -> 71 (+3)
[23:24:40]   NEW CARDS PLAYED: Nitrogen-Rich Asteroid
[23:24:40]   CARDS GONE from hand: Nitrogen-Rich Asteroid
[23:24:40] Geekdumb:
[23:24:40]   Actions(game): 153 -> 155 (+2)
[23:24:40]   VP: 88 -> 89 (+1)
[23:25:01] --- GLOBALS: Temp: -10 -> -8 | Oceans: 3 -> 4 ---
[23:25:01] Plazma:
[23:25:01]   TR: 31 -> 33 (+2)
[23:25:01]   MC: 23 -> 6 (-17)
[23:25:01]   Steel: 6 -> 0 (-6)
[23:25:01]   Plants: 4 -> 9 (+5)
[23:25:01]   Energy prod: 5 -> 6 (+1)
[23:25:01]   Cards: 15 -> 14 (-1)
[23:25:01]   Tableau: 30 -> 31 (+1)
[23:25:01]   Actions(game): 115 -> 116 (+1)
[23:25:01]   Actions(round): 1 -> 0 (-1)
[23:25:01]   VP: 71 -> 74 (+3)
[23:25:01]   NEW CARDS PLAYED: Mohole Lake
[23:25:01]   CARDS GONE from hand: Mohole Lake
[23:25:02] Geekdumb:
[23:25:02]   Plants: 3 -> 5 (+2)
[23:25:02]   Actions(game): 155 -> 156 (+1)
[23:25:23] Plazma:
[23:25:23]   Plants: 9 -> 3 (-6)
[23:25:23]   Actions(game): 116 -> 119 (+3)
[23:25:23]   VP: 74 -> 77 (+3)
[23:25:24] Geekdumb:
[23:25:24]   Actions(game): 156 -> 161 (+5)
[23:25:44] --- GLOBALS: GEN 10 -> 11 | Phase: action -> drafting ---
[23:25:44] Plazma:
[23:25:44]   TR: 33 -> 35 (+2)
[23:25:44]   MC: 6 -> 56 (+50)
[23:25:44]   Steel: 0 -> 5 (+5)
[23:25:44]   Ti: 0 -> 5 (+5)
[23:25:44]   Plants: 3 -> 10 (+7)
[23:25:44]   Energy: 3 -> 6 (+3)
[23:25:44]   Heat: 3 -> 10 (+7)
[23:25:44]   Cards: 14 -> 13 (-1)
[23:25:44]   Tableau: 31 -> 32 (+1)
[23:25:44]   Actions(game): 119 -> 122 (+3)
[23:25:44]   NEW CARDS PLAYED: Bribed Committee
[23:25:44]   CARDS GONE from hand: Bribed Committee
[23:25:44]   DRAFT OPTIONS: Floater Technology, Fueled Generators, Herbivores, Micro-Mills
[23:25:45] Geekdumb:
[23:25:45]   MC: 5 -> 55 (+50)
[23:25:45]   Steel: 26 -> 27 (+1)
[23:25:45]   Ti: 4 -> 7 (+3)
[23:25:45]   Plants: 5 -> 15 (+10)
[23:25:45]   Plant prod: 5 -> 8 (+3)
[23:25:45]   Energy: 3 -> 5 (+2)
[23:25:45]   Heat: 3 -> 12 (+9)
[23:25:45]   Cards: 5 -> 4 (-1)
[23:25:45]   Tableau: 36 -> 37 (+1)
[23:25:45]   Actions(game): 161 -> 164 (+3)
[23:25:45]   VP: 89 -> 91 (+2)
[23:25:45]   NEW CARDS PLAYED: Trees
[23:25:45]   CARDS GONE from hand: Trees
[23:25:45]   DRAFT OPTIONS: Bactoviral Research, Ecology Research, Sponsors, Vermin
[23:26:06] --- GLOBALS: Phase: drafting -> research ---
[23:26:06] Plazma:
[23:26:06]   DRAFT OPTIONS: Ecology Research, Floater Technology, Fueled Generators, Sponsors
[23:26:07] Geekdumb:
[23:26:07]   DRAFT OPTIONS: Bactoviral Research, Herbivores, Micro-Mills, Vermin
[23:26:28] --- GLOBALS: Phase: research -> action ---
[23:26:28] Plazma:
[23:26:28]   MC: 56 -> 44 (-12)
[23:26:28]   Cards: 13 -> 17 (+4)
[23:26:28]   CARDS ADDED to hand: Ecology Research, Floater Technology, Fueled Generators, Sponsors
[23:26:28]   DRAFT DONE
[23:26:29] Geekdumb:
[23:26:29]   MC: 55 -> 43 (-12)
[23:26:29]   Cards: 4 -> 8 (+4)
[23:26:29]   Actions(game): 164 -> 165 (+1)
[23:26:29]   CARDS ADDED to hand: Bactoviral Research, Herbivores, Micro-Mills, Vermin
[23:26:29]   DRAFT DONE
[23:26:50] Plazma:
[23:26:50]   MC: 44 -> 48 (+4)
[23:26:50]   Actions(game): 122 -> 123 (+1)
[23:26:50] Geekdumb:
[23:26:50]   MC: 43 -> 55 (+12)
[23:26:50]   Plants: 15 -> 8 (-7)
[23:26:50]   Energy: 5 -> 3 (-2)
[23:26:50]   Actions(game): 165 -> 167 (+2)
[23:26:50]   VP: 91 -> 92 (+1)
[23:27:11] Plazma:
[23:27:11]   MC: 48 -> 34 (-14)
[23:27:11]   Steel: 5 -> 17 (+12)
[23:27:11]   Energy: 6 -> 3 (-3)
[23:27:11]   Cards: 17 -> 18 (+1)
[23:27:11]   Tableau: 32 -> 33 (+1)
[23:27:11]   Actions(game): 123 -> 125 (+2)
[23:27:11]   VP: 77 -> 79 (+2)
[23:27:11]   NEW CARDS PLAYED: Red Spot Observatory
[23:27:11]   CARDS GONE from hand: Red Spot Observatory
[23:27:11]   CARDS ADDED to hand: Jovian Lanterns, Tectonic Stress Power
[23:27:12] Geekdumb:
[23:27:12]   Steel: 27 -> 29 (+2)
[23:27:12]   Actions(game): 167 -> 168 (+1)
[23:27:33] Plazma:
[23:27:33]   Plant prod: 7 -> 6 (-1)
[23:27:33]   Actions(game): 125 -> 126 (+1)
[23:27:34] Geekdumb:
[23:27:34]   MC: 55 -> 47 (-8)
[23:27:34]   Ti: 7 -> 8 (+1)
[23:27:34]   Plants: 8 -> 1 (-7)
[23:27:34]   Cards: 8 -> 7 (-1)
[23:27:34]   Tableau: 37 -> 38 (+1)
[23:27:34]   Actions(game): 168 -> 170 (+2)
[23:27:34]   VP: 92 -> 95 (+3)
[23:27:34]   NEW CARDS PLAYED: Herbivores
[23:27:34]   CARDS GONE from hand: Herbivores
[23:27:54] Plazma:
[23:27:54]   Actions(game): 126 -> 128 (+2)
[23:27:54]   VP: 79 -> 81 (+2)
[23:27:55] Geekdumb:
[23:27:55]   MC: 47 -> 45 (-2)
[23:27:55]   Cards: 7 -> 8 (+1)
[23:27:55]   Actions(game): 170 -> 172 (+2)
[23:27:55]   Actions(round): 0 -> 1 (+1)
[23:27:55]   CARDS ADDED to hand: Hi-Tech Lab
[23:28:16] Plazma:
[23:28:16]   MC: 34 -> 33 (-1)
[23:28:16]   Actions(game): 128 -> 130 (+2)
[23:28:16]   Actions(round): 0 -> 1 (+1)
[23:28:17] Geekdumb:
[23:28:17]   Steel: 29 -> 24 (-5)
[23:28:17]   Cards: 8 -> 7 (-1)
[23:28:17]   Tableau: 38 -> 39 (+1)
[23:28:17]   Actions(game): 172 -> 173 (+1)
[23:28:17]   Actions(round): 1 -> 0 (-1)
[23:28:17]   VP: 95 -> 96 (+1)
[23:28:17]   NEW CARDS PLAYED: Hi-Tech Lab
[23:28:17]   CARDS GONE from hand: Hi-Tech Lab, Micro-Mills
[23:28:17]   CARDS ADDED to hand: Space Station
[23:28:38] Plazma:
[23:28:38]   Actions(game): 130 -> 131 (+1)
[23:28:38]   Actions(round): 1 -> 0 (-1)
[23:28:39] Geekdumb:
[23:28:39]   Energy: 3 -> 0 (-3)
[23:28:39]   Cards: 7 -> 8 (+1)
[23:28:39]   Actions(game): 173 -> 175 (+2)
[23:28:39]   Actions(round): 0 -> 1 (+1)
[23:28:39]   CARDS ADDED to hand: Orbital Cleanup
[23:28:59] Plazma:
[23:28:59]   Cards: 18 -> 19 (+1)
[23:28:59]   Actions(game): 131 -> 134 (+3)
[23:28:59]   Actions(round): 0 -> 2 (+2)
[23:28:59]   CARDS ADDED to hand: Release of Inert Gases
[23:28:59]   DRAFT OPTIONS: Red Spot Observatory, Titan Shuttles
[23:29:00] Geekdumb:
[23:29:00]   Ti: 8 -> 6 (-2)
[23:29:00]   Cards: 8 -> 7 (-1)
[23:29:00]   Tableau: 39 -> 40 (+1)
[23:29:00]   Actions(game): 175 -> 176 (+1)
[23:29:00]   Actions(round): 1 -> 0 (-1)
[23:29:00]   VP: 96 -> 97 (+1)
[23:29:00]   NEW CARDS PLAYED: Space Station
[23:29:00]   CARDS GONE from hand: Space Station
[23:29:21] Plazma:
[23:29:21]   Actions(game): 134 -> 135 (+1)
[23:29:21]   Actions(round): 2 -> 0 (-2)
[23:29:21]   DRAFT DONE
[23:29:22] Geekdumb:
[23:29:22]   MC: 45 -> 42 (-3)
[23:29:22]   MC prod: 13 -> 16 (+3)
[23:29:22]   Ti: 6 -> 0 (-6)
[23:29:22]   Cards: 7 -> 5 (-2)
[23:29:22]   Tableau: 40 -> 42 (+2)
[23:29:22]   Actions(game): 176 -> 179 (+3)
[23:29:22]   VP: 97 -> 99 (+2)
[23:29:22]   NEW CARDS PLAYED: Lunar Exports, Orbital Cleanup
[23:29:22]   CARDS GONE from hand: Lunar Exports, Orbital Cleanup
[23:29:43] Plazma:
[23:29:43]   MC: 33 -> 16 (-17)
[23:29:43]   MC prod: 21 -> 23 (+2)
[23:29:43]   Cards: 19 -> 17 (-2)
[23:29:43]   Tableau: 33 -> 35 (+2)
[23:29:43]   Actions(game): 135 -> 137 (+2)
[23:29:43]   VP: 81 -> 82 (+1)
[23:29:43]   NEW CARDS PLAYED: Saturn Surfing, Sponsors
[23:29:43]   CARDS GONE from hand: Saturn Surfing, Sponsors
[23:29:43] Geekdumb:
[23:29:43]   Actions(game): 179 -> 181 (+2)
[23:29:43]   Actions(round): 0 -> 1 (+1)
[23:30:04] --- GLOBALS: Temp: -8 -> -6 ---
[23:30:04] Plazma:
[23:30:04]   TR: 35 -> 36 (+1)
[23:30:04]   MC: 16 -> 21 (+5)
[23:30:04]   Heat: 10 -> 2 (-8)
[23:30:04]   Actions(game): 137 -> 140 (+3)
[23:30:04]   VP: 82 -> 83 (+1)
[23:30:05] Geekdumb:
[23:30:05]   Actions(game): 181 -> 183 (+2)
[23:30:05]   Actions(round): 1 -> 0 (-1)
[23:30:26] Plazma:
[23:30:26]   Actions(game): 140 -> 141 (+1)
[23:30:27] Geekdumb:
[23:30:27]   Actions(game): 183 -> 185 (+2)
[23:30:27]   VP: 99 -> 101 (+2)
[23:30:47] Plazma:
[23:30:47]   MC: 21 -> 3 (-18)
[23:30:47]   Plant prod: 6 -> 9 (+3)
[23:30:47]   Cards: 17 -> 16 (-1)
[23:30:47]   Tableau: 35 -> 36 (+1)
[23:30:47]   Actions(game): 141 -> 142 (+1)
[23:30:47]   Actions(round): 0 -> 1 (+1)
[23:30:47]   VP: 83 -> 85 (+2)
[23:30:47]   NEW CARDS PLAYED: Ecology Research
[23:30:47]   CARDS GONE from hand: Ecology Research
[23:30:48] Geekdumb:
[23:30:48]   MC: 42 -> 44 (+2)
[23:31:09] Plazma:
[23:31:09]   MC: 3 -> 5 (+2)
[23:31:09]   Plants: 10 -> 4 (-6)
[23:31:09]   Actions(game): 142 -> 143 (+1)
[23:31:09]   Actions(round): 1 -> 0 (-1)
[23:31:09]   VP: 85 -> 87 (+2)
[23:31:10] Geekdumb:
[23:31:10]   Actions(game): 185 -> 186 (+1)
[23:31:30] Plazma:
[23:31:30]   Actions(game): 143 -> 144 (+1)
[23:31:31] Geekdumb:
[23:31:31]   MC: 44 -> 21 (-23)
[23:31:31]   MC prod: 16 -> 18 (+2)
[23:31:31]   Plants: 1 -> 3 (+2)
[23:31:31]   Actions(game): 186 -> 188 (+2)
[23:31:31]   Cities: 1 -> 2 (+1)
[23:31:31]   VP: 101 -> 102 (+1)
[23:31:52] Plazma:
[23:31:52]   MC prod: 23 -> 27 (+4)
[23:31:52]   Steel: 17 -> 12 (-5)
[23:31:52]   Plants: 4 -> 5 (+1)
[23:31:52]   Energy prod: 6 -> 5 (-1)
[23:31:52]   Cards: 16 -> 15 (-1)
[23:31:52]   Tableau: 36 -> 37 (+1)
[23:31:52]   Actions(game): 144 -> 145 (+1)
[23:31:52]   Actions(round): 0 -> 1 (+1)
[23:31:52]   VP: 87 -> 88 (+1)
[23:31:52]   NEW CARDS PLAYED: Commercial District
[23:31:52]   CARDS GONE from hand: Commercial District
[23:32:14] Geekdumb:
[23:32:14]   Actions(game): 188 -> 189 (+1)
[23:32:35] --- GLOBALS: Temp: -6 -> 0 | Oceans: 4 -> 5 ---
[23:32:35] Plazma:
[23:32:35]   Steel: 12 -> 5 (-7)
[23:32:35]   Energy prod: 5 -> 9 (+4)
[23:32:35]   Cards: 15 -> 14 (-1)
[23:32:35]   Tableau: 37 -> 38 (+1)
[23:32:35]   Actions(game): 145 -> 147 (+2)
[23:32:35]   Actions(round): 1 -> 0 (-1)
[23:32:35]   VP: 88 -> 90 (+2)
[23:32:35]   NEW CARDS PLAYED: Tectonic Stress Power
[23:32:35]   CARDS GONE from hand: Tectonic Stress Power
[23:32:36] Geekdumb:
[23:32:36]   TR: 40 -> 44 (+4)
[23:32:36]   MC: 21 -> 5 (-16)
[23:32:36]   Plants: 3 -> 5 (+2)
[23:32:36]   Heat: 12 -> 4 (-8)
[23:32:36]   Tableau: 42 -> 43 (+1)
[23:32:36]   Actions(game): 189 -> 191 (+2)
[23:32:36]   VP: 102 -> 107 (+5)
[23:32:36]   NEW CARDS PLAYED: Atmoscoop
[23:32:36]   CARDS GONE from hand: Atmoscoop
[23:32:36]   CARDS ADDED to hand: Comet Aiming
[23:33:18] Plazma:
[23:33:18]   MC: 5 -> 3 (-2)
[23:33:18]   MC prod: 27 -> 29 (+2)
[23:33:18]   Energy prod: 9 -> 8 (-1)
[23:33:18]   Cards: 14 -> 13 (-1)
[23:33:18]   Tableau: 38 -> 39 (+1)
[23:33:18]   Actions(game): 147 -> 149 (+2)
[23:33:18]   VP: 90 -> 89 (-1)
[23:33:18]   NEW CARDS PLAYED: Hackers
[23:33:18]   CARDS GONE from hand: Hackers
[23:33:19] Geekdumb:
[23:33:19]   MC prod: 18 -> 16 (-2)
[23:33:19]   Actions(game): 191 -> 192 (+1)
[23:33:41] Geekdumb:
[23:33:41]   MC: 5 -> 14 (+9)
[23:33:41]   Plants: 5 -> 7 (+2)
[23:33:41]   Cards: 5 -> 4 (-1)
[23:33:41]   Tableau: 43 -> 44 (+1)
[23:33:41]   Actions(game): 192 -> 195 (+3)
[23:33:41]   Actions(round): 0 -> 3 (+3)
[23:33:41]   VP: 107 -> 108 (+1)
[23:33:41]   NEW CARDS PLAYED: Vermin
[23:33:41]   CARDS GONE from hand: Vermin
[23:34:01] --- GLOBALS: GEN 11 -> 12 | Phase: action -> drafting ---
[23:34:01] Plazma:
[23:34:01]   MC: 3 -> 68 (+65)
[23:34:01]   Steel: 5 -> 10 (+5)
[23:34:01]   Ti: 5 -> 10 (+5)
[23:34:01]   Plants: 5 -> 14 (+9)
[23:34:01]   Energy: 3 -> 8 (+5)
[23:34:01]   Heat: 2 -> 9 (+7)
[23:34:01]   DRAFT OPTIONS: Mine, Weather Balloons
[23:34:01]   DRAFTED: Giant Solar Shade, Imported Hydrogen
[23:34:02] Geekdumb:
[23:34:02]   MC: 14 -> 74 (+60)
[23:34:02]   Steel: 24 -> 25 (+1)
[23:34:02]   Ti: 0 -> 3 (+3)
[23:34:02]   Plants: 7 -> 15 (+8)
[23:34:02]   Energy: 0 -> 5 (+5)
[23:34:02]   Heat: 4 -> 10 (+6)
[23:34:02]   Actions(game): 195 -> 196 (+1)
[23:34:02]   Actions(round): 3 -> 0 (-3)
[23:34:02]   DRAFTED: Freyja Biodomes, Sky Docks, Water to Venus
[23:34:23] --- GLOBALS: Phase: drafting -> action ---
[23:34:23] Plazma:
[23:34:23]   MC: 68 -> 76 (+8)
[23:34:23]   Energy: 8 -> 5 (-3)
[23:34:23]   Cards: 13 -> 16 (+3)
[23:34:23]   Actions(game): 149 -> 151 (+2)
[23:34:23]   Actions(round): 0 -> 1 (+1)
[23:34:23]   CARDS ADDED to hand: Giant Solar Shade, Imported Hydrogen, Weather Balloons
[23:34:23]   DRAFT DONE
[23:34:24] Geekdumb:
[23:34:24]   MC: 74 -> 64 (-10)
[23:34:24]   Cards: 4 -> 8 (+4)
[23:34:24]   CARDS ADDED to hand: Freyja Biodomes, Mine, Sky Docks, Water to Venus
[23:34:45] --- GLOBALS: Oceans: 5 -> 6 ---
[23:34:45] Plazma:
[23:34:45]   TR: 36 -> 37 (+1)
[23:34:45]   MC: 76 -> 74 (-2)
[23:34:45]   Ti: 10 -> 6 (-4)
[23:34:45]   Energy prod: 8 -> 9 (+1)
[23:34:45]   Cards: 16 -> 15 (-1)
[23:34:45]   Tableau: 39 -> 40 (+1)
[23:34:45]   Actions(game): 151 -> 152 (+1)
[23:34:45]   Actions(round): 1 -> 2 (+1)
[23:34:45]   VP: 89 -> 91 (+2)
[23:34:45]   NEW CARDS PLAYED: Imported Hydrogen
[23:34:45]   CARDS GONE from hand: Imported Hydrogen
[23:34:45] Geekdumb:
[23:34:45]   Plants: 15 -> 17 (+2)
[23:35:06] Plazma:
[23:35:06]   Actions(round): 2 -> 0 (-2)
[23:35:06]   VP: 91 -> 93 (+2)
[23:35:07] Geekdumb:
[23:35:07]   Actions(game): 196 -> 197 (+1)
[23:35:28] Plazma:
[23:35:28]   MC: 74 -> 81 (+7)
[23:35:28]   MC prod: 29 -> 37 (+8)
[23:35:28]   Steel: 10 -> 6 (-4)
[23:35:28]   Plants: 14 -> 9 (-5)
[23:35:28]   Energy prod: 9 -> 7 (-2)
[23:35:28]   Cards: 15 -> 14 (-1)
[23:35:28]   Tableau: 40 -> 41 (+1)
[23:35:28]   Actions(game): 152 -> 155 (+3)
[23:35:28]   Cities: 3 -> 4 (+1)
[23:35:28]   VP: 93 -> 96 (+3)
[23:35:28]   NEW CARDS PLAYED: Gyropolis
[23:35:28]   CARDS GONE from hand: Gyropolis
[23:35:29] Geekdumb:
[23:35:29]   MC: 64 -> 66 (+2)
[23:35:29]   MC prod: 16 -> 17 (+1)
[23:35:29]   Plants: 17 -> 5 (-12)
[23:35:29]   Actions(game): 197 -> 200 (+3)
[23:35:29]   VP: 108 -> 113 (+5)
[23:35:50] Geekdumb:
[23:35:50]   MC: 66 -> 64 (-2)
[23:35:50]   Cards: 8 -> 9 (+1)
[23:35:50]   Actions(game): 200 -> 201 (+1)
[23:35:50]   Actions(round): 0 -> 1 (+1)
[23:35:50]   CARDS ADDED to hand: Energy Market
[23:36:11] Plazma:
[23:36:11]   MC: 81 -> 85 (+4)
[23:36:11]   Plants: 9 -> 2 (-7)
[23:36:11]   Actions(game): 155 -> 157 (+2)
[23:36:11]   Actions(round): 0 -> 1 (+1)
[23:36:11]   VP: 96 -> 99 (+3)
[23:36:12] Geekdumb:
[23:36:12]   MC: 64 -> 61 (-3)
[23:36:12]   Ti: 3 -> 0 (-3)
[23:36:12]   Cards: 9 -> 8 (-1)
[23:36:12]   Tableau: 44 -> 45 (+1)
[23:36:12]   Actions(game): 201 -> 202 (+1)
[23:36:12]   Actions(round): 1 -> 0 (-1)
[23:36:12]   VP: 113 -> 115 (+2)
[23:36:12]   NEW CARDS PLAYED: Sky Docks
[23:36:12]   CARDS GONE from hand: Sky Docks
[23:36:32] --- GLOBALS: Oceans: 6 -> 8 ---
[23:36:32] Plazma:
[23:36:32]   TR: 37 -> 39 (+2)
[23:36:32]   MC: 85 -> 68 (-17)
[23:36:32]   Steel: 6 -> 4 (-2)
[23:36:32]   Energy prod: 7 -> 9 (+2)
[23:36:32]   Cards: 14 -> 13 (-1)
[23:36:32]   Tableau: 41 -> 42 (+1)
[23:36:32]   Actions(game): 157 -> 158 (+1)
[23:36:32]   Actions(round): 1 -> 0 (-1)
[23:36:32]   VP: 99 -> 105 (+6)
[23:36:32]   NEW CARDS PLAYED: Lake Marineris
[23:36:32]   CARDS GONE from hand: Lake Marineris
[23:36:33] Geekdumb:
[23:36:33]   Plants: 5 -> 9 (+4)
[23:36:33]   Actions(game): 202 -> 203 (+1)
[23:36:54] Plazma:
[23:36:54]   Actions(game): 158 -> 159 (+1)
[23:36:55] Geekdumb:
[23:36:55]   Plants: 9 -> 2 (-7)
[23:36:55]   Energy: 5 -> 16 (+11)
[23:36:55]   Actions(game): 203 -> 205 (+2)
[23:36:55]   VP: 115 -> 117 (+2)
[23:37:15] Plazma:
[23:37:15]   MC: 68 -> 70 (+2)
[23:37:15]   MC prod: 37 -> 39 (+2)
[23:37:15]   Steel: 4 -> 1 (-3)
[23:37:15]   Energy prod: 9 -> 8 (-1)
[23:37:15]   Cards: 13 -> 12 (-1)
[23:37:15]   Tableau: 42 -> 43 (+1)
[23:37:15]   Actions(game): 159 -> 160 (+1)
[23:37:15]   Actions(round): 0 -> 1 (+1)
[23:37:15]   Cities: 4 -> 5 (+1)
[23:37:15]   VP: 105 -> 108 (+3)
[23:37:15]   NEW CARDS PLAYED: Urbanized Area
[23:37:15]   CARDS GONE from hand: Urbanized Area
[23:37:16] Geekdumb:
[23:37:16]   MC prod: 17 -> 18 (+1)
[23:37:37] --- GLOBALS: Temp: 0 -> 2 ---
[23:37:37] Plazma:
[23:37:37]   MC: 70 -> 75 (+5)
[23:37:37]   Actions(game): 160 -> 162 (+2)
[23:37:37]   Actions(round): 1 -> 0 (-1)
[23:37:38] Geekdumb:
[23:37:38]   TR: 44 -> 45 (+1)
[23:37:38]   Heat: 10 -> 2 (-8)
[23:37:38]   Actions(game): 205 -> 208 (+3)
[23:37:38]   VP: 117 -> 118 (+1)
[23:37:59] Plazma:
[23:37:59]   Actions(game): 162 -> 163 (+1)
[23:37:59]   Actions(round): 0 -> 1 (+1)
[23:38:20] Plazma:
[23:38:20]   Cards: 12 -> 13 (+1)
[23:38:20]   Actions(game): 163 -> 164 (+1)
[23:38:20]   Actions(round): 1 -> 0 (-1)
[23:38:20]   CARDS ADDED to hand: Adapted Lichen
[23:38:21] Geekdumb:
[23:38:21]   Actions(game): 208 -> 209 (+1)
[23:38:42] Geekdumb:
[23:38:42]   Energy: 16 -> 8 (-8)
[23:38:42]   Actions(game): 209 -> 210 (+1)
[23:38:42]   Actions(round): 0 -> 1 (+1)
[23:38:42]   DRAFT OPTIONS: 16 Psyche, Industrial Microbes, Interstellar Colony Ship, Pets, Physics Complex, Shuttles, Sulphur-Eating Bacteria, Venusian Insects
[23:39:25] Plazma:
[23:39:25]   Ti: 6 -> 8 (+2)
[23:39:25]   Actions(game): 164 -> 167 (+3)
[23:39:25]   VP: 108 -> 109 (+1)
[23:39:26] Geekdumb:
[23:39:26]   Cards: 8 -> 9 (+1)
[23:39:26]   Actions(game): 210 -> 212 (+2)
[23:39:26]   Actions(round): 1 -> 0 (-1)
[23:39:26]   CARDS ADDED to hand: Interstellar Colony Ship
[23:39:26]   DRAFT DONE
[23:39:46] Plazma:
[23:39:46]   Actions(game): 167 -> 169 (+2)
[23:39:46]   Actions(round): 0 -> 1 (+1)
[23:39:46]   VP: 109 -> 110 (+1)
[23:39:47] Geekdumb:
[23:39:47]   Actions(game): 212 -> 214 (+2)
[23:40:08] --- GLOBALS: Venus: 2 -> 8 ---
[23:40:08] Plazma:
[23:40:08]   TR: 39 -> 42 (+3)
[23:40:08]   Ti: 8 -> 1 (-7)
[23:40:08]   Tableau: 43 -> 44 (+1)
[23:40:08]   Actions(game): 169 -> 170 (+1)
[23:40:08]   Actions(round): 1 -> 0 (-1)
[23:40:08]   VP: 110 -> 113 (+3)
[23:40:08]   NEW CARDS PLAYED: Giant Solar Shade
[23:40:08]   CARDS GONE from hand: Giant Solar Shade
[23:40:08]   CARDS ADDED to hand: Extremophiles
[23:40:09] Geekdumb:
[23:40:09]   Actions(game): 214 -> 217 (+3)
[23:40:09]   VP: 118 -> 119 (+1)
[23:40:30] --- GLOBALS: Temp: 2 -> 4 ---
[23:40:30] Plazma:
[23:40:30]   TR: 42 -> 43 (+1)
[23:40:30]   MC: 75 -> 77 (+2)
[23:40:30]   Heat: 9 -> 1 (-8)
[23:40:30]   Cards: 13 -> 12 (-1)
[23:40:30]   Tableau: 44 -> 45 (+1)
[23:40:30]   Actions(game): 170 -> 173 (+3)
[23:40:30]   VP: 113 -> 119 (+6)
[23:40:30]   NEW CARDS PLAYED: Extremophiles
[23:40:30]   CARDS GONE from hand: Extremophiles
[23:40:31] Geekdumb:
[23:40:31]   MC: 61 -> 63 (+2)
[23:40:31]   Actions(game): 217 -> 218 (+1)
[23:41:13] Plazma:
[23:41:13]   Actions(game): 173 -> 175 (+2)
[23:41:13]   Actions(round): 0 -> 1 (+1)
[23:41:13]   VP: 119 -> 114 (-5)
[23:41:14] Geekdumb:
[23:41:14]   MC prod: 18 -> 20 (+2)
[23:41:14]   Plants: 2 -> 3 (+1)
[23:41:14]   Energy prod: 5 -> 4 (-1)
[23:41:14]   Cards: 9 -> 7 (-2)
[23:41:14]   Tableau: 45 -> 47 (+2)
[23:41:14]   Actions(game): 218 -> 220 (+2)
[23:41:14]   VP: 119 -> 125 (+6)
[23:41:14]   NEW CARDS PLAYED: Freyja Biodomes, Stratospheric Birds
[23:41:14]   CARDS GONE from hand: Freyja Biodomes, Stratospheric Birds
[23:41:35] --- GLOBALS: Temp: 4 -> 8 ---
[23:41:35] Plazma:
[23:41:35]   MC: 77 -> 67 (-10)
[23:41:35]   Tableau: 45 -> 46 (+1)
[23:41:35]   Actions(game): 175 -> 177 (+2)
[23:41:35]   Actions(round): 1 -> 0 (-1)
[23:41:35]   NEW CARDS PLAYED: Weather Balloons
[23:41:35]   CARDS GONE from hand: Weather Balloons
[23:41:35]   CARDS ADDED to hand: Outdoor Sports
[23:41:35] Geekdumb:
[23:41:35]   TR: 45 -> 47 (+2)
[23:41:35]   MC: 63 -> 35 (-28)
[23:41:35]   Actions(game): 220 -> 223 (+3)
[23:41:35]   VP: 125 -> 127 (+2)
[23:41:56] Plazma:
[23:41:56]   MC: 67 -> 41 (-26)
[23:41:56]   Cards: 12 -> 11 (-1)
[23:41:56]   Tableau: 46 -> 47 (+1)
[23:41:56]   Actions(game): 177 -> 179 (+2)
[23:41:56]   VP: 114 -> 119 (+5)
[23:41:56]   NEW CARDS PLAYED: Floater Technology
[23:41:56]   CARDS GONE from hand: Floater Technology
[23:41:57] Geekdumb:
[23:41:57]   MC: 35 -> 17 (-18)
[23:41:57]   Actions(game): 223 -> 225 (+2)
[23:41:57]   Actions(round): 0 -> 1 (+1)
[23:42:18] --- GLOBALS: Oceans: 8 -> 9 ---
[23:42:18] Plazma:
[23:42:18]   MC: 41 -> 39 (-2)
[23:42:18]   Steel: 1 -> 0 (-1)
[23:42:18]   Energy prod: 8 -> 9 (+1)
[23:42:18]   Actions(game): 179 -> 181 (+2)
[23:42:18]   Actions(round): 0 -> 1 (+1)
[23:42:18]   VP: 119 -> 120 (+1)
[23:42:18]   DRAFT OPTIONS: Aerial Mappers, Red Spot Observatory, Saturn Surfing, Titan Shuttles, Weather Balloons
[23:42:19] Geekdumb:
[23:42:19]   TR: 47 -> 48 (+1)
[23:42:19]   Plants: 3 -> 6 (+3)
[23:42:19]   Actions(game): 225 -> 226 (+1)
[23:42:19]   Actions(round): 1 -> 0 (-1)
[23:42:19]   VP: 127 -> 129 (+2)
[23:42:39] Plazma:
[23:42:39]   MC: 39 -> 42 (+3)
[23:42:39]   Cards: 11 -> 10 (-1)
[23:42:39]   Tableau: 47 -> 48 (+1)
[23:42:39]   Actions(game): 181 -> 182 (+1)
[23:42:39]   Actions(round): 1 -> 0 (-1)
[23:42:39]   VP: 120 -> 121 (+1)
[23:42:39]   NEW CARDS PLAYED: Public Baths
[23:42:39]   CARDS GONE from hand: Public Baths
[23:42:39]   DRAFT DONE
[23:42:40] Geekdumb:
[23:42:40]   MC: 17 -> 16 (-1)
[23:42:40]   Plants: 6 -> 7 (+1)
[23:42:40]   Tableau: 47 -> 48 (+1)
[23:42:40]   Actions(game): 226 -> 228 (+2)
[23:42:40]   Actions(round): 0 -> 1 (+1)
[23:42:40]   VP: 129 -> 133 (+4)
[23:42:40]   NEW CARDS PLAYED: Bactoviral Research
[23:42:40]   CARDS GONE from hand: Bactoviral Research, Comet Aiming
[23:42:40]   CARDS ADDED to hand: Callisto Penal Mines, Luna Governor
[23:43:01] Plazma:
[23:43:01]   MC: 42 -> 48 (+6)
[23:43:01]   Actions(game): 182 -> 184 (+2)
[23:43:01]   Actions(round): 0 -> 1 (+1)
[23:43:02] Geekdumb:
[23:43:02]   MC: 16 -> 26 (+10)
[23:43:02]   Actions(game): 228 -> 229 (+1)
[23:43:02]   Actions(round): 1 -> 0 (-1)
[23:43:23] Plazma:
[23:43:23]   MC: 48 -> 49 (+1)
[23:43:23]   Cards: 10 -> 9 (-1)
[23:43:23]   Actions(game): 184 -> 185 (+1)
[23:43:23]   Actions(round): 1 -> 0 (-1)
[23:43:23]   CARDS GONE from hand: Fueled Generators
[23:43:23] Geekdumb:
[23:43:23]   Actions(game): 229 -> 230 (+1)
[23:43:45] Geekdumb:
[23:43:45]   Plants: 7 -> 10 (+3)
[23:43:45]   Energy: 8 -> 6 (-2)
[23:43:45]   Actions(game): 230 -> 231 (+1)
[23:43:45]   Actions(round): 0 -> 1 (+1)
[23:44:27] Plazma:
[23:44:27]   MC: 49 -> 41 (-8)
[23:44:27]   Ti: 1 -> 9 (+8)
[23:44:27]   Cards: 9 -> 8 (-1)
[23:44:27]   Tableau: 48 -> 49 (+1)
[23:44:27]   Actions(game): 185 -> 188 (+3)
[23:44:27]   VP: 121 -> 123 (+2)
[23:44:27]   NEW CARDS PLAYED: Breathing Filters
[23:44:27]   CARDS GONE from hand: Breathing Filters
[23:44:28] Geekdumb:
[23:44:28]   Plants: 10 -> 2 (-8)
[23:44:28]   Actions(game): 231 -> 233 (+2)
[23:44:28]   Actions(round): 1 -> 0 (-1)
[23:44:28]   VP: 133 -> 134 (+1)
[23:44:49] Plazma:
[23:44:49]   MC: 41 -> 42 (+1)
[23:44:49]   Cards: 8 -> 7 (-1)
[23:44:49]   Actions(game): 188 -> 190 (+2)
[23:44:49]   Actions(round): 0 -> 1 (+1)
[23:44:49]   CARDS GONE from hand: Special Design
[23:44:50] Geekdumb:
[23:44:50]   MC: 26 -> 9 (-17)
[23:44:50]   Cards: 7 -> 5 (-2)
[23:44:50]   Tableau: 48 -> 50 (+2)
[23:44:50]   Actions(game): 233 -> 235 (+2)
[23:44:50]   VP: 134 -> 138 (+4)
[23:44:50]   NEW CARDS PLAYED: Energy Market, Interstellar Colony Ship
[23:44:50]   CARDS GONE from hand: Energy Market, Interstellar Colony Ship
[23:45:10] Plazma:
[23:45:10]   MC: 42 -> 20 (-22)
[23:45:10]   MC prod: 39 -> 40 (+1)
[23:45:10]   Plants: 2 -> 3 (+1)
[23:45:10]   Cards: 7 -> 6 (-1)
[23:45:10]   Actions(game): 190 -> 193 (+3)
[23:45:10]   Cities: 5 -> 6 (+1)
[23:45:10]   VP: 123 -> 126 (+3)
[23:45:10]   CARDS GONE from hand: Peroxide Power
[23:45:11] Geekdumb:
[23:45:11]   TR: 48 -> 52 (+4)
[23:45:11]   MC: 9 -> 0 (-9)
[23:45:11]   MC prod: 20 -> 21 (+1)
[23:45:11]   Energy prod: 4 -> 3 (-1)
[23:45:11]   Cards: 5 -> 4 (-1)
[23:45:11]   Tableau: 50 -> 51 (+1)
[23:45:11]   Actions(game): 235 -> 238 (+3)
[23:45:11]   VP: 138 -> 142 (+4)
[23:45:11]   NEW CARDS PLAYED: Magnetic Shield
[23:45:11]   CARDS GONE from hand: Magnetic Shield
[23:45:32] Plazma:
[23:45:32]   MC: 20 -> 12 (-8)
[23:45:32]   Plant prod: 9 -> 10 (+1)
[23:45:32]   Cards: 6 -> 5 (-1)
[23:45:32]   Tableau: 49 -> 50 (+1)
[23:45:32]   Actions(game): 193 -> 194 (+1)
[23:45:32]   Actions(round): 1 -> 0 (-1)
[23:45:32]   NEW CARDS PLAYED: Adapted Lichen
[23:45:32]   CARDS GONE from hand: Adapted Lichen
[23:45:33] Geekdumb:
[23:45:33]   MC: 0 -> 3 (+3)
[23:45:33]   Cards: 4 -> 1 (-3)
[23:45:33]   Actions(game): 238 -> 240 (+2)
[23:45:33]   Actions(round): 0 -> 1 (+1)
[23:45:33]   CARDS GONE from hand: Callisto Penal Mines, Luna Governor, Mine
[23:45:53] --- GLOBALS: Venus: 8 -> 10 ---
[23:45:53] Plazma:
[23:45:53]   MC: 12 -> 8 (-4)
[23:45:53]   Plant prod: 10 -> 15 (+5)
[23:45:53]   Cards: 5 -> 4 (-1)
[23:45:53]   Tableau: 50 -> 51 (+1)
[23:45:53]   Actions(game): 194 -> 196 (+2)
[23:45:53]   Actions(round): 0 -> 1 (+1)
[23:45:53]   NEW CARDS PLAYED: Insects
[23:45:53]   CARDS GONE from hand: Insects
[23:45:54] Geekdumb:
[23:45:54]   TR: 52 -> 53 (+1)
[23:45:54]   Cards: 1 -> 0 (-1)
[23:45:54]   Tableau: 51 -> 52 (+1)
[23:45:54]   Actions(game): 240 -> 241 (+1)
[23:45:54]   Actions(round): 1 -> 0 (-1)
[23:45:54]   VP: 142 -> 143 (+1)
[23:45:54]   NEW CARDS PLAYED: Water to Venus
[23:46:15] --- GLOBALS: Phase: action -> production ---
[23:46:15] Plazma:
[23:46:15]   MC: 8 -> 87 (+79)
[23:46:15]   MC prod: 40 -> 42 (+2)
[23:46:15]   Steel: 0 -> 5 (+5)
[23:46:15]   Ti: 9 -> 14 (+5)
[23:46:15]   Plants: 3 -> 20 (+17)
[23:46:15]   Plant prod: 15 -> 17 (+2)
[23:46:15]   Energy: 5 -> 9 (+4)
[23:46:15]   Heat: 1 -> 10 (+9)
[23:46:15]   Cards: 4 -> 0 (-4)
[23:46:15]   Tableau: 51 -> 53 (+2)
[23:46:15]   Actions(game): 196 -> 201 (+5)
[23:46:15]   Actions(round): 1 -> 0 (-1)
[23:46:15]   VP: 126 -> 127 (+1)
[23:46:15]   NEW CARDS PLAYED: Outdoor Sports, Worms
[23:46:16] Geekdumb:
[23:46:16]   MC: 3 -> 79 (+76)
[23:46:16]   Steel: 25 -> 26 (+1)
[23:46:16]   Ti: 0 -> 3 (+3)
[23:46:16]   Plants: 2 -> 10 (+8)
[23:46:16]   Energy: 6 -> 3 (-3)
[23:46:16]   Heat: 2 -> 14 (+12)
[23:46:16]   Actions(game): 241 -> 243 (+2)
[23:46:36] --- GLOBALS: Phase: production -> end ---
[23:46:36] Plazma:
[23:46:36]   MC: 87 -> 95 (+8)
[23:46:36]   Plants: 20 -> 2 (-18)
[23:46:36]   VP: 127 -> 132 (+5)
[23:46:37] Geekdumb:
[23:46:37]   MC: 79 -> 81 (+2)
[23:46:37]   Steel: 26 -> 27 (+1)
[23:46:37]   Plants: 10 -> 2 (-8)
[23:46:37]   VP: 143 -> 145 (+2)
[23:46:37] === GAME OVER ===
[23:46:37] Plazma: 132 VP (TR:43)
[23:46:37] Geekdumb: 145 VP (TR:53)
