[21:50:34] Game ge2b194ff1011 on vastitas borealis novus
[21:50:34] Players: Geekdumb(blue), Gydro(red), Pokemar(purple)
[21:50:34] Spectator: sc329d585a533
[21:50:34] ============================================================
[21:50:35] Gen 1 | Phase: initial_drafting | Temp:-30 O2:0 Oceans:0 Venus:0
[21:50:35] Geekdumb (blue) — TR:20 VP:20 Tableau:0 Hand:0
[21:50:35]   MC:0(0) St:0(0) Ti:0(0) Pl:0(0) En:0(0) Ht:0(0)
[21:50:36] Gydro (red) — TR:20 VP:20 Tableau:0 Hand:0
[21:50:36]   MC:0(0) St:0(0) Ti:0(0) Pl:0(0) En:0(0) Ht:0(0)
[21:50:37] Pokemar (purple) — TR:20 VP:20 Tableau:0 Hand:0
[21:50:37]   MC:0(0) St:0(0) Ti:0(0) Pl:0(0) En:0(0) Ht:0(0)
[21:54:42] --- GLOBALS: Phase: initial_drafting -> research ---
[21:55:27] Geekdumb:
[21:55:27]   Cards: 0 -> 6 (+6)
[21:55:28] Pokemar:
[21:55:28]   Cards: 0 -> 7 (+7)
[21:56:11] --- GLOBALS: Phase: research -> preludes ---
[21:56:11] Geekdumb:
[21:56:11]   MC: 0 -> 28 (+28)
[21:56:11]   Cards: 6 -> 7 (+1)
[21:56:11]   Tableau: 0 -> 1 (+1)
[21:56:11]   Actions(game): 0 -> 1 (+1)
[21:56:11]   CARDS ADDED to hand: Regolith Eaters
[21:56:12] Gydro:
[21:56:12]   MC: 0 -> 35 (+35)
[21:56:12]   Cards: 0 -> 4 (+4)
[21:56:12]   Tableau: 0 -> 1 (+1)
[21:56:13] Pokemar:
[21:56:13]   MC: 0 -> 21 (+21)
[21:56:13]   Energy prod: 0 -> 1 (+1)
[21:56:13]   Tableau: 0 -> 1 (+1)
[21:56:33] Geekdumb:
[21:56:33]   Tableau: 1 -> 2 (+1)
[21:56:33]   NEW CARDS PLAYED: Merger
[21:56:56] Geekdumb:
[21:56:56]   MC: 28 -> 27 (-1)
[21:56:56]   MC prod: 0 -> 6 (+6)
[21:56:56]   Tableau: 2 -> 4 (+2)
[21:56:56]   Actions(game): 1 -> 3 (+2)
[21:56:56]   Actions(round): 0 -> 2 (+2)
[21:56:56]   NEW CARDS PLAYED: Business Empire, Robinson Industries
[21:56:56] Gydro:
[21:56:56]   TR: 20 -> 22 (+2)
[21:56:56]   Energy prod: 0 -> 3 (+3)
[21:56:56]   Cards: 4 -> 6 (+2)
[21:56:56]   Tableau: 1 -> 3 (+2)
[21:56:56]   Actions(game): 0 -> 3 (+3)
[21:56:56]   Actions(round): 0 -> 2 (+2)
[21:56:56]   VP: 20 -> 22 (+2)
[21:56:56]   NEW CARDS PLAYED: Planetary Alliance, Power Generation
[21:56:56]   CARDS ADDED to hand: Atalanta Planitia Lab, Methane From Titan
[21:56:57] Pokemar:
[21:56:57]   Actions(game): 0 -> 1 (+1)
[21:57:18] --- GLOBALS: Oceans: 0 -> 1 ---
[21:57:20] Pokemar:
[21:57:20]   TR: 20 -> 21 (+1)
[21:57:20]   MC: 21 -> 19 (-2)
[21:57:20]   MC prod: 0 -> 2 (+2)
[21:57:20]   Cards: 7 -> 9 (+2)
[21:57:20]   Tableau: 1 -> 4 (+3)
[21:57:20]   Actions(game): 1 -> 2 (+1)
[21:57:20]   Actions(round): 0 -> 1 (+1)
[21:57:20]   VP: 20 -> 21 (+1)
[21:57:20]   NEW CARDS PLAYED: Aridor, Merger, Project Eden
[21:57:20]   CARDS ADDED to hand: Giant Solar Shade, Venus Governor
[21:57:41] --- GLOBALS: O2: 0 -> 1 ---
[21:57:42] Pokemar:
[21:57:42]   TR: 21 -> 22 (+1)
[21:57:42]   Cards: 9 -> 12 (+3)
[21:57:42]   Cities: 0 -> 1 (+1)
[21:57:42]   VP: 21 -> 24 (+3)
[21:57:42]   CARDS ADDED to hand: Advanced Ecosystems, Mining Quota, Mining Rights
[21:58:47] --- GLOBALS: Phase: preludes -> action ---
[21:58:47] Geekdumb:
[21:58:47]   TR: 20 -> 21 (+1)
[21:58:47]   MC: 27 -> 20 (-7)
[21:58:47]   Energy prod: 0 -> 1 (+1)
[21:58:47]   Cards: 7 -> 6 (-1)
[21:58:47]   Tableau: 4 -> 5 (+1)
[21:58:47]   Actions(game): 3 -> 6 (+3)
[21:58:47]   Actions(round): 2 -> 0 (-2)
[21:58:47]   VP: 20 -> 21 (+1)
[21:58:47]   NEW CARDS PLAYED: Search For Life
[21:58:47]   CARDS GONE from hand: Search For Life
[21:58:48] Gydro:
[21:58:48]   Actions(game): 3 -> 5 (+2)
[21:58:48]   Actions(round): 2 -> 1 (-1)
[21:58:49] Pokemar:
[21:58:49]   Cards: 12 -> 9 (-3)
[21:58:49]   Actions(game): 2 -> 3 (+1)
[21:58:49]   Actions(round): 1 -> 2 (+1)
[21:58:49]   CARDS GONE from hand: Herbivores, Nitrite Reducing Bacteria, Venus Governor
[21:59:32] --- GLOBALS: O2: 1 -> 2 ---
[21:59:33] Gydro:
[21:59:33]   TR: 22 -> 23 (+1)
[21:59:33]   MC: 35 -> 18 (-17)
[21:59:33]   Plants: 0 -> 2 (+2)
[21:59:33]   Actions(game): 5 -> 6 (+1)
[21:59:33]   Actions(round): 1 -> 2 (+1)
[21:59:33]   Colonies: 0 -> 1 (+1)
[21:59:33]   VP: 22 -> 24 (+2)
[21:59:54] --- GLOBALS: Oceans: 1 -> 2 ---
[21:59:55] Gydro:
[21:59:55]   TR: 23 -> 24 (+1)
[21:59:55]   Plants: 2 -> 4 (+2)
[21:59:55]   Actions(round): 2 -> 0 (-2)
[21:59:55]   VP: 24 -> 25 (+1)
[21:59:56] Pokemar:
[21:59:56]   Actions(game): 3 -> 5 (+2)
[21:59:56]   Actions(round): 2 -> 1 (-1)
[22:00:40] Geekdumb:
[22:00:40]   Actions(game): 6 -> 7 (+1)
[22:00:41] Pokemar:
[22:00:41]   MC: 19 -> 2 (-17)
[22:00:41]   Ti: 0 -> 3 (+3)
[22:00:41]   Actions(game): 5 -> 6 (+1)
[22:00:41]   Actions(round): 1 -> 0 (-1)
[22:00:41]   Colonies: 0 -> 1 (+1)
[22:01:02] Geekdumb:
[22:01:02]   TR: 21 -> 22 (+1)
[22:01:02]   MC: 20 -> 13 (-7)
[22:01:02]   Cards: 6 -> 5 (-1)
[22:01:02]   Tableau: 5 -> 6 (+1)
[22:01:02]   Actions(game): 7 -> 9 (+2)
[22:01:02]   VP: 21 -> 23 (+2)
[22:01:02]   NEW CARDS PLAYED: Trans-Neptune Probe
[22:01:02]   CARDS GONE from hand: Trans-Neptune Probe
[22:01:03] Gydro:
[22:01:03]   MC: 18 -> 1 (-17)
[22:01:03]   Actions(game): 6 -> 8 (+2)
[22:01:03]   Actions(round): 0 -> 1 (+1)
[22:01:25] Gydro:
[22:01:25]   Plant prod: 0 -> 1 (+1)
[22:01:25]   Actions(game): 8 -> 9 (+1)
[22:01:25]   Actions(round): 1 -> 0 (-1)
[22:01:25]   Colonies: 1 -> 2 (+1)
[22:01:26] Pokemar:
[22:01:26]   Actions(game): 6 -> 7 (+1)
[22:01:47] Geekdumb:
[22:01:47]   MC: 13 -> 0 (-13)
[22:01:47]   Cards: 5 -> 4 (-1)
[22:01:47]   Tableau: 6 -> 7 (+1)
[22:01:47]   Actions(game): 9 -> 11 (+2)
[22:01:47]   Actions(round): 0 -> 1 (+1)
[22:01:47]   NEW CARDS PLAYED: Regolith Eaters
[22:01:47]   CARDS GONE from hand: Regolith Eaters
[22:01:48] Pokemar:
[22:01:48]   MC: 2 -> 0 (-2)
[22:01:48]   MC prod: 2 -> 4 (+2)
[22:01:48]   Ti: 3 -> 0 (-3)
[22:01:48]   Cards: 9 -> 7 (-2)
[22:01:48]   Tableau: 4 -> 5 (+1)
[22:01:48]   Actions(game): 7 -> 9 (+2)
[22:01:48]   Colonies: 1 -> 2 (+1)
[22:01:48]   NEW CARDS PLAYED: Interplanetary Colony Ship
[22:01:48]   CARDS GONE from hand: Interplanetary Colony Ship, Mining Quota
[22:02:09] --- GLOBALS: GEN 1 -> 2 | Phase: action -> drafting | Venus: 0 -> 2 ---
[22:02:09] Geekdumb:
[22:02:09]   TR: 22 -> 23 (+1)
[22:02:09]   MC: 0 -> 29 (+29)
[22:02:09]   Energy: 0 -> 1 (+1)
[22:02:09]   Actions(game): 11 -> 14 (+3)
[22:02:09]   Actions(round): 1 -> 0 (-1)
[22:02:09]   VP: 23 -> 24 (+1)
[22:02:10] Gydro:
[22:02:10]   MC: 1 -> 25 (+24)
[22:02:10]   Plants: 4 -> 5 (+1)
[22:02:10]   Energy: 0 -> 3 (+3)
[22:02:11] Pokemar:
[22:02:11]   MC: 0 -> 26 (+26)
[22:02:11]   Energy: 0 -> 1 (+1)
[22:02:11]   Actions(game): 9 -> 11 (+2)
[22:04:01] --- GLOBALS: Phase: drafting -> research ---
[22:04:24] Gydro:
[22:04:24]   MC: 25 -> 22 (-3)
[22:04:24]   Cards: 6 -> 7 (+1)
[22:04:24]   CARDS ADDED to hand: Solar Reflectors
[22:04:25] Pokemar:
[22:04:25]   MC: 26 -> 17 (-9)
[22:04:25]   Cards: 7 -> 10 (+3)
[22:04:25]   CARDS ADDED to hand: Advanced Alloys, Mass Converter, Public Plans
[22:04:45] --- GLOBALS: Phase: research -> action ---
[22:04:45] Geekdumb:
[22:04:45]   MC: 29 -> 17 (-12)
[22:04:45]   Cards: 4 -> 8 (+4)
[22:04:45]   CARDS ADDED to hand: Extreme-Cold Fungus, Geothermal Power, Import of Advanced GHG, Interstellar Colony Ship
[22:04:46] Gydro:
[22:04:46]   Actions(game): 9 -> 10 (+1)
[22:05:08] Gydro:
[22:05:08]   MC: 22 -> 0 (-22)
[22:05:08]   Heat prod: 0 -> 5 (+5)
[22:05:08]   Cards: 7 -> 5 (-2)
[22:05:08]   Tableau: 3 -> 4 (+1)
[22:05:08]   Actions(game): 10 -> 12 (+2)
[22:05:08]   NEW CARDS PLAYED: Solar Reflectors
[22:05:08]   CARDS GONE from hand: Solar Reflectors, Toll Station
[22:05:09] Pokemar:
[22:05:09]   Actions(game): 11 -> 12 (+1)
[22:05:32] Pokemar:
[22:05:32]   Energy: 1 -> 0 (-1)
[22:05:32]   Cards: 10 -> 11 (+1)
[22:05:32]   Actions(game): 12 -> 13 (+1)
[22:05:32]   Actions(round): 0 -> 1 (+1)
[22:05:32]   CARDS ADDED to hand: Viral Enhancers
[22:05:52] Geekdumb:
[22:05:52]   Actions(game): 14 -> 15 (+1)
[22:05:54] Pokemar:
[22:05:54]   MC: 17 -> 20 (+3)
[22:05:54]   Cards: 11 -> 10 (-1)
[22:05:54]   Tableau: 5 -> 6 (+1)
[22:05:54]   Actions(game): 13 -> 14 (+1)
[22:05:54]   Actions(round): 1 -> 0 (-1)
[22:05:54]   VP: 24 -> 25 (+1)
[22:05:54]   NEW CARDS PLAYED: Public Plans
[22:05:54]   CARDS GONE from hand: Public Plans
[22:06:15] Geekdumb:
[22:06:15]   MC: 17 -> 13 (-4)
[22:06:15]   Ti prod: 0 -> 1 (+1)
[22:06:15]   Actions(game): 15 -> 16 (+1)
[22:06:15]   Actions(round): 0 -> 1 (+1)
[22:06:37] --- GLOBALS: O2: 2 -> 3 ---
[22:06:37] Geekdumb:
[22:06:37]   MC: 13 -> 2 (-11)
[22:06:37]   Energy prod: 1 -> 3 (+2)
[22:06:37]   Cards: 8 -> 7 (-1)
[22:06:37]   Tableau: 7 -> 8 (+1)
[22:06:37]   Actions(game): 16 -> 17 (+1)
[22:06:37]   Actions(round): 1 -> 0 (-1)
[22:06:37]   NEW CARDS PLAYED: Geothermal Power
[22:06:37]   CARDS GONE from hand: Geothermal Power
[22:06:38] Gydro:
[22:06:38]   TR: 24 -> 25 (+1)
[22:06:38]   Plants: 5 -> 2 (-3)
[22:06:38]   Energy: 3 -> 0 (-3)
[22:06:38]   Actions(game): 12 -> 15 (+3)
[22:06:38]   VP: 25 -> 27 (+2)
[22:06:38] Pokemar:
[22:06:38]   Actions(game): 14 -> 15 (+1)
[22:06:59] Geekdumb:
[22:06:59]   Actions(game): 17 -> 18 (+1)
[22:07:00] Pokemar:
[22:07:00]   MC: 20 -> 6 (-14)
[22:07:00]   MC prod: 4 -> 5 (+1)
[22:07:00]   Ti: 0 -> 2 (+2)
[22:07:00]   Ti prod: 0 -> 1 (+1)
[22:07:00]   Cards: 10 -> 8 (-2)
[22:07:00]   Tableau: 6 -> 8 (+2)
[22:07:00]   Actions(game): 15 -> 17 (+2)
[22:07:00]   NEW CARDS PLAYED: Advanced Alloys, Mining Rights
[22:07:00]   CARDS GONE from hand: Advanced Alloys, Mining Rights
[22:07:21] --- GLOBALS: Venus: 2 -> 4 ---
[22:07:21] Geekdumb:
[22:07:21]   MC: 2 -> 1 (-1)
[22:07:21]   Actions(game): 18 -> 20 (+2)
[22:07:22] Gydro:
[22:07:22]   Actions(game): 15 -> 17 (+2)
[22:07:23] Pokemar:
[22:07:23]   TR: 22 -> 23 (+1)
[22:07:23]   MC: 6 -> 5 (-1)
[22:07:23]   Ti: 2 -> 0 (-2)
[22:07:23]   Cards: 8 -> 7 (-1)
[22:07:23]   Tableau: 8 -> 9 (+1)
[22:07:23]   Actions(game): 17 -> 19 (+2)
[22:07:23]   Actions(round): 0 -> 1 (+1)
[22:07:23]   VP: 25 -> 26 (+1)
[22:07:23]   NEW CARDS PLAYED: Water to Venus
[22:07:23]   CARDS GONE from hand: Water to Venus
[22:07:44] --- GLOBALS: Phase: action -> solar ---
[22:07:44] Geekdumb:
[22:07:44]   MC: 1 -> 30 (+29)
[22:07:44]   Ti: 0 -> 1 (+1)
[22:07:44]   Energy: 1 -> 3 (+2)
[22:07:44]   Heat: 0 -> 1 (+1)
[22:07:44]   Actions(game): 20 -> 22 (+2)
[22:07:44] Gydro:
[22:07:44]   MC: 0 -> 25 (+25)
[22:07:44]   Plants: 2 -> 3 (+1)
[22:07:44]   Energy: 0 -> 3 (+3)
[22:07:44]   Heat: 0 -> 5 (+5)
[22:07:45] Pokemar:
[22:07:45]   MC: 5 -> 33 (+28)
[22:07:45]   Ti: 0 -> 1 (+1)
[22:07:45]   Energy: 0 -> 1 (+1)
[22:07:45]   Actions(game): 19 -> 20 (+1)
[22:07:45]   Actions(round): 1 -> 0 (-1)
[22:08:06] --- GLOBALS: GEN 2 -> 3 | Phase: solar -> drafting | Oceans: 2 -> 3 ---
[22:09:57] --- GLOBALS: Phase: drafting -> research ---
[22:09:58] Pokemar:
[22:09:58]   MC: 33 -> 27 (-6)
[22:09:58]   Cards: 7 -> 9 (+2)
[22:09:58]   CARDS ADDED to hand: Beam From A Thorium Asteroid, Physics Complex
[22:10:19] --- GLOBALS: Phase: research -> action ---
[22:10:19] Geekdumb:
[22:10:19]   MC: 30 -> 24 (-6)
[22:10:19]   Cards: 7 -> 9 (+2)
[22:10:19]   CARDS ADDED to hand: Asteroid Mining Consortium, Heavy Taxation
[22:10:21] Pokemar:
[22:10:21]   Actions(game): 20 -> 22 (+2)
[22:10:21]   Actions(round): 0 -> 1 (+1)
[22:10:43] Pokemar:
[22:10:43]   Energy: 1 -> 0 (-1)
[22:10:43]   Cards: 9 -> 10 (+1)
[22:10:43]   CARDS ADDED to hand: Icy Impactors
[22:11:03] Geekdumb:
[22:11:03]   Actions(game): 22 -> 23 (+1)
[22:11:05] Pokemar:
[22:11:05]   MC: 27 -> 24 (-3)
[22:11:05]   Ti: 1 -> 0 (-1)
[22:11:05]   Tableau: 9 -> 10 (+1)
[22:11:05]   Actions(game): 22 -> 23 (+1)
[22:11:05]   Actions(round): 1 -> 0 (-1)
[22:11:05]   VP: 26 -> 27 (+1)
[22:11:05]   NEW CARDS PLAYED: Solar Probe
[22:11:05]   CARDS GONE from hand: Solar Probe
[22:11:05]   CARDS ADDED to hand: Magnetic Field Generators:promo
[22:11:26] Geekdumb:
[22:11:26]   MC: 24 -> 31 (+7)
[22:11:26]   Energy: 3 -> 0 (-3)
[22:11:26]   Actions(game): 23 -> 24 (+1)
[22:11:26]   Actions(round): 0 -> 1 (+1)
[22:11:48] Geekdumb:
[22:11:48]   MC: 31 -> 18 (-13)
[22:11:48]   Ti prod: 1 -> 2 (+1)
[22:11:48]   Cards: 9 -> 8 (-1)
[22:11:48]   Tableau: 8 -> 9 (+1)
[22:11:48]   Actions(game): 24 -> 25 (+1)
[22:11:48]   Actions(round): 1 -> 0 (-1)
[22:11:48]   VP: 24 -> 25 (+1)
[22:11:48]   NEW CARDS PLAYED: Asteroid Mining Consortium
[22:11:48]   CARDS GONE from hand: Asteroid Mining Consortium
[22:11:49] Gydro:
[22:11:49]   MC: 25 -> 8 (-17)
[22:11:49]   Ti: 0 -> 3 (+3)
[22:11:49]   Actions(game): 17 -> 19 (+2)
[22:11:49]   Actions(round): 0 -> 1 (+1)
[22:11:49]   Colonies: 2 -> 3 (+1)
[22:11:50] Pokemar:
[22:11:50]   Ti prod: 1 -> 0 (-1)
[22:12:11] --- GLOBALS: Oceans: 3 -> 4 ---
[22:12:12] Gydro:
[22:12:12]   TR: 25 -> 26 (+1)
[22:12:12]   MC: 8 -> 3 (-5)
[22:12:12]   Steel: 0 -> 1 (+1)
[22:12:12]   Ti: 3 -> 0 (-3)
[22:12:12]   Plants: 3 -> 7 (+4)
[22:12:12]   Cards: 5 -> 4 (-1)
[22:12:12]   Tableau: 4 -> 5 (+1)
[22:12:12]   Actions(game): 19 -> 20 (+1)
[22:12:12]   Actions(round): 1 -> 0 (-1)
[22:12:12]   VP: 27 -> 28 (+1)
[22:12:12]   NEW CARDS PLAYED: Imported Hydrogen
[22:12:12]   CARDS GONE from hand: Imported Hydrogen
[22:12:14] Pokemar:
[22:12:14]   MC: 24 -> 15 (-9)
[22:12:14]   MC prod: 5 -> 6 (+1)
[22:12:14]   Plants: 0 -> 1 (+1)
[22:12:14]   Cards: 10 -> 9 (-1)
[22:12:14]   Tableau: 10 -> 11 (+1)
[22:12:14]   Actions(game): 23 -> 25 (+2)
[22:12:14]   Actions(round): 0 -> 1 (+1)
[22:12:14]   NEW CARDS PLAYED: Viral Enhancers
[22:12:14]   CARDS GONE from hand: Viral Enhancers
[22:12:35] Geekdumb:
[22:12:35]   MC: 18 -> 14 (-4)
[22:12:35]   Actions(game): 25 -> 26 (+1)
[22:12:36] Pokemar:
[22:12:36]   MC: 15 -> 16 (+1)
[22:12:36]   Cards: 9 -> 8 (-1)
[22:12:36]   Actions(game): 25 -> 26 (+1)
[22:12:36]   Actions(round): 1 -> 0 (-1)
[22:12:36]   CARDS GONE from hand: Icy Impactors
[22:12:57] --- GLOBALS: O2: 3 -> 4 ---
[22:12:57] Geekdumb:
[22:12:57]   TR: 23 -> 24 (+1)
[22:12:57]   MC: 14 -> 0 (-14)
[22:12:57]   Cards: 8 -> 7 (-1)
[22:12:57]   Tableau: 9 -> 10 (+1)
[22:12:57]   Actions(game): 26 -> 28 (+2)
[22:12:57]   VP: 25 -> 26 (+1)
[22:12:57]   NEW CARDS PLAYED: Extreme-Cold Fungus
[22:12:57]   CARDS GONE from hand: Extreme-Cold Fungus
[22:12:57] Gydro:
[22:12:57]   Plants: 7 -> 10 (+3)
[22:12:57]   Energy: 3 -> 0 (-3)
[22:12:57]   Actions(game): 20 -> 22 (+2)
[22:12:57]   Actions(round): 0 -> 1 (+1)
[22:13:19] --- GLOBALS: O2: 4 -> 5 ---
[22:13:20] Gydro:
[22:13:20]   TR: 26 -> 27 (+1)
[22:13:20]   MC: 3 -> 5 (+2)
[22:13:20]   Plants: 10 -> 4 (-6)
[22:13:20]   Actions(game): 22 -> 23 (+1)
[22:13:20]   Actions(round): 1 -> 0 (-1)
[22:13:20]   VP: 28 -> 30 (+2)
[22:13:21] Pokemar:
[22:13:21]   Actions(game): 26 -> 27 (+1)
[22:13:43] Pokemar:
[22:13:43]   MC: 16 -> 7 (-9)
[22:13:43]   Ti: 0 -> 3 (+3)
[22:13:43]   Actions(game): 27 -> 28 (+1)
[22:13:43]   Actions(round): 0 -> 1 (+1)
[22:14:03] Geekdumb:
[22:14:03]   Actions(game): 28 -> 30 (+2)
[22:14:03]   Actions(round): 0 -> 1 (+1)
[22:14:04] Gydro:
[22:14:04]   Ti: 0 -> 1 (+1)
[22:14:05] Pokemar:
[22:14:05]   Actions(game): 28 -> 29 (+1)
[22:14:05]   Actions(round): 1 -> 0 (-1)
[22:14:26] --- GLOBALS: GEN 3 -> 4 | Phase: action -> drafting | Venus: 4 -> 6 ---
[22:14:26] Geekdumb:
[22:14:26]   MC: 0 -> 30 (+30)
[22:14:26]   Ti: 1 -> 3 (+2)
[22:14:26]   Energy: 0 -> 3 (+3)
[22:14:26]   Actions(game): 30 -> 31 (+1)
[22:14:26]   Actions(round): 1 -> 0 (-1)
[22:14:27] Gydro:
[22:14:27]   MC: 5 -> 32 (+27)
[22:14:27]   Plants: 4 -> 5 (+1)
[22:14:27]   Energy: 0 -> 3 (+3)
[22:14:27]   Heat: 5 -> 10 (+5)
[22:14:27]   Actions(game): 23 -> 25 (+2)
[22:14:27] Pokemar:
[22:14:27]   MC: 7 -> 36 (+29)
[22:14:27]   Energy: 0 -> 1 (+1)
[22:15:55] --- GLOBALS: Phase: drafting -> action ---
[22:15:55] Geekdumb:
[22:15:55]   MC: 30 -> 27 (-3)
[22:15:55]   Cards: 7 -> 8 (+1)
[22:15:55]   Actions(game): 31 -> 32 (+1)
[22:15:55]   CARDS ADDED to hand: Io Mining Industries
[22:15:56] Gydro:
[22:15:56]   MC: 32 -> 29 (-3)
[22:15:56]   Cards: 4 -> 5 (+1)
[22:15:56]   CARDS ADDED to hand: GHG Producing Bacteria
[22:15:57] Pokemar:
[22:15:57]   MC: 36 -> 30 (-6)
[22:15:57]   Cards: 8 -> 10 (+2)
[22:15:57]   CARDS ADDED to hand: Sky Docks, Sponsors
[22:16:17] Geekdumb:
[22:16:17]   MC: 27 -> 10 (-17)
[22:16:17]   Ti: 3 -> 9 (+6)
[22:16:17]   Energy: 3 -> 0 (-3)
[22:16:17]   Actions(game): 32 -> 34 (+2)
[22:16:17]   Colonies: 0 -> 1 (+1)
[22:16:18] Gydro:
[22:16:18]   Ti: 1 -> 2 (+1)
[22:16:18]   Actions(game): 25 -> 26 (+1)
[22:16:19] Pokemar:
[22:16:19]   Ti: 3 -> 4 (+1)
[22:16:40] Geekdumb:
[22:16:40]   MC: 10 -> 6 (-4)
[22:16:41] Gydro:
[22:16:41]   MC: 29 -> 21 (-8)
[22:16:41]   Cards: 5 -> 4 (-1)
[22:16:41]   Tableau: 5 -> 6 (+1)
[22:16:41]   Actions(game): 26 -> 27 (+1)
[22:16:41]   Actions(round): 0 -> 1 (+1)
[22:16:41]   NEW CARDS PLAYED: GHG Producing Bacteria
[22:16:41]   CARDS GONE from hand: GHG Producing Bacteria
[22:17:03] Gydro:
[22:17:03]   MC: 21 -> 4 (-17)
[22:17:03]   Actions(game): 27 -> 28 (+1)
[22:17:03]   Actions(round): 1 -> 0 (-1)
[22:17:03]   Colonies: 3 -> 4 (+1)
[22:17:04] Pokemar:
[22:17:04]   Energy: 1 -> 0 (-1)
[22:17:04]   Cards: 10 -> 11 (+1)
[22:17:04]   Actions(game): 29 -> 31 (+2)
[22:17:04]   Actions(round): 0 -> 1 (+1)
[22:17:04]   CARDS ADDED to hand: ArchaeBacteria
[22:17:24] Geekdumb:
[22:17:24]   Actions(game): 34 -> 36 (+2)
[22:17:24]   Actions(round): 0 -> 1 (+1)
[22:17:26] Pokemar:
[22:17:26]   MC: 30 -> 24 (-6)
[22:17:26]   MC prod: 6 -> 9 (+3)
[22:17:26]   Cards: 11 -> 10 (-1)
[22:17:26]   Tableau: 11 -> 12 (+1)
[22:17:26]   Actions(game): 31 -> 32 (+1)
[22:17:26]   Actions(round): 1 -> 0 (-1)
[22:17:26]   NEW CARDS PLAYED: Sponsors
[22:17:26]   CARDS GONE from hand: Sponsors
[22:17:47] --- GLOBALS: O2: 5 -> 6 ---
[22:17:47] Geekdumb:
[22:17:47]   TR: 24 -> 25 (+1)
[22:17:47]   MC: 6 -> 2 (-4)
[22:17:47]   Steel prod: 0 -> 1 (+1)
[22:17:47]   Actions(game): 36 -> 37 (+1)
[22:17:47]   Actions(round): 1 -> 0 (-1)
[22:17:47]   VP: 26 -> 27 (+1)
[22:17:48] Gydro:
[22:17:48]   Energy: 3 -> 0 (-3)
[22:17:48]   Actions(game): 28 -> 30 (+2)
[22:17:48]   Actions(round): 0 -> 1 (+1)
[22:18:09] --- GLOBALS: Temp: -30 -> -28 | Venus: 6 -> 12 ---
[22:18:10] Gydro:
[22:18:10]   TR: 27 -> 28 (+1)
[22:18:10]   Actions(game): 30 -> 31 (+1)
[22:18:10]   Actions(round): 1 -> 0 (-1)
[22:18:10]   VP: 30 -> 31 (+1)
[22:18:11] Pokemar:
[22:18:11]   TR: 23 -> 26 (+3)
[22:18:11]   MC: 24 -> 13 (-11)
[22:18:11]   MC prod: 9 -> 11 (+2)
[22:18:11]   Ti: 4 -> 0 (-4)
[22:18:11]   Tableau: 12 -> 13 (+1)
[22:18:11]   Actions(game): 32 -> 34 (+2)
[22:18:11]   Actions(round): 0 -> 1 (+1)
[22:18:11]   VP: 27 -> 30 (+3)
[22:18:11]   NEW CARDS PLAYED: Giant Solar Shade
[22:18:11]   CARDS GONE from hand: Giant Solar Shade
[22:18:11]   CARDS ADDED to hand: Insects
[22:18:31] Geekdumb:
[22:18:31]   MC: 2 -> 0 (-2)
[22:18:31]   Actions(game): 37 -> 38 (+1)
[22:18:33] Pokemar:
[22:18:33]   MC: 13 -> 7 (-6)
[22:18:33]   Plants: 1 -> 2 (+1)
[22:18:33]   Plant prod: 0 -> 1 (+1)
[22:18:33]   Cards: 10 -> 9 (-1)
[22:18:33]   Tableau: 13 -> 14 (+1)
[22:18:33]   Actions(game): 34 -> 35 (+1)
[22:18:33]   Actions(round): 1 -> 0 (-1)
[22:18:33]   NEW CARDS PLAYED: ArchaeBacteria
[22:18:33]   CARDS GONE from hand: ArchaeBacteria
[22:18:54] Geekdumb:
[22:18:54]   Actions(game): 38 -> 40 (+2)
[22:18:55] Gydro:
[22:18:55]   Actions(game): 31 -> 32 (+1)
[22:19:16] --- GLOBALS: GEN 4 -> 5 | Phase: action -> drafting | Venus: 12 -> 14 ---
[22:19:16] Geekdumb:
[22:19:16]   MC: 0 -> 31 (+31)
[22:19:16]   Steel: 0 -> 1 (+1)
[22:19:16]   Ti: 9 -> 11 (+2)
[22:19:16]   Energy: 0 -> 3 (+3)
[22:19:17] Gydro:
[22:19:17]   MC: 4 -> 32 (+28)
[22:19:17]   Plants: 5 -> 6 (+1)
[22:19:17]   Energy: 0 -> 3 (+3)
[22:19:17]   Heat: 10 -> 15 (+5)
[22:19:17]   Actions(game): 32 -> 33 (+1)
[22:19:18] Pokemar:
[22:19:18]   MC: 7 -> 44 (+37)
[22:19:18]   Plants: 2 -> 3 (+1)
[22:19:18]   Energy: 0 -> 1 (+1)
[22:19:18]   Actions(game): 35 -> 37 (+2)
[22:20:01] --- GLOBALS: Phase: drafting -> action ---
[22:20:01] Geekdumb:
[22:20:01]   MC: 31 -> 25 (-6)
[22:20:01]   Cards: 8 -> 10 (+2)
[22:20:01]   CARDS ADDED to hand: Ganymede Colony, Stanford Torus
[22:20:03] Gydro:
[22:20:03]   MC: 32 -> 29 (-3)
[22:20:03]   Cards: 4 -> 5 (+1)
[22:20:03]   Actions(game): 33 -> 34 (+1)
[22:20:03]   CARDS ADDED to hand: Comet
[22:20:04] Pokemar:
[22:20:04]   MC: 44 -> 41 (-3)
[22:20:04]   Cards: 9 -> 10 (+1)
[22:20:04]   CARDS ADDED to hand: Tectonic Stress Power
[22:20:48] Gydro:
[22:20:48]   Plants: 6 -> 10 (+4)
[22:20:48]   Energy: 3 -> 0 (-3)
[22:20:48]   Actions(game): 34 -> 35 (+1)
[22:20:48]   Actions(round): 0 -> 1 (+1)
[22:21:10] --- GLOBALS: Temp: -28 -> -26 | Oceans: 4 -> 5 ---
[22:21:10] Gydro:
[22:21:10]   TR: 28 -> 30 (+2)
[22:21:10]   MC: 29 -> 16 (-13)
[22:21:10]   Ti: 2 -> 0 (-2)
[22:21:10]   Plants: 10 -> 12 (+2)
[22:21:10]   Cards: 5 -> 4 (-1)
[22:21:10]   Tableau: 6 -> 7 (+1)
[22:21:10]   Actions(game): 35 -> 36 (+1)
[22:21:10]   Actions(round): 1 -> 0 (-1)
[22:21:10]   VP: 31 -> 33 (+2)
[22:21:10]   NEW CARDS PLAYED: Comet
[22:21:10]   CARDS GONE from hand: Comet
[22:21:11] Pokemar:
[22:21:11]   Plants: 3 -> 0 (-3)
[22:21:11]   Actions(game): 37 -> 38 (+1)
[22:21:32] Geekdumb:
[22:21:32]   Actions(game): 40 -> 41 (+1)
[22:21:33] Pokemar:
[22:21:33]   MC: 41 -> 23 (-18)
[22:21:33]   Energy: 1 -> 0 (-1)
[22:21:33]   Energy prod: 1 -> 4 (+3)
[22:21:33]   Tableau: 14 -> 15 (+1)
[22:21:33]   Actions(game): 38 -> 40 (+2)
[22:21:33]   VP: 30 -> 31 (+1)
[22:21:33]   NEW CARDS PLAYED: Tectonic Stress Power
[22:21:33]   CARDS GONE from hand: Tectonic Stress Power
[22:21:33]   CARDS ADDED to hand: Black Polar Dust
[22:21:54] Geekdumb:
[22:21:54]   Ti: 11 -> 15 (+4)
[22:21:54]   Energy: 3 -> 0 (-3)
[22:21:54]   Actions(game): 41 -> 42 (+1)
[22:21:54]   Actions(round): 0 -> 1 (+1)
[22:21:55] Gydro:
[22:21:55]   Ti: 0 -> 1 (+1)
[22:21:56] Pokemar:
[22:21:56]   Ti: 0 -> 1 (+1)
[22:22:17] --- GLOBALS: Temp: -26 -> -24 ---
[22:22:17] Geekdumb:
[22:22:17]   MC: 25 -> 21 (-4)
[22:22:17]   Cards: 10 -> 9 (-1)
[22:22:17]   Tableau: 10 -> 11 (+1)
[22:22:17]   Actions(game): 42 -> 43 (+1)
[22:22:17]   Actions(round): 1 -> 0 (-1)
[22:22:17]   NEW CARDS PLAYED: Research Coordination
[22:22:17]   CARDS GONE from hand: Research Coordination
[22:22:17] Gydro:
[22:22:17]   TR: 30 -> 31 (+1)
[22:22:17]   Heat prod: 5 -> 6 (+1)
[22:22:17]   Actions(game): 36 -> 38 (+2)
[22:22:17]   Actions(round): 0 -> 1 (+1)
[22:22:17]   VP: 33 -> 34 (+1)
[22:22:40] Gydro:
[22:22:40]   MC: 16 -> 6 (-10)
[22:22:40]   Plants: 12 -> 13 (+1)
[22:22:40]   Plant prod: 1 -> 3 (+2)
[22:22:40]   Cards: 4 -> 3 (-1)
[22:22:40]   Tableau: 7 -> 8 (+1)
[22:22:40]   Actions(game): 38 -> 39 (+1)
[22:22:40]   Actions(round): 1 -> 0 (-1)
[22:22:40]   NEW CARDS PLAYED: Algae
[22:22:40]   CARDS GONE from hand: Algae
[22:22:40] Pokemar:
[22:22:40]   TR: 26 -> 29 (+3)
[22:22:40]   MC: 23 -> 1 (-22)
[22:22:40]   Plant prod: 1 -> 3 (+2)
[22:22:40]   Energy prod: 4 -> 0 (-4)
[22:22:40]   Cards: 10 -> 9 (-1)
[22:22:40]   Tableau: 15 -> 16 (+1)
[22:22:40]   Actions(game): 40 -> 42 (+2)
[22:22:40]   Actions(round): 0 -> 1 (+1)
[22:22:40]   VP: 31 -> 34 (+3)
[22:22:40]   NEW CARDS PLAYED: Magnetic Field Generators:promo
[22:22:40]   CARDS GONE from hand: Magnetic Field Generators:promo
[22:23:01] Geekdumb:
[22:23:01]   Actions(game): 43 -> 44 (+1)
[22:23:02] Gydro:
[22:23:02]   Plants: 13 -> 15 (+2)
[22:23:03] Pokemar:
[22:23:03]   MC: 1 -> 3 (+2)
[22:23:03]   Cards: 9 -> 10 (+1)
[22:23:03]   Actions(game): 42 -> 43 (+1)
[22:23:03]   Actions(round): 1 -> 0 (-1)
[22:23:03]   CARDS ADDED to hand: Mars University
[22:23:46] --- GLOBALS: Temp: -24 -> -22 | O2: 6 -> 8 ---
[22:23:46] Geekdumb:
[22:23:46]   TR: 25 -> 26 (+1)
[22:23:46]   MC: 21 -> 12 (-9)
[22:23:46]   MC prod: 6 -> 8 (+2)
[22:23:46]   Cards: 9 -> 7 (-2)
[22:23:46]   Tableau: 11 -> 13 (+2)
[22:23:46]   Actions(game): 44 -> 46 (+2)
[22:23:46]   VP: 27 -> 28 (+1)
[22:23:46]   NEW CARDS PLAYED: Cryo-Sleep, Heavy Taxation
[22:23:46]   CARDS GONE from hand: Cryo-Sleep, Heavy Taxation
[22:23:47] Gydro:
[22:23:47]   TR: 31 -> 34 (+3)
[22:23:47]   MC: 6 -> 12 (+6)
[22:23:47]   Plants: 15 -> 1 (-14)
[22:23:47]   Actions(game): 39 -> 42 (+3)
[22:23:47]   Actions(round): 0 -> 2 (+2)
[22:23:47]   VP: 34 -> 39 (+5)
[22:24:08] Geekdumb:
[22:24:08]   MC: 12 -> 8 (-4)
[22:24:08]   Plant prod: 0 -> 1 (+1)
[22:24:08]   Actions(game): 46 -> 48 (+2)
[22:24:08]   Actions(round): 0 -> 1 (+1)
[22:24:09] Gydro:
[22:24:09]   Plants: 1 -> 2 (+1)
[22:24:09]   Actions(round): 2 -> 0 (-2)
[22:24:30] Geekdumb:
[22:24:30]   MC: 8 -> 0 (-8)
[22:24:30]   MC prod: 8 -> 10 (+2)
[22:24:30]   Ti: 15 -> 4 (-11)
[22:24:30]   Ti prod: 2 -> 4 (+2)
[22:24:30]   Cards: 7 -> 6 (-1)
[22:24:30]   Tableau: 13 -> 14 (+1)
[22:24:30]   Actions(game): 48 -> 49 (+1)
[22:24:30]   Actions(round): 1 -> 0 (-1)
[22:24:30]   VP: 28 -> 30 (+2)
[22:24:30]   NEW CARDS PLAYED: Io Mining Industries
[22:24:30]   CARDS GONE from hand: Io Mining Industries
[22:24:31] Gydro:
[22:24:31]   MC: 12 -> 4 (-8)
[22:24:31]   Actions(game): 42 -> 44 (+2)
[22:24:31]   Actions(round): 0 -> 1 (+1)
[22:24:31]   VP: 39 -> 44 (+5)
[22:24:53] --- GLOBALS: O2: 8 -> 9 ---
[22:24:53] Geekdumb:
[22:24:53]   TR: 26 -> 27 (+1)
[22:24:53]   Actions(game): 49 -> 52 (+3)
[22:24:53]   Actions(round): 0 -> 2 (+2)
[22:24:53]   VP: 30 -> 31 (+1)
[22:24:53] Gydro:
[22:24:53]   Actions(game): 44 -> 45 (+1)
[22:24:53]   Actions(round): 1 -> 0 (-1)
[22:24:54] --- GLOBALS: Phase: action -> solar ---
[22:24:54] Pokemar:
[22:24:54]   MC: 3 -> 43 (+40)
[22:24:54]   Plants: 0 -> 3 (+3)
[22:25:15] --- GLOBALS: GEN 5 -> 6 | Phase: solar -> drafting | Temp: -22 -> -20 ---
[22:25:15] Geekdumb:
[22:25:15]   MC: 0 -> 37 (+37)
[22:25:15]   Steel: 1 -> 2 (+1)
[22:25:15]   Ti: 4 -> 8 (+4)
[22:25:15]   Plants: 0 -> 1 (+1)
[22:25:15]   Energy: 0 -> 3 (+3)
[22:25:15]   Actions(game): 52 -> 53 (+1)
[22:25:15]   Actions(round): 2 -> 0 (-2)
[22:25:16] Gydro:
[22:25:16]   MC: 4 -> 38 (+34)
[22:25:16]   Plants: 2 -> 5 (+3)
[22:25:16]   Energy: 0 -> 3 (+3)
[22:25:16]   Heat: 15 -> 21 (+6)
[22:25:37] --- GLOBALS: Phase: drafting -> research ---
[22:25:38] Gydro:
[22:25:38]   MC: 38 -> 32 (-6)
[22:25:38]   Cards: 3 -> 5 (+2)
[22:25:38]   CARDS ADDED to hand: Convoy From Europa, Productive Outpost
[22:26:00] --- GLOBALS: Phase: research -> action ---
[22:26:00] Geekdumb:
[22:26:00]   MC: 37 -> 28 (-9)
[22:26:00]   Cards: 6 -> 9 (+3)
[22:26:00]   CARDS ADDED to hand: Dawn City, Meat Industry, Sulphur-Eating Bacteria
[22:26:02] Pokemar:
[22:26:02]   MC: 43 -> 35 (-8)
[22:26:02]   Cards: 10 -> 9 (-1)
[22:26:02]   Tableau: 16 -> 17 (+1)
[22:26:02]   Actions(game): 43 -> 45 (+2)
[22:26:02]   Actions(round): 0 -> 1 (+1)
[22:26:02]   VP: 34 -> 35 (+1)
[22:26:02]   NEW CARDS PLAYED: Mars University
[22:26:02]   CARDS GONE from hand: Beam From A Thorium Asteroid, Mars University
[22:26:02]   CARDS ADDED to hand: Nitrogen from Titan
[22:26:22] Geekdumb:
[22:26:22]   Actions(game): 53 -> 54 (+1)
[22:26:25] Pokemar:
[22:26:25]   MC: 35 -> 23 (-12)
[22:26:25]   Cards: 9 -> 8 (-1)
[22:26:25]   Tableau: 17 -> 18 (+1)
[22:26:25]   Actions(game): 45 -> 46 (+1)
[22:26:25]   Actions(round): 1 -> 0 (-1)
[22:26:25]   NEW CARDS PLAYED: Physics Complex
[22:26:25]   CARDS GONE from hand: Nitrogen from Titan, Physics Complex
[22:26:25]   CARDS ADDED to hand: Tropical Resort
[22:26:46] Geekdumb:
[22:26:46]   MC: 28 -> 23 (-5)
[22:26:46]   MC prod: 10 -> 12 (+2)
[22:26:46]   Energy: 3 -> 1 (-2)
[22:26:46]   Actions(game): 54 -> 56 (+2)
[22:26:46]   Colonies: 1 -> 2 (+1)
[22:26:47] Gydro:
[22:26:47]   MC: 32 -> 16 (-16)
[22:26:47]   Actions(game): 45 -> 48 (+3)
[22:26:47]   VP: 44 -> 54 (+10)
[22:26:48] Pokemar:
[22:26:48]   MC: 23 -> 25 (+2)
[22:26:48]   Actions(game): 46 -> 47 (+1)
[22:27:08] Geekdumb:
[22:27:08]   Actions(game): 56 -> 57 (+1)
[22:27:10] Pokemar:
[22:27:10]   MC: 25 -> 13 (-12)
[22:27:10]   Plant prod: 3 -> 4 (+1)
[22:27:10]   Energy prod: 0 -> 6 (+6)
[22:27:10]   Cards: 8 -> 6 (-2)
[22:27:10]   Tableau: 18 -> 20 (+2)
[22:27:10]   Actions(game): 47 -> 49 (+2)
[22:27:10]   NEW CARDS PLAYED: Mass Converter, Moss
[22:27:10]   CARDS GONE from hand: Mass Converter, Tropical Resort
[22:27:30] --- GLOBALS: O2: 9 -> 10 ---
[22:27:30] Geekdumb:
[22:27:30]   TR: 27 -> 28 (+1)
[22:27:30]   MC: 23 -> 13 (-10)
[22:27:30]   Cards: 9 -> 8 (-1)
[22:27:30]   Tableau: 14 -> 15 (+1)
[22:27:30]   Actions(game): 57 -> 59 (+2)
[22:27:30]   VP: 31 -> 32 (+1)
[22:27:30]   NEW CARDS PLAYED: Sulphur-Eating Bacteria
[22:27:31]   CARDS GONE from hand: Sulphur-Eating Bacteria
[22:27:31] Gydro:
[22:27:31]   Actions(game): 48 -> 49 (+1)
[22:28:16] Gydro:
[22:28:16]   MC: 16 -> 8 (-8)
[22:28:16]   Actions(game): 49 -> 50 (+1)
[22:28:16]   Actions(round): 0 -> 1 (+1)
[22:28:16]   VP: 54 -> 59 (+5)
[22:28:17] Pokemar:
[22:28:17]   VP: 35 -> 37 (+2)
[22:28:37] Geekdumb:
[22:28:37]   MC: 13 -> 9 (-4)
[22:28:37]   Ti: 8 -> 9 (+1)
[22:28:38] Gydro:
[22:28:38]   Ti: 1 -> 5 (+4)
[22:28:38]   Energy: 3 -> 0 (-3)
[22:28:38]   Actions(game): 50 -> 51 (+1)
[22:28:38]   Actions(round): 1 -> 0 (-1)
[22:28:39] Pokemar:
[22:28:39]   MC: 13 -> 4 (-9)
[22:28:39]   Ti: 1 -> 2 (+1)
[22:28:39]   Plants: 3 -> 4 (+1)
[22:28:39]   Plant prod: 4 -> 6 (+2)
[22:28:39]   Cards: 6 -> 5 (-1)
[22:28:39]   Tableau: 20 -> 21 (+1)
[22:28:39]   Actions(game): 49 -> 51 (+2)
[22:28:39]   Actions(round): 0 -> 1 (+1)
[22:28:39]   NEW CARDS PLAYED: Insects
[22:28:39]   CARDS GONE from hand: Insects
[22:29:00] Geekdumb:
[22:29:00]   MC: 9 -> 8 (-1)
[22:29:00]   Actions(game): 59 -> 61 (+2)
[22:29:00]   Actions(round): 0 -> 1 (+1)
[22:29:01] Pokemar:
[22:29:01]   Actions(game): 51 -> 52 (+1)
[22:29:01]   Actions(round): 1 -> 0 (-1)
[22:29:22] --- GLOBALS: Oceans: 5 -> 6 ---
[22:29:22] Geekdumb:
[22:29:22]   MC: 8 -> 4 (-4)
[22:29:22]   Heat prod: 0 -> 1 (+1)
[22:29:22]   Actions(game): 61 -> 62 (+1)
[22:29:22]   Actions(round): 1 -> 0 (-1)
[22:29:23] Gydro:
[22:29:23]   TR: 34 -> 35 (+1)
[22:29:23]   MC: 8 -> 10 (+2)
[22:29:23]   Ti: 5 -> 0 (-5)
[22:29:23]   Plants: 5 -> 6 (+1)
[22:29:23]   Heat: 21 -> 23 (+2)
[22:29:23]   Tableau: 8 -> 9 (+1)
[22:29:23]   Actions(game): 51 -> 54 (+3)
[22:29:23]   Actions(round): 0 -> 2 (+2)
[22:29:23]   VP: 59 -> 60 (+1)
[22:29:23]   NEW CARDS PLAYED: Convoy From Europa
[22:29:23]   CARDS GONE from hand: Convoy From Europa
[22:29:23]   CARDS ADDED to hand: Hired Raiders
[22:29:44] --- GLOBALS: Temp: -20 -> -18 ---
[22:29:44] Geekdumb:
[22:29:44]   Actions(game): 62 -> 65 (+3)
[22:29:45] Gydro:
[22:29:45]   TR: 35 -> 36 (+1)
[22:29:45]   Actions(game): 54 -> 55 (+1)
[22:29:45]   Actions(round): 2 -> 0 (-2)
[22:29:45]   VP: 60 -> 61 (+1)
[22:30:07] --- GLOBALS: Temp: -18 -> -16 ---
[22:30:07] Geekdumb:
[22:30:07]   Actions(game): 65 -> 66 (+1)
[22:30:08] Gydro:
[22:30:08]   TR: 36 -> 37 (+1)
[22:30:08]   MC: 10 -> 12 (+2)
[22:30:08]   Heat: 23 -> 15 (-8)
[22:30:08]   Cards: 5 -> 4 (-1)
[22:30:08]   Tableau: 9 -> 10 (+1)
[22:30:08]   Actions(game): 55 -> 57 (+2)
[22:30:08]   VP: 61 -> 62 (+1)
[22:30:08]   NEW CARDS PLAYED: Hired Raiders
[22:30:08]   CARDS GONE from hand: Hired Raiders
[22:30:09] Pokemar:
[22:30:09]   MC: 4 -> 1 (-3)
[22:30:29] Geekdumb:
[22:30:29]   MC: 4 -> 1 (-3)
[22:30:29]   Ti: 9 -> 2 (-7)
[22:30:29]   Ti prod: 4 -> 5 (+1)
[22:30:29]   Energy prod: 3 -> 2 (-1)
[22:30:29]   Heat prod: 1 -> 3 (+2)
[22:30:29]   Cards: 8 -> 6 (-2)
[22:30:29]   Tableau: 15 -> 17 (+2)
[22:30:29]   Actions(game): 66 -> 68 (+2)
[22:30:29]   Cities: 0 -> 1 (+1)
[22:30:29]   VP: 32 -> 35 (+3)
[22:30:29]   NEW CARDS PLAYED: Dawn City, Import of Advanced GHG
[22:30:29]   CARDS GONE from hand: Dawn City, Import of Advanced GHG
[22:30:30] Gydro:
[22:30:30]   Actions(game): 57 -> 58 (+1)
[22:30:52] --- GLOBALS: Temp: -16 -> -14 ---
[22:30:52] Geekdumb:
[22:30:52]   Actions(game): 68 -> 70 (+2)
[22:30:52] Gydro:
[22:30:52]   TR: 37 -> 38 (+1)
[22:30:52]   MC: 12 -> 13 (+1)
[22:30:52]   Ti: 0 -> 1 (+1)
[22:30:52]   Plants: 6 -> 7 (+1)
[22:30:52]   Heat: 15 -> 7 (-8)
[22:30:52]   Cards: 4 -> 3 (-1)
[22:30:52]   Tableau: 10 -> 11 (+1)
[22:30:52]   Actions(game): 58 -> 61 (+3)
[22:30:52]   VP: 62 -> 63 (+1)
[22:30:52]   NEW CARDS PLAYED: Productive Outpost
[22:30:52]   CARDS GONE from hand: Productive Outpost
[22:31:14] --- GLOBALS: Phase: action -> solar | Temp: -14 -> -12 ---
[22:31:14] Geekdumb:
[22:31:14]   MC: 1 -> 41 (+40)
[22:31:14]   Steel: 2 -> 3 (+1)
[22:31:14]   Ti: 2 -> 7 (+5)
[22:31:14]   Plants: 1 -> 2 (+1)
[22:31:14]   Energy: 1 -> 2 (+1)
[22:31:14]   Heat: 1 -> 5 (+4)
[22:31:15] Gydro:
[22:31:15]   TR: 38 -> 39 (+1)
[22:31:15]   MC: 13 -> 39 (+26)
[22:31:15]   Plants: 7 -> 10 (+3)
[22:31:15]   Energy: 0 -> 3 (+3)
[22:31:15]   Heat: 7 -> 13 (+6)
[22:31:15]   Cards: 3 -> 2 (-1)
[22:31:15]   Actions(game): 61 -> 64 (+3)
[22:31:15]   VP: 63 -> 64 (+1)
[22:31:15]   CARDS GONE from hand: Methane From Titan
[22:31:15] Pokemar:
[22:31:15]   MC: 1 -> 41 (+40)
[22:31:15]   Plants: 4 -> 10 (+6)
[22:31:15]   Energy: 0 -> 6 (+6)
[22:31:36] --- GLOBALS: GEN 6 -> 7 | Phase: solar -> drafting | Venus: 14 -> 16 ---
[22:31:58] --- GLOBALS: Phase: drafting -> research ---
[22:32:21] --- GLOBALS: Phase: research -> action ---
[22:32:21] Geekdumb:
[22:32:21]   MC: 41 -> 35 (-6)
[22:32:21]   Cards: 6 -> 8 (+2)
[22:32:21]   Actions(game): 70 -> 71 (+1)
[22:32:21]   CARDS ADDED to hand: Aerobraked Ammonia Asteroid, Nitrogen-Rich Asteroid
[22:32:22] Pokemar:
[22:32:22]   MC: 41 -> 35 (-6)
[22:32:22]   Cards: 5 -> 7 (+2)
[22:32:22]   CARDS ADDED to hand: Lightning Harvest, Nuclear Power
[22:32:43] Geekdumb:
[22:32:43]   MC: 35 -> 17 (-18)
[22:32:43]   Energy: 2 -> 0 (-2)
[22:32:43]   Energy prod: 2 -> 1 (-1)
[22:32:43]   Cards: 8 -> 7 (-1)
[22:32:43]   Tableau: 17 -> 18 (+1)
[22:32:43]   Actions(game): 71 -> 73 (+2)
[22:32:43]   Cities: 1 -> 2 (+1)
[22:32:43]   VP: 35 -> 38 (+3)
[22:32:43]   NEW CARDS PLAYED: Maxwell Base
[22:32:43]   CARDS GONE from hand: Maxwell Base
[22:32:44] Gydro:
[22:32:44]   Actions(game): 64 -> 65 (+1)
[22:33:07] Gydro:
[22:33:07]   Plants: 10 -> 14 (+4)
[22:33:07]   Energy: 3 -> 0 (-3)
[22:33:07]   Actions(game): 65 -> 66 (+1)
[22:33:07]   Actions(round): 0 -> 1 (+1)
[22:33:28] --- GLOBALS: O2: 10 -> 11 ---
[22:33:29] Gydro:
[22:33:29]   TR: 39 -> 40 (+1)
[22:33:29]   MC: 39 -> 43 (+4)
[22:33:29]   Steel: 1 -> 2 (+1)
[22:33:29]   Plants: 14 -> 7 (-7)
[22:33:29]   Actions(game): 66 -> 67 (+1)
[22:33:29]   Actions(round): 1 -> 0 (-1)
[22:33:29]   VP: 64 -> 66 (+2)
[22:33:30] Pokemar:
[22:33:30]   Actions(game): 52 -> 53 (+1)
[22:33:51] --- GLOBALS: O2: 11 -> 12 ---
[22:33:51] Geekdumb:
[22:33:51]   Actions(game): 73 -> 74 (+1)
[22:33:52] Pokemar:
[22:33:52]   TR: 29 -> 30 (+1)
[22:33:52]   MC: 35 -> 37 (+2)
[22:33:52]   Plants: 10 -> 2 (-8)
[22:33:52]   Energy: 6 -> 0 (-6)
[22:33:52]   Actions(game): 53 -> 55 (+2)
[22:33:52]   VP: 37 -> 42 (+5)
[22:34:13] Geekdumb:
[22:34:13]   MC: 17 -> 13 (-4)
[22:34:13]   Energy prod: 1 -> 2 (+1)
[22:34:13]   Actions(game): 74 -> 75 (+1)
[22:34:13]   Actions(round): 0 -> 1 (+1)
[22:34:36] --- GLOBALS: Temp: -12 -> -8 ---
[22:34:36] Geekdumb:
[22:34:36]   MC: 13 -> 2 (-11)
[22:34:36]   Ti: 7 -> 2 (-5)
[22:34:36]   Plant prod: 1 -> 2 (+1)
[22:34:36]   Heat prod: 3 -> 6 (+3)
[22:34:36]   Cards: 7 -> 6 (-1)
[22:34:36]   Tableau: 18 -> 19 (+1)
[22:34:36]   Actions(game): 75 -> 76 (+1)
[22:34:36]   Actions(round): 1 -> 0 (-1)
[22:34:36]   NEW CARDS PLAYED: Aerobraked Ammonia Asteroid
[22:34:36]   CARDS GONE from hand: Aerobraked Ammonia Asteroid
[22:34:37] Gydro:
[22:34:37]   TR: 40 -> 42 (+2)
[22:34:37]   Heat: 13 -> 5 (-8)
[22:34:37]   Actions(game): 67 -> 70 (+3)
[22:34:37]   VP: 66 -> 68 (+2)
[22:34:38] Pokemar:
[22:34:38]   Actions(game): 55 -> 56 (+1)
[22:34:59] --- GLOBALS: O2: 12 -> 13 ---
[22:34:59] Geekdumb:
[22:34:59]   TR: 28 -> 29 (+1)
[22:34:59]   Actions(game): 76 -> 79 (+3)
[22:34:59]   VP: 38 -> 39 (+1)
[22:34:59] Gydro:
[22:34:59]   Actions(game): 70 -> 71 (+1)
[22:35:00] Pokemar:
[22:35:00]   MC: 37 -> 19 (-18)
[22:35:00]   MC prod: 11 -> 10 (-1)
[22:35:00]   Energy prod: 6 -> 10 (+4)
[22:35:00]   Cards: 7 -> 5 (-2)
[22:35:00]   Tableau: 21 -> 23 (+2)
[22:35:00]   Actions(game): 56 -> 58 (+2)
[22:35:00]   VP: 42 -> 43 (+1)
[22:35:00]   NEW CARDS PLAYED: Lightning Harvest, Nuclear Power
[22:35:00]   CARDS GONE from hand: Lightning Harvest, Nuclear Power
[22:35:43] --- GLOBALS: Temp: -8 -> -6 ---
[22:35:44] Gydro:
[22:35:44]   TR: 42 -> 43 (+1)
[22:35:44]   MC: 43 -> 29 (-14)
[22:35:44]   Actions(game): 71 -> 72 (+1)
[22:35:44]   Actions(round): 0 -> 1 (+1)
[22:35:44]   VP: 68 -> 69 (+1)
[22:36:06] --- GLOBALS: Temp: -6 -> -4 | Oceans: 6 -> 7 ---
[22:36:07] Gydro:
[22:36:07]   TR: 43 -> 44 (+1)
[22:36:07]   MC: 29 -> 15 (-14)
[22:36:07]   Actions(game): 72 -> 73 (+1)
[22:36:07]   Actions(round): 1 -> 0 (-1)
[22:36:07]   VP: 69 -> 70 (+1)
[22:36:08] Pokemar:
[22:36:08]   TR: 30 -> 31 (+1)
[22:36:08]   MC: 19 -> 4 (-15)
[22:36:08]   MC prod: 10 -> 8 (-2)
[22:36:08]   Steel: 0 -> 1 (+1)
[22:36:08]   Heat prod: 0 -> 3 (+3)
[22:36:08]   Cards: 5 -> 4 (-1)
[22:36:08]   Tableau: 23 -> 24 (+1)
[22:36:08]   Actions(game): 58 -> 60 (+2)
[22:36:08]   Actions(round): 0 -> 1 (+1)
[22:36:08]   VP: 43 -> 44 (+1)
[22:36:08]   NEW CARDS PLAYED: Black Polar Dust
[22:36:08]   CARDS GONE from hand: Black Polar Dust
[22:36:28] Geekdumb:
[22:36:28]   MC: 2 -> 1 (-1)
[22:36:28]   Actions(game): 79 -> 82 (+3)
[22:36:29] Gydro:
[22:36:29]   Actions(game): 73 -> 74 (+1)
[22:36:30] Pokemar:
[22:36:30]   MC: 4 -> 2 (-2)
[22:36:30]   MC prod: 8 -> 10 (+2)
[22:36:30]   Ti: 2 -> 0 (-2)
[22:36:30]   Cards: 4 -> 3 (-1)
[22:36:30]   Tableau: 24 -> 25 (+1)
[22:36:30]   Actions(game): 60 -> 61 (+1)
[22:36:30]   Actions(round): 1 -> 0 (-1)
[22:36:30]   VP: 44 -> 45 (+1)
[22:36:30]   NEW CARDS PLAYED: Miranda Resort
[22:36:30]   CARDS GONE from hand: Miranda Resort
[22:37:13] --- GLOBALS: Temp: -4 -> -2 ---
[22:37:14] Gydro:
[22:37:14]   TR: 44 -> 45 (+1)
[22:37:14]   MC: 15 -> 1 (-14)
[22:37:14]   Actions(game): 74 -> 75 (+1)
[22:37:14]   Actions(round): 0 -> 1 (+1)
[22:37:14]   VP: 70 -> 71 (+1)
[22:37:36] --- GLOBALS: Phase: action -> solar ---
[22:37:36] Geekdumb:
[22:37:36]   MC: 1 -> 42 (+41)
[22:37:36]   Steel: 3 -> 4 (+1)
[22:37:36]   Ti: 2 -> 7 (+5)
[22:37:36]   Plants: 2 -> 4 (+2)
[22:37:36]   Energy: 0 -> 2 (+2)
[22:37:36]   Heat: 5 -> 11 (+6)
[22:37:36]   Actions(game): 82 -> 85 (+3)
[22:37:37] Gydro:
[22:37:37]   MC: 1 -> 46 (+45)
[22:37:37]   Plants: 7 -> 10 (+3)
[22:37:37]   Energy: 0 -> 3 (+3)
[22:37:37]   Heat: 5 -> 11 (+6)
[22:37:37]   Actions(game): 75 -> 76 (+1)
[22:37:37]   Actions(round): 1 -> 0 (-1)
[22:37:37] Pokemar:
[22:37:37]   MC: 2 -> 43 (+41)
[22:37:37]   Plants: 2 -> 8 (+6)
[22:37:37]   Energy: 0 -> 10 (+10)
[22:37:37]   Heat: 0 -> 3 (+3)
[22:37:37]   Actions(game): 61 -> 63 (+2)
[22:37:58] --- GLOBALS: GEN 7 -> 8 | Phase: solar -> drafting | Venus: 16 -> 18 ---
[22:38:44] --- GLOBALS: Phase: drafting -> research ---
[22:38:44] Geekdumb:
[22:38:44]   MC: 42 -> 36 (-6)
[22:38:44]   Cards: 6 -> 8 (+2)
[22:38:44]   CARDS ADDED to hand: Big Asteroid, Cloud Tourism
[22:38:45] Pokemar:
[22:38:45]   MC: 43 -> 34 (-9)
[22:38:45]   Cards: 3 -> 6 (+3)
[22:38:45]   CARDS ADDED to hand: Bushes, Neutralizer Factory, Quantum Extractor
[22:39:06] --- GLOBALS: Phase: research -> action | Temp: -2 -> 0 ---
[22:39:06] Geekdumb:
[22:39:06]   MC: 36 -> 38 (+2)
[22:39:07] --- GLOBALS: Oceans: 7 -> 8 ---
[22:39:07] Gydro:
[22:39:07]   TR: 45 -> 47 (+2)
[22:39:07]   MC: 46 -> 55 (+9)
[22:39:07]   Plants: 10 -> 12 (+2)
[22:39:07]   Energy: 3 -> 0 (-3)
[22:39:07]   Heat: 11 -> 3 (-8)
[22:39:07]   Cards: 2 -> 3 (+1)
[22:39:07]   Actions(game): 76 -> 79 (+3)
[22:39:07]   VP: 71 -> 73 (+2)
[22:39:07]   CARDS ADDED to hand: Lake Marineris
[22:39:08] Pokemar:
[22:39:08]   MC: 34 -> 36 (+2)
[22:39:08]   Actions(game): 63 -> 64 (+1)
[22:39:28] Geekdumb:
[22:39:28]   VP: 39 -> 41 (+2)
[22:39:30] Pokemar:
[22:39:30]   MC: 36 -> 22 (-14)
[22:39:30]   Actions(game): 64 -> 65 (+1)
[22:39:30]   Actions(round): 0 -> 1 (+1)
[22:39:30]   VP: 45 -> 50 (+5)
[22:40:13] --- GLOBALS: Temp: 0 -> 2 ---
[22:40:13] Geekdumb:
[22:40:13]   TR: 29 -> 30 (+1)
[22:40:13]   Heat: 11 -> 3 (-8)
[22:40:13]   Actions(game): 85 -> 87 (+2)
[22:40:13]   Actions(round): 0 -> 1 (+1)
[22:40:13]   VP: 41 -> 44 (+3)
[22:40:14] Gydro:
[22:40:14]   VP: 73 -> 75 (+2)
[22:40:15] Pokemar:
[22:40:15]   MC: 22 -> 2 (-20)
[22:40:15]   Actions(game): 65 -> 66 (+1)
[22:40:15]   Actions(round): 1 -> 0 (-1)
[22:40:15]   VP: 50 -> 55 (+5)
[22:40:36] --- GLOBALS: Oceans: 8 -> 9 ---
[22:40:36] Geekdumb:
[22:40:36]   Ti: 7 -> 12 (+5)
[22:40:36]   Energy: 2 -> 0 (-2)
[22:40:36]   Actions(game): 87 -> 88 (+1)
[22:40:36]   Actions(round): 1 -> 0 (-1)
[22:40:37] Gydro:
[22:40:37]   TR: 47 -> 48 (+1)
[22:40:37]   MC: 55 -> 39 (-16)
[22:40:37]   Ti: 1 -> 2 (+1)
[22:40:37]   Plants: 12 -> 13 (+1)
[22:40:37]   Cards: 3 -> 2 (-1)
[22:40:37]   Tableau: 11 -> 12 (+1)
[22:40:37]   Actions(game): 79 -> 81 (+2)
[22:40:37]   Actions(round): 0 -> 1 (+1)
[22:40:37]   VP: 75 -> 78 (+3)
[22:40:37]   NEW CARDS PLAYED: Lake Marineris
[22:40:37]   CARDS GONE from hand: Lake Marineris
[22:40:37] Pokemar:
[22:40:37]   Ti: 0 -> 1 (+1)
[22:40:58] --- GLOBALS: Temp: 2 -> 4 | O2: 13 -> 14 ---
[22:40:58] Geekdumb:
[22:40:58]   Actions(game): 88 -> 89 (+1)
[22:40:59] Gydro:
[22:40:59]   TR: 48 -> 50 (+2)
[22:40:59]   MC: 39 -> 35 (-4)
[22:40:59]   Plants: 13 -> 5 (-8)
[22:40:59]   Actions(game): 81 -> 82 (+1)
[22:40:59]   Actions(round): 1 -> 0 (-1)
[22:40:59]   VP: 78 -> 81 (+3)
[22:40:59] Pokemar:
[22:40:59]   MC: 2 -> 8 (+6)
[22:40:59]   Plants: 8 -> 0 (-8)
[22:40:59]   Energy: 10 -> 4 (-6)
[22:40:59]   Actions(game): 66 -> 69 (+3)
[22:40:59]   VP: 55 -> 58 (+3)
[22:41:20] --- GLOBALS: Temp: 4 -> 8 ---
[22:41:20] Geekdumb:
[22:41:20]   TR: 30 -> 32 (+2)
[22:41:20]   Ti: 12 -> 7 (-5)
[22:41:20]   Cards: 8 -> 7 (-1)
[22:41:20]   Tableau: 19 -> 20 (+1)
[22:41:20]   Actions(game): 89 -> 90 (+1)
[22:41:20]   Actions(round): 0 -> 1 (+1)
[22:41:20]   VP: 44 -> 46 (+2)
[22:41:20]   NEW CARDS PLAYED: Big Asteroid
[22:41:20]   CARDS GONE from hand: Big Asteroid
[22:41:43] Gydro:
[22:41:43]   Plants: 5 -> 1 (-4)
[22:41:43]   Actions(game): 82 -> 83 (+1)
[22:42:05] Geekdumb:
[22:42:05]   MC: 38 -> 14 (-24)
[22:42:05]   Cards: 7 -> 6 (-1)
[22:42:05]   Tableau: 20 -> 21 (+1)
[22:42:05]   Actions(game): 90 -> 91 (+1)
[22:42:05]   Actions(round): 1 -> 0 (-1)
[22:42:05]   VP: 46 -> 50 (+4)
[22:42:05]   NEW CARDS PLAYED: Interstellar Colony Ship
[22:42:05]   CARDS GONE from hand: Interstellar Colony Ship
[22:42:06] Gydro:
[22:42:06]   MC: 35 -> 10 (-25)
[22:42:06]   MC prod: 0 -> 1 (+1)
[22:42:06]   Heat: 3 -> 5 (+2)
[22:42:06]   Actions(game): 83 -> 84 (+1)
[22:42:06]   Actions(round): 0 -> 1 (+1)
[22:42:06]   Cities: 0 -> 1 (+1)
[22:42:06]   VP: 81 -> 86 (+5)
[22:42:28] Gydro:
[22:42:28]   MC: 10 -> 11 (+1)
[22:42:29] Pokemar:
[22:42:29]   Actions(game): 69 -> 70 (+1)
[22:42:50] Gydro:
[22:42:50]   MC: 11 -> 12 (+1)
[22:42:50]   Cards: 2 -> 1 (-1)
[22:42:50]   Actions(game): 84 -> 85 (+1)
[22:42:50]   Actions(round): 1 -> 0 (-1)
[22:42:50]   CARDS GONE from hand: Atalanta Planitia Lab
[22:42:51] Pokemar:
[22:42:51]   Energy: 4 -> 0 (-4)
[22:42:51]   Cards: 6 -> 7 (+1)
[22:42:51]   Actions(game): 70 -> 71 (+1)
[22:42:51]   Actions(round): 0 -> 1 (+1)
[22:42:51]   CARDS ADDED to hand: Penguins
[22:43:12] Geekdumb:
[22:43:12]   MC: 14 -> 2 (-12)
[22:43:12]   MC prod: 12 -> 15 (+3)
[22:43:12]   Cards: 6 -> 5 (-1)
[22:43:12]   Tableau: 21 -> 22 (+1)
[22:43:12]   Actions(game): 91 -> 94 (+3)
[22:43:12]   VP: 50 -> 51 (+1)
[22:43:12]   NEW CARDS PLAYED: Cloud Tourism
[22:43:12]   CARDS GONE from hand: Cloud Tourism
[22:43:13] Gydro:
[22:43:13]   Actions(game): 85 -> 86 (+1)
[22:43:13] Pokemar:
[22:43:13]   MC: 8 -> 16 (+8)
[22:43:13]   Plants: 0 -> 1 (+1)
[22:43:13]   Cards: 7 -> 6 (-1)
[22:43:13]   Tableau: 25 -> 26 (+1)
[22:43:13]   Actions(game): 71 -> 72 (+1)
[22:43:13]   Actions(round): 1 -> 0 (-1)
[22:43:13]   NEW CARDS PLAYED: Harvest
[22:43:13]   CARDS GONE from hand: Harvest
[22:43:37] Gydro:
[22:43:37]   MC: 12 -> 2 (-10)
[22:43:37]   Cards: 1 -> 0 (-1)
[22:43:37]   Tableau: 12 -> 13 (+1)
[22:43:37]   Actions(game): 86 -> 88 (+2)
[22:43:37]   VP: 86 -> 87 (+1)
[22:43:37]   NEW CARDS PLAYED: Birds
[22:43:38] Pokemar:
[22:43:38]   Plant prod: 6 -> 4 (-2)
[22:43:38]   Actions(game): 72 -> 73 (+1)
[22:44:00] Pokemar:
[22:44:00]   MC: 16 -> 9 (-7)
[22:44:00]   MC prod: 10 -> 11 (+1)
[22:44:00]   Cards: 6 -> 5 (-1)
[22:44:00]   Tableau: 26 -> 27 (+1)
[22:44:00]   Actions(game): 73 -> 74 (+1)
[22:44:00]   Actions(round): 0 -> 1 (+1)
[22:44:00]   VP: 58 -> 59 (+1)
[22:44:00]   NEW CARDS PLAYED: Penguins
[22:44:00]   CARDS GONE from hand: Penguins
[22:44:23] Pokemar:
[22:44:23]   MC: 9 -> 12 (+3)
[22:44:23]   Cards: 5 -> 2 (-3)
[22:44:23]   Actions(game): 74 -> 75 (+1)
[22:44:23]   Actions(round): 1 -> 0 (-1)
[22:44:23]   CARDS GONE from hand: Bushes, Quantum Extractor, Sky Docks
[22:44:43] Geekdumb:
[22:44:43]   Actions(game): 94 -> 95 (+1)
[22:45:06] Geekdumb:
[22:45:06]   Ti: 7 -> 3 (-4)
[22:45:06]   Cards: 5 -> 4 (-1)
[22:45:06]   Tableau: 22 -> 23 (+1)
[22:45:06]   Actions(game): 95 -> 97 (+2)
[22:45:06]   Cities: 2 -> 3 (+1)
[22:45:06]   VP: 51 -> 53 (+2)
[22:45:06]   NEW CARDS PLAYED: Stanford Torus
[22:45:06]   CARDS GONE from hand: Stanford Torus
[22:45:06] Gydro:
[22:45:06]   Actions(game): 88 -> 90 (+2)
[22:45:07] Pokemar:
[22:45:07]   Actions(game): 75 -> 76 (+1)
[22:45:28] Geekdumb:
[22:45:28]   MC: 2 -> 0 (-2)
[22:45:28]   Actions(game): 97 -> 98 (+1)
[22:45:29] Pokemar:
[22:45:29]   MC: 12 -> 1 (-11)
[22:45:29]   Plants: 1 -> 4 (+3)
[22:45:29]   Cards: 2 -> 1 (-1)
[22:45:29]   Tableau: 27 -> 28 (+1)
[22:45:29]   Actions(game): 76 -> 78 (+2)
[22:45:29]   VP: 59 -> 63 (+4)
[22:45:29]   NEW CARDS PLAYED: Advanced Ecosystems
[22:45:29]   CARDS GONE from hand: Advanced Ecosystems
[22:45:50] Geekdumb:
[22:45:50]   MC: 0 -> 22 (+22)
[22:45:50]   Ti: 3 -> 0 (-3)
[22:45:50]   Cards: 4 -> 3 (-1)
[22:45:50]   Tableau: 23 -> 24 (+1)
[22:45:50]   Actions(game): 98 -> 100 (+2)
[22:45:50]   Cities: 3 -> 4 (+1)
[22:45:50]   VP: 53 -> 61 (+8)
[22:45:50]   NEW CARDS PLAYED: Ganymede Colony
[22:45:50]   CARDS GONE from hand: Ganymede Colony
[22:45:51] Gydro:
[22:45:51]   VP: 87 -> 85 (-2)
[22:45:52] Pokemar:
[22:45:52]   Actions(game): 78 -> 79 (+1)
[22:46:14] Pokemar:
[22:46:14]   MC: 1 -> 2 (+1)
[22:46:14]   Cards: 1 -> 0 (-1)
[22:46:14]   Actions(game): 79 -> 80 (+1)
[22:46:14]   Actions(round): 0 -> 1 (+1)
[22:54:14] Geekdumb:
[22:54:14]   Actions(game): 100 -> 101 (+1)
[22:54:15] Pokemar:
[22:54:15]   Actions(game): 80 -> 81 (+1)
[22:54:15]   Actions(round): 1 -> 0 (-1)
[22:55:21] --- GLOBALS: Phase: action -> production ---
[22:55:21] Geekdumb:
[22:55:21]   MC: 22 -> 69 (+47)
[22:55:21]   Steel: 4 -> 5 (+1)
[22:55:21]   Ti: 0 -> 5 (+5)
[22:55:21]   Plants: 4 -> 6 (+2)
[22:55:21]   Energy: 0 -> 2 (+2)
[22:55:21]   Heat: 3 -> 9 (+6)
[22:55:21]   Actions(game): 101 -> 102 (+1)
[22:55:21] Gydro:
[22:55:21]   MC: 2 -> 53 (+51)
[22:55:21]   Plants: 1 -> 4 (+3)
[22:55:21]   Energy: 0 -> 3 (+3)
[22:55:21]   Heat: 5 -> 11 (+6)
[22:55:22] Pokemar:
[22:55:22]   MC: 2 -> 44 (+42)
[22:55:22]   Plants: 4 -> 8 (+4)
[22:55:22]   Energy: 0 -> 10 (+10)
[22:55:22]   Heat: 3 -> 6 (+3)
[22:56:28] --- GLOBALS: Phase: production -> end ---
[22:56:29] Pokemar:
[22:56:29]   Ti: 1 -> 2 (+1)
[22:56:29]   Plants: 8 -> 0 (-8)
[22:56:29]   VP: 63 -> 65 (+2)
[22:56:29] === GAME OVER ===
[22:56:29] Geekdumb: 61 VP (TR:32)
[22:56:29] Gydro: 85 VP (TR:50)
[22:56:29] Pokemar: 65 VP (TR:31)
