[21:28:21] Game g229413606c9a on hellas
[21:28:21] Players: El(green), Mad(pink), Ita(orange)
[21:28:21] Spectator: sd7d1958b7c2e
[21:28:21] ============================================================
[21:28:22] Gen 1 | Phase: initial_drafting | Temp:-30 O2:0 Oceans:0 Venus:0
[21:28:22] El (green) — TR:20 VP:13 Tableau:0 Hand:0
[21:28:22]   MC:0(0) St:0(0) Ti:0(0) Pl:0(0) En:0(0) Ht:0(0)
[21:28:22] Mad (pink) — TR:20 VP:20 Tableau:0 Hand:0
[21:28:22]   MC:0(0) St:0(0) Ti:0(0) Pl:0(0) En:0(0) Ht:0(0)
[21:28:23] Ita (orange) — TR:20 VP:20 Tableau:0 Hand:0
[21:28:23]   MC:0(0) St:0(0) Ti:0(0) Pl:0(0) En:0(0) Ht:0(0)
[21:30:36] El:
[21:30:36]   VP: 13 -> 12 (-1)
[21:32:28] El:
[21:32:28]   VP: 12 -> 11 (-1)
[21:34:20] El:
[21:34:20]   VP: 11 -> 10 (-1)
[21:36:34] El:
[21:36:34]   VP: 10 -> 9 (-1)
[21:38:26] El:
[21:38:26]   VP: 9 -> 8 (-1)
[21:40:18] El:
[21:40:18]   VP: 8 -> 7 (-1)
