[19:17:40] Game g909e23236602 on elysium
[19:17:40] Players: wdkymyms(black), VitalyVit(green), Nihoka13(red)
[19:17:40] Spectator: s58c44bc2df3c
[19:17:40] ============================================================
[19:17:41] Gen 2 | Phase: action | Temp:-30 O2:0 Oceans:1 Venus:0
[19:17:41] wdkymyms (black) — TR:23 VP:23 Tableau:8 Hand:11
[19:17:41]   MC:12(1) St:12(0) Ti:0(0) Pl:0(0) En:0(0) Ht:0(0)
[19:17:41] VitalyVit (green) — TR:22 VP:27 Tableau:5 Hand:10
[19:17:41]   MC:10(-1) St:0(1) Ti:1(1) Pl:1(1) En:0(4) Ht:1(1)
[19:17:42] Nihoka13 (red) — TR:23 VP:23 Tableau:5 Hand:12
[19:17:42]   MC:19(0) St:0(0) Ti:1(1) Pl:3(0) En:0(0) Ht:3(3)
[19:18:05] Nihoka13:
[19:18:05]   MC: 19 -> 10 (-9)
[19:18:05]   Ti: 1 -> 0 (-1)
[19:18:05]   Tableau: 5 -> 6 (+1)
[19:18:05]   Actions(game): 7 -> 8 (+1)
[19:18:05]   Actions(round): 0 -> 1 (+1)
[19:18:05]   NEW CARDS PLAYED: Interplanetary Colony Ship
[19:18:05]   CARDS GONE from hand: Interplanetary Colony Ship
[19:18:05]   CARDS ADDED to hand: Earth Catapult
[19:18:28] Nihoka13:
[19:18:28]   Ti: 0 -> 3 (+3)
[19:18:28]   Colonies: 0 -> 1 (+1)
[19:18:49] VitalyVit:
[19:18:49]   MC: 10 -> 4 (-6)
[19:18:49]   Cards: 10 -> 9 (-1)
[19:18:49]   Tableau: 5 -> 6 (+1)
[19:18:49]   Actions(game): 12 -> 15 (+3)
[19:18:49]   NEW CARDS PLAYED: Standard Technology
[19:18:49]   CARDS GONE from hand: Standard Technology
[19:18:50] Nihoka13:
[19:18:50]   MC: 10 -> 9 (-1)
[19:18:50]   Ti: 3 -> 2 (-1)
[19:18:50]   Cards: 12 -> 11 (-1)
[19:18:50]   Tableau: 6 -> 7 (+1)
[19:18:50]   Actions(game): 8 -> 10 (+2)
[19:18:50]   Actions(round): 1 -> 0 (-1)
[19:18:50]   NEW CARDS PLAYED: Rim Freighters
[19:18:50]   CARDS GONE from hand: Rim Freighters
[19:19:11] --- GLOBALS: GEN 2 -> 3 | Phase: action -> drafting | Venus: 0 -> 2 ---
[19:19:11] wdkymyms:
[19:19:11]   MC: 12 -> 36 (+24)
[19:19:12] VitalyVit:
[19:19:12]   MC: 4 -> 25 (+21)
[19:19:12]   Steel: 0 -> 1 (+1)
[19:19:12]   Ti: 1 -> 2 (+1)
[19:19:12]   Plants: 1 -> 2 (+1)
[19:19:12]   Energy: 0 -> 4 (+4)
[19:19:12]   Heat: 1 -> 2 (+1)
[19:19:12] Nihoka13:
[19:19:12]   MC: 9 -> 32 (+23)
[19:19:12]   Ti: 2 -> 3 (+1)
[19:19:12]   Heat: 3 -> 6 (+3)
[19:19:12]   Actions(game): 10 -> 11 (+1)
[19:19:56] --- GLOBALS: Phase: drafting -> research ---
[19:19:56] wdkymyms:
[19:19:56]   MC: 36 -> 30 (-6)
[19:19:56]   Cards: 11 -> 13 (+2)
[19:19:56]   CARDS ADDED to hand: Nuclear Zone, Research
[19:20:20] --- GLOBALS: Phase: research -> action ---
[19:20:20] VitalyVit:
[19:20:20]   MC: 25 -> 19 (-6)
[19:20:20]   Cards: 9 -> 11 (+2)
[19:20:20]   Actions(game): 15 -> 16 (+1)
[19:20:20]   CARDS ADDED to hand: Giant Space Mirror, Neutralizer Factory
[19:20:21] Nihoka13:
[19:20:21]   MC: 32 -> 26 (-6)
[19:20:21]   Cards: 11 -> 13 (+2)
[19:20:21]   CARDS ADDED to hand: Olympus Conference, Pioneer Settlement
[19:20:43] VitalyVit:
[19:20:43]   MC: 19 -> 5 (-14)
[19:20:43]   Ti: 2 -> 5 (+3)
[19:20:43]   Actions(game): 16 -> 17 (+1)
[19:20:43]   Actions(round): 0 -> 1 (+1)
[19:20:43]   Colonies: 0 -> 1 (+1)
[19:21:05] VitalyVit:
[19:21:05]   Ti: 5 -> 8 (+3)
[19:21:05]   Energy: 4 -> 1 (-3)
[19:21:05]   Actions(game): 17 -> 18 (+1)
[19:21:05]   Actions(round): 1 -> 0 (-1)
[19:21:06] Nihoka13:
[19:21:06]   MC: 26 -> 3 (-23)
[19:21:06]   Ti: 3 -> 4 (+1)
[19:21:06]   Tableau: 7 -> 8 (+1)
[19:21:06]   Actions(game): 11 -> 13 (+2)
[19:21:06]   Actions(round): 0 -> 1 (+1)
[19:21:06]   VP: 23 -> 25 (+2)
[19:21:06]   NEW CARDS PLAYED: Earth Catapult
[19:21:06]   CARDS GONE from hand: Earth Catapult
[19:21:06]   CARDS ADDED to hand: Search For Life
[19:21:28] Nihoka13:
[19:21:28]   Cards: 13 -> 12 (-1)
[19:21:28]   Tableau: 8 -> 9 (+1)
[19:21:28]   Actions(game): 13 -> 14 (+1)
[19:21:28]   Actions(round): 1 -> 2 (+1)
[19:21:28]   NEW CARDS PLAYED: Sabotage
[19:21:28]   CARDS GONE from hand: Sabotage
[19:21:49] --- GLOBALS: Temp: -30 -> -26 ---
[19:21:49] wdkymyms:
[19:21:49]   TR: 23 -> 25 (+2)
[19:21:49]   MC: 30 -> 24 (-6)
[19:21:49]   Cards: 13 -> 12 (-1)
[19:21:49]   Tableau: 8 -> 9 (+1)
[19:21:49]   Actions(game): 14 -> 16 (+2)
[19:21:49]   Actions(round): 0 -> 1 (+1)
[19:21:49]   NEW CARDS PLAYED: Nuclear Zone
[19:21:49]   CARDS GONE from hand: Nuclear Zone
[19:21:50] VitalyVit:
[19:21:50]   Ti: 8 -> 5 (-3)
[19:21:51] Nihoka13:
[19:21:51]   Actions(round): 2 -> 0 (-2)
[19:22:11] wdkymyms:
[19:22:11]   MC prod: 1 -> 3 (+2)
[19:22:12]   Tableau: 9 -> 10 (+1)
[19:22:12]   Actions(game): 16 -> 17 (+1)
[19:22:12]   Actions(round): 1 -> 0 (-1)
[19:22:12]   NEW CARDS PLAYED: Hermetic Order of Mars
[19:22:12]   CARDS GONE from hand: Hermetic Order of Mars
[19:22:12]   CARDS ADDED to hand: Crash Site Cleanup
[19:22:12] VitalyVit:
[19:22:12]   MC: 5 -> 4 (-1)
[19:22:12]   Ti: 5 -> 0 (-5)
[19:22:12]   Energy: 1 -> 0 (-1)
[19:22:12]   Energy prod: 4 -> 7 (+3)
[19:22:12]   Cards: 11 -> 10 (-1)
[19:22:12]   Tableau: 6 -> 7 (+1)
[19:22:12]   Actions(game): 18 -> 21 (+3)
[19:22:12]   NEW CARDS PLAYED: Giant Space Mirror
[19:22:12]   CARDS GONE from hand: Giant Space Mirror
[19:22:13] Nihoka13:
[19:22:13]   Actions(game): 14 -> 15 (+1)
[19:23:42] Nihoka13:
[19:23:42]   MC: 3 -> 0 (-3)
[19:23:42]   MC prod: 0 -> -2 (-2)
[19:23:42]   Ti: 4 -> 2 (-2)
[19:23:42]   Heat: 6 -> 4 (-2)
[19:23:42]   Cards: 12 -> 11 (-1)
[19:23:42]   Tableau: 9 -> 10 (+1)
[19:23:42]   Actions(game): 15 -> 16 (+1)
[19:23:42]   Actions(round): 0 -> 1 (+1)
[19:23:42]   VP: 25 -> 27 (+2)
[19:23:42]   NEW CARDS PLAYED: Pioneer Settlement
[19:23:42]   CARDS GONE from hand: Pioneer Settlement
[19:24:05] Nihoka13:
[19:24:05]   TR: 23 -> 24 (+1)
[19:24:05]   Colonies: 1 -> 2 (+1)
[19:24:05]   VP: 27 -> 28 (+1)
[19:24:25] wdkymyms:
[19:24:25]   MC: 24 -> 13 (-11)
[19:24:25]   Cards: 12 -> 13 (+1)
[19:24:25]   Tableau: 10 -> 11 (+1)
[19:24:25]   Actions(game): 17 -> 19 (+2)
[19:24:25]   Actions(round): 0 -> 1 (+1)
[19:24:25]   VP: 23 -> 24 (+1)
[19:24:25]   NEW CARDS PLAYED: Research
[19:24:25]   CARDS GONE from hand: Research
[19:24:25]   CARDS ADDED to hand: Comet for Venus, Psychrophiles
[19:24:27] Nihoka13:
[19:24:27]   Steel prod: 0 -> 1 (+1)
[19:24:27]   Heat: 4 -> 2 (-2)
[19:24:27]   Cards: 11 -> 10 (-1)
[19:24:27]   Tableau: 10 -> 11 (+1)
[19:24:27]   Actions(game): 16 -> 17 (+1)
[19:24:27]   Actions(round): 1 -> 0 (-1)
[19:24:27]   NEW CARDS PLAYED: Mine
[19:24:27]   CARDS GONE from hand: Mine
[19:24:48] wdkymyms:
[19:24:48]   CARDS GONE from hand: Kelp Farming, Martian Zoo
[19:24:48]   CARDS ADDED to hand: Building Industries, Sub-zero Salt Fish
[19:25:10] wdkymyms:
[19:25:10]   MC: 13 -> 11 (-2)
[19:25:10]   Cards: 13 -> 12 (-1)
[19:25:10]   Tableau: 11 -> 12 (+1)
[19:25:10]   Actions(game): 19 -> 20 (+1)
[19:25:10]   Actions(round): 1 -> 0 (-1)
[19:25:10]   NEW CARDS PLAYED: Psychrophiles
[19:25:10]   CARDS GONE from hand: Psychrophiles
[19:25:11] VitalyVit:
[19:25:11]   Actions(game): 21 -> 23 (+2)
[19:25:11] Nihoka13:
[19:25:11]   Heat: 2 -> 1 (-1)
[19:25:11]   Cards: 10 -> 9 (-1)
[19:25:11]   Tableau: 11 -> 12 (+1)
[19:25:11]   Actions(game): 17 -> 19 (+2)
[19:25:11]   Actions(round): 0 -> 1 (+1)
[19:25:11]   NEW CARDS PLAYED: Search For Life
[19:25:11]   CARDS GONE from hand: Search For Life
[19:25:32] wdkymyms:
[19:25:32]   Actions(game): 20 -> 23 (+3)
[19:25:34] Nihoka13:
[19:25:34]   Heat: 1 -> 0 (-1)
[19:25:34]   Actions(game): 19 -> 21 (+2)
[19:25:34]   Actions(round): 1 -> 0 (-1)
[19:25:54] --- GLOBALS: GEN 3 -> 4 | Phase: action -> drafting | Venus: 2 -> 4 ---
[19:25:54] wdkymyms:
[19:25:54]   MC: 11 -> 39 (+28)
[19:25:55] VitalyVit:
[19:25:55]   MC: 4 -> 25 (+21)
[19:25:55]   Steel: 1 -> 2 (+1)
[19:25:55]   Ti: 0 -> 1 (+1)
[19:25:55]   Plants: 2 -> 3 (+1)
[19:25:55]   Energy: 0 -> 7 (+7)
[19:25:55]   Heat: 2 -> 3 (+1)
[19:25:56] Nihoka13:
[19:25:56]   TR: 24 -> 25 (+1)
[19:25:56]   MC: 0 -> 23 (+23)
[19:25:56]   Steel: 0 -> 1 (+1)
[19:25:56]   Ti: 2 -> 1 (-1)
[19:25:56]   Heat: 0 -> 3 (+3)
[19:25:56]   Actions(game): 21 -> 23 (+2)
[19:25:56]   VP: 28 -> 29 (+1)
[19:26:17] --- GLOBALS: Phase: drafting -> research ---
[19:26:39] wdkymyms:
[19:26:39]   MC: 39 -> 33 (-6)
[19:26:39]   Cards: 12 -> 14 (+2)
[19:26:39]   CARDS ADDED to hand: Convoy From Europa, Static Harvesting
[19:26:40] Nihoka13:
[19:26:40]   MC: 23 -> 17 (-6)
[19:26:40]   Cards: 9 -> 11 (+2)
[19:26:40]   CARDS ADDED to hand: Media Archives, Saturn Surfing
[19:27:01] --- GLOBALS: Phase: research -> action ---
[19:27:02] VitalyVit:
[19:27:02]   MC: 25 -> 16 (-9)
[19:27:02]   Cards: 10 -> 13 (+3)
[19:27:02]   CARDS ADDED to hand: Colonizer Training Camp, Rad-Chem Factory, Sponsored Academies
[19:27:03] Nihoka13:
[19:27:03]   Actions(game): 23 -> 24 (+1)
[19:27:24] wdkymyms:
[19:27:24]   Actions(game): 23 -> 24 (+1)
[19:27:25] Nihoka13:
[19:27:25]   MC: 17 -> 0 (-17)
[19:27:25]   Steel: 1 -> 0 (-1)
[19:27:25]   Heat: 3 -> 2 (-1)
[19:27:25]   Cards: 11 -> 10 (-1)
[19:27:25]   Tableau: 12 -> 14 (+2)
[19:27:25]   Actions(game): 24 -> 26 (+2)
[19:27:25]   VP: 29 -> 31 (+2)
[19:27:25]   NEW CARDS PLAYED: Carbon Nanosystems, Olympus Conference
[19:27:25]   CARDS GONE from hand: Carbon Nanosystems, Olympus Conference
[19:27:25]   CARDS ADDED to hand: Vesta Shipyard
[19:27:46] wdkymyms:
[19:27:46]   TR: 25 -> 26 (+1)
[19:27:46]   MC: 33 -> 18 (-15)
[19:27:46]   Actions(game): 24 -> 26 (+2)
[19:27:46]   Colonies: 0 -> 1 (+1)
[19:27:46]   VP: 24 -> 25 (+1)
[19:27:47] VitalyVit:
[19:27:47]   Actions(game): 23 -> 24 (+1)
[19:28:09] VitalyVit:
[19:28:09]   MC: 16 -> 12 (-4)
[19:28:09]   Steel: 2 -> 0 (-2)
[19:28:09]   Cards: 13 -> 12 (-1)
[19:28:09]   Tableau: 7 -> 8 (+1)
[19:28:09]   Actions(game): 24 -> 25 (+1)
[19:28:09]   Actions(round): 0 -> 1 (+1)
[19:28:09]   VP: 27 -> 29 (+2)
[19:28:09]   NEW CARDS PLAYED: Colonizer Training Camp
[19:28:09]   CARDS GONE from hand: Colonizer Training Camp
[19:28:31] wdkymyms:
[19:28:31]   Actions(game): 26 -> 27 (+1)
[19:28:31] VitalyVit:
[19:28:31]   TR: 22 -> 24 (+2)
[19:28:31]   MC: 12 -> 4 (-8)
[19:28:31]   Energy prod: 7 -> 6 (-1)
[19:28:31]   Cards: 12 -> 11 (-1)
[19:28:31]   Tableau: 8 -> 9 (+1)
[19:28:31]   Actions(game): 25 -> 26 (+1)
[19:28:31]   Actions(round): 1 -> 0 (-1)
[19:28:31]   VP: 29 -> 31 (+2)
[19:28:31]   NEW CARDS PLAYED: Rad-Chem Factory
[19:28:31]   CARDS GONE from hand: Rad-Chem Factory
[19:28:32] Nihoka13:
[19:28:32]   Heat: 2 -> 1 (-1)
[19:28:32]   Actions(game): 26 -> 29 (+3)
[19:28:32]   VP: 31 -> 34 (+3)
[19:28:53] wdkymyms:
[19:28:53]   MC: 18 -> 8 (-10)
[19:28:53]   Ti: 0 -> 4 (+4)
[19:28:53]   Ti prod: 0 -> 1 (+1)
[19:28:53]   Cards: 14 -> 12 (-2)
[19:28:53]   Tableau: 12 -> 14 (+2)
[19:28:53]   Actions(game): 27 -> 29 (+2)
[19:28:53]   NEW CARDS PLAYED: Dusk Laser Mining, Static Harvesting
[19:28:53]   CARDS GONE from hand: Dusk Laser Mining, Static Harvesting
[19:28:54] VitalyVit:
[19:28:54]   Energy: 7 -> 4 (-3)
[19:28:54]   Actions(game): 26 -> 28 (+2)
[19:28:54]   Actions(round): 0 -> 1 (+1)
[19:29:15] wdkymyms:
[19:29:15]   Actions(game): 29 -> 30 (+1)
[19:29:16] VitalyVit:
[19:29:16]   MC: 4 -> 8 (+4)
[19:29:16]   Energy: 4 -> 0 (-4)
[19:29:16]   Cards: 11 -> 12 (+1)
[19:29:16]   Actions(game): 28 -> 29 (+1)
[19:29:16]   Actions(round): 1 -> 0 (-1)
[19:29:16]   CARDS ADDED to hand: Steelworks
[19:29:38] --- GLOBALS: Phase: action -> solar ---
[19:29:38] wdkymyms:
[19:29:38]   MC: 8 -> 37 (+29)
[19:29:38]   Ti: 4 -> 5 (+1)
[19:29:38]   Actions(game): 30 -> 31 (+1)
[19:29:39] VitalyVit:
[19:29:39]   MC: 8 -> 31 (+23)
[19:29:39]   Steel: 0 -> 1 (+1)
[19:29:39]   Ti: 1 -> 2 (+1)
[19:29:39]   Plants: 3 -> 4 (+1)
[19:29:39]   Energy: 0 -> 6 (+6)
[19:29:39]   Heat: 3 -> 4 (+1)
[19:29:39]   Actions(game): 29 -> 31 (+2)
[19:29:39] Nihoka13:
[19:29:39]   MC: 0 -> 23 (+23)
[19:29:39]   Steel: 0 -> 1 (+1)
[19:29:39]   Ti: 1 -> 2 (+1)
[19:29:39]   Heat: 1 -> 4 (+3)
[19:30:00] --- GLOBALS: GEN 4 -> 5 | Phase: solar -> drafting | Temp: -26 -> -24 ---
[19:31:07] --- GLOBALS: Phase: drafting -> research ---
[19:31:30] --- GLOBALS: Phase: research -> action ---
[19:31:30] wdkymyms:
[19:31:30]   TR: 26 -> 27 (+1)
[19:31:30]   MC: 37 -> 18 (-19)
[19:31:30]   Ti: 5 -> 0 (-5)
[19:31:30]   Cards: 12 -> 14 (+2)
[19:31:30]   Tableau: 14 -> 15 (+1)
[19:31:30]   Actions(game): 31 -> 33 (+2)
[19:31:30]   Actions(round): 0 -> 1 (+1)
[19:31:30]   Colonies: 1 -> 2 (+1)
[19:31:30]   VP: 25 -> 28 (+3)
[19:31:30]   NEW CARDS PLAYED: Space Port Colony
[19:31:30]   CARDS GONE from hand: Space Port Colony
[19:31:30]   CARDS ADDED to hand: Hi-Tech Lab, Ice Asteroid, Martian Survey
[19:31:30] VitalyVit:
[19:31:30]   MC: 31 -> 25 (-6)
[19:31:30]   Cards: 12 -> 14 (+2)
[19:31:30]   CARDS ADDED to hand: Asteroid Rights, Restricted Area
[19:31:31] Nihoka13:
[19:31:31]   MC: 23 -> 17 (-6)
[19:31:31]   Cards: 10 -> 12 (+2)
[19:31:31]   CARDS ADDED to hand: Acquired Company, Physics Complex
[19:31:52] wdkymyms:
[19:31:52]   MC: 18 -> 9 (-9)
[19:31:52]   Ti: 0 -> 3 (+3)
[19:31:52]   Actions(game): 33 -> 34 (+1)
[19:31:52]   Actions(round): 1 -> 0 (-1)
[19:31:53] VitalyVit:
[19:31:53]   Ti: 2 -> 3 (+1)
[19:31:53]   Actions(game): 31 -> 32 (+1)
[19:31:53] Nihoka13:
[19:31:53]   Ti: 2 -> 3 (+1)
[19:32:14] wdkymyms:
[19:32:14]   VP: 28 -> 29 (+1)
[19:32:15] VitalyVit:
[19:32:15]   MC: 25 -> 11 (-14)
[19:32:15]   Energy: 6 -> 16 (+10)
[19:32:15]   Energy prod: 6 -> 7 (+1)
[19:32:15]   Actions(game): 32 -> 34 (+2)
[19:32:15]   Colonies: 1 -> 2 (+1)
[19:32:16] Nihoka13:
[19:32:16]   Actions(game): 29 -> 30 (+1)
[19:32:39] Nihoka13:
[19:32:39]   MC: 17 -> 9 (-8)
[19:32:39]   MC prod: -2 -> 1 (+3)
[19:32:39]   Tableau: 14 -> 15 (+1)
[19:32:39]   Actions(game): 30 -> 31 (+1)
[19:32:39]   Actions(round): 0 -> 1 (+1)
[19:32:39]   NEW CARDS PLAYED: Acquired Company
[19:32:39]   CARDS GONE from hand: Acquired Company
[19:32:39]   CARDS ADDED to hand: Asteroid Mining
[19:33:22] wdkymyms:
[19:33:22]   MC: 9 -> 6 (-3)
[19:33:22]   Ti: 3 -> 0 (-3)
[19:33:22]   Cards: 14 -> 13 (-1)
[19:33:22]   Tableau: 15 -> 16 (+1)
[19:33:22]   Actions(game): 34 -> 37 (+3)
[19:33:22]   VP: 29 -> 30 (+1)
[19:33:22]   NEW CARDS PLAYED: Venus Trade Hub
[19:33:22]   CARDS GONE from hand: Venus Trade Hub
[19:33:23] VitalyVit:
[19:33:23]   Actions(game): 34 -> 35 (+1)
[19:33:24] Nihoka13:
[19:33:24]   MC: 9 -> 0 (-9)
[19:33:24]   Ti: 3 -> 0 (-3)
[19:33:24]   Ti prod: 1 -> 3 (+2)
[19:33:24]   Heat: 4 -> 2 (-2)
[19:33:24]   Cards: 12 -> 11 (-1)
[19:33:24]   Tableau: 15 -> 16 (+1)
[19:33:24]   Actions(game): 31 -> 32 (+1)
[19:33:24]   Actions(round): 1 -> 0 (-1)
[19:33:24]   VP: 34 -> 36 (+2)
[19:33:24]   NEW CARDS PLAYED: Asteroid Mining
[19:33:24]   CARDS GONE from hand: Asteroid Mining
[19:33:45] VitalyVit:
[19:33:45]   MC: 11 -> 10 (-1)
[19:33:45]   Steel: 1 -> 0 (-1)
[19:33:45]   Energy: 16 -> 4 (-12)
[19:33:45]   Cards: 14 -> 13 (-1)
[19:33:45]   Tableau: 9 -> 10 (+1)
[19:33:45]   Actions(game): 35 -> 37 (+2)
[19:33:45]   NEW CARDS PLAYED: Steelworks
[19:33:45]   CARDS GONE from hand: Steelworks
[19:33:46] Nihoka13:
[19:33:46]   Actions(game): 32 -> 33 (+1)
[19:34:07] wdkymyms:
[19:34:07]   Actions(game): 37 -> 38 (+1)
[19:34:08] Nihoka13:
[19:34:08]   Actions(game): 33 -> 34 (+1)
[19:34:29] --- GLOBALS: Venus: 4 -> 6 ---
[19:34:29] wdkymyms:
[19:34:29]   TR: 27 -> 28 (+1)
[19:34:29]   MC: 6 -> 9 (+3)
[19:34:29]   Cards: 13 -> 11 (-2)
[19:34:29]   Tableau: 16 -> 17 (+1)
[19:34:29]   Actions(game): 38 -> 39 (+1)
[19:34:29]   Actions(round): 0 -> 1 (+1)
[19:34:29]   VP: 30 -> 31 (+1)
[19:34:29]   NEW CARDS PLAYED: Unexpected Application
[19:34:29]   CARDS GONE from hand: Building Industries, Unexpected Application
[19:34:52] --- GLOBALS: O2: 0 -> 1 ---
[19:34:52] wdkymyms:
[19:34:52]   TR: 28 -> 29 (+1)
[19:34:52]   MC: 9 -> 5 (-4)
[19:34:52]   Actions(game): 39 -> 42 (+3)
[19:34:52]   Actions(round): 1 -> 0 (-1)
[19:34:52]   VP: 31 -> 32 (+1)
[19:34:53] VitalyVit:
[19:34:53]   TR: 24 -> 25 (+1)
[19:34:53]   MC: 10 -> 9 (-1)
[19:34:53]   Steel: 0 -> 2 (+2)
[19:34:53]   Ti: 3 -> 0 (-3)
[19:34:53]   Energy: 4 -> 0 (-4)
[19:34:53]   Cards: 13 -> 12 (-1)
[19:34:53]   Tableau: 10 -> 11 (+1)
[19:34:53]   Actions(game): 37 -> 41 (+4)
[19:34:53]   VP: 31 -> 32 (+1)
[19:34:53]   NEW CARDS PLAYED: Asteroid Rights
[19:34:53]   CARDS GONE from hand: Asteroid Rights
[19:35:14] --- GLOBALS: GEN 5 -> 6 | Phase: action -> drafting | O2: 1 -> 2 | Venus: 6 -> 8 ---
[19:35:14] wdkymyms:
[19:35:14]   MC: 5 -> 37 (+32)
[19:35:14]   Ti: 0 -> 1 (+1)
[19:35:15] VitalyVit:
[19:35:15]   TR: 25 -> 26 (+1)
[19:35:15]   MC: 9 -> 27 (+18)
[19:35:15]   Steel: 2 -> 3 (+1)
[19:35:15]   Ti: 0 -> 3 (+3)
[19:35:15]   Plants: 4 -> 5 (+1)
[19:35:15]   Energy: 0 -> 7 (+7)
[19:35:15]   Heat: 4 -> 5 (+1)
[19:35:15]   Tableau: 11 -> 12 (+1)
[19:35:15]   Actions(game): 41 -> 44 (+3)
[19:35:15]   VP: 32 -> 33 (+1)
[19:35:15]   NEW CARDS PLAYED: Neutralizer Factory
[19:35:15]   CARDS GONE from hand: Neutralizer Factory
[19:35:15]   CARDS ADDED to hand: Flooding
[19:35:16] Nihoka13:
[19:35:16]   MC: 0 -> 26 (+26)
[19:35:16]   Steel: 1 -> 2 (+1)
[19:35:16]   Ti: 0 -> 3 (+3)
[19:35:16]   Heat: 2 -> 5 (+3)
[19:36:21] --- GLOBALS: Phase: drafting -> research ---
[19:36:21] wdkymyms:
[19:36:21]   MC: 37 -> 28 (-9)
[19:36:21]   Cards: 11 -> 14 (+3)
[19:36:21]   CARDS ADDED to hand: Air Raid, Ecological Zone, Warp Drive
[19:36:23] Nihoka13:
[19:36:23]   MC: 26 -> 14 (-12)
[19:36:23]   Cards: 11 -> 15 (+4)
[19:36:23]   CARDS ADDED to hand: Adapted Lichen, Earth Office, Imported Hydrogen, Power Plant
[19:36:44] --- GLOBALS: Phase: research -> action ---
[19:36:44] VitalyVit:
[19:36:44]   MC: 27 -> 21 (-6)
[19:36:44]   Ti: 3 -> 6 (+3)
[19:36:44]   Energy: 7 -> 4 (-3)
[19:36:44]   Cards: 12 -> 14 (+2)
[19:36:44]   Actions(game): 44 -> 46 (+2)
[19:36:44]   Actions(round): 0 -> 1 (+1)
[19:36:44]   CARDS ADDED to hand: Power Grid, Space Hotels
[19:36:45] Nihoka13:
[19:36:45]   Ti: 3 -> 4 (+1)
[19:37:06] --- GLOBALS: O2: 2 -> 3 ---
[19:37:07] VitalyVit:
[19:37:07]   TR: 26 -> 27 (+1)
[19:37:07]   Steel: 3 -> 5 (+2)
[19:37:07]   Energy: 4 -> 0 (-4)
[19:37:07]   Actions(game): 46 -> 47 (+1)
[19:37:07]   Actions(round): 1 -> 0 (-1)
[19:37:07]   VP: 33 -> 34 (+1)
[19:37:08] Nihoka13:
[19:37:08]   Tableau: 16 -> 17 (+1)
[19:37:08]   Actions(game): 34 -> 36 (+2)
[19:37:08]   Actions(round): 0 -> 1 (+1)
[19:37:08]   NEW CARDS PLAYED: Earth Office
[19:37:08]   CARDS GONE from hand: Earth Office
[19:37:08]   CARDS ADDED to hand: Underground City
[19:37:28] wdkymyms:
[19:37:28]   Actions(game): 42 -> 43 (+1)
[19:37:30] Nihoka13:
[19:37:30]   Steel: 2 -> 1 (-1)
[19:37:30]   Energy prod: 0 -> 1 (+1)
[19:37:30]   Cards: 15 -> 14 (-1)
[19:37:30]   Tableau: 17 -> 18 (+1)
[19:37:30]   Actions(game): 36 -> 37 (+1)
[19:37:30]   Actions(round): 1 -> 0 (-1)
[19:37:30]   NEW CARDS PLAYED: Power Plant
[19:37:30]   CARDS GONE from hand: Power Plant
[19:37:51] wdkymyms:
[19:37:51]   MC: 28 -> 26 (-2)
[19:37:51]   Actions(game): 43 -> 44 (+1)
[19:37:51]   Actions(round): 0 -> 1 (+1)
[19:38:13] wdkymyms:
[19:38:13]   MC: 26 -> 33 (+7)
[19:38:13]   Cards: 14 -> 13 (-1)
[19:38:13]   Tableau: 17 -> 18 (+1)
[19:38:13]   Actions(game): 44 -> 45 (+1)
[19:38:13]   Actions(round): 1 -> 0 (-1)
[19:38:13]   NEW CARDS PLAYED: Air Raid
[19:38:13]   CARDS GONE from hand: Air Raid
[19:38:14] VitalyVit:
[19:38:14]   Actions(game): 47 -> 48 (+1)
[19:38:15] Nihoka13:
[19:38:15]   MC: 14 -> 9 (-5)
[19:38:36] VitalyVit:
[19:38:36]   MC: 21 -> 16 (-5)
[19:38:36]   Energy prod: 7 -> 8 (+1)
[19:38:36]   Cards: 14 -> 13 (-1)
[19:38:36]   Tableau: 12 -> 13 (+1)
[19:38:36]   Actions(game): 48 -> 49 (+1)
[19:38:36]   Actions(round): 0 -> 1 (+1)
[19:38:36]   NEW CARDS PLAYED: Power Supply Consortium
[19:38:36]   CARDS GONE from hand: Power Supply Consortium
[19:38:37] Nihoka13:
[19:38:37]   Energy prod: 1 -> 0 (-1)
[19:38:59] VitalyVit:
[19:38:59]   MC prod: -1 -> 3 (+4)
[19:38:59]   Ti: 6 -> 2 (-4)
[19:38:59]   Cards: 13 -> 12 (-1)
[19:38:59]   Tableau: 13 -> 14 (+1)
[19:38:59]   Actions(game): 49 -> 50 (+1)
[19:38:59]   Actions(round): 1 -> 0 (-1)
[19:38:59]   NEW CARDS PLAYED: Space Hotels
[19:38:59]   CARDS GONE from hand: Space Hotels
[19:38:59] Nihoka13:
[19:38:59]   MC: 9 -> 8 (-1)
[19:38:59]   Ti: 4 -> 0 (-4)
[19:38:59]   Ti prod: 3 -> 4 (+1)
[19:38:59]   Cards: 14 -> 13 (-1)
[19:38:59]   Tableau: 18 -> 19 (+1)
[19:38:59]   Actions(game): 37 -> 39 (+2)
[19:38:59]   Actions(round): 0 -> 1 (+1)
[19:38:59]   VP: 36 -> 37 (+1)
[19:38:59]   NEW CARDS PLAYED: Vesta Shipyard
[19:38:59]   CARDS GONE from hand: Vesta Shipyard
[19:39:43] --- GLOBALS: Oceans: 1 -> 2 ---
[19:39:43] wdkymyms:
[19:39:43]   Actions(game): 45 -> 46 (+1)
[19:39:45] Nihoka13:
[19:39:45]   TR: 25 -> 26 (+1)
[19:39:45]   MC: 8 -> 0 (-8)
[19:39:45]   Plants: 3 -> 10 (+7)
[19:39:45]   Heat: 5 -> 2 (-3)
[19:39:45]   Tableau: 19 -> 20 (+1)
[19:39:45]   Actions(game): 39 -> 40 (+1)
[19:39:45]   Actions(round): 1 -> 0 (-1)
[19:39:45]   VP: 37 -> 38 (+1)
[19:39:45]   NEW CARDS PLAYED: Imported Hydrogen
[19:39:45]   CARDS GONE from hand: Imported Hydrogen
[19:39:45]   CARDS ADDED to hand: Dirigibles
[19:40:06] wdkymyms:
[19:40:06]   TR: 29 -> 30 (+1)
[19:40:06]   MC: 33 -> 24 (-9)
[19:40:06]   Cards: 13 -> 14 (+1)
[19:40:06]   Tableau: 18 -> 19 (+1)
[19:40:06]   Actions(game): 46 -> 48 (+2)
[19:40:06]   Actions(round): 0 -> 2 (+2)
[19:40:06]   VP: 32 -> 34 (+2)
[19:40:06]   NEW CARDS PLAYED: Martian Survey
[19:40:06]   CARDS GONE from hand: Martian Survey
[19:40:06]   CARDS ADDED to hand: Inventors' Guild, Mining Rights
[19:40:51] VitalyVit:
[19:40:51]   Actions(game): 50 -> 51 (+1)
[19:41:13] wdkymyms:
[19:41:13]   Actions(round): 2 -> 0 (-2)
[19:41:13]   CARDS GONE from hand: Wave Power
[19:41:13]   CARDS ADDED to hand: Mining Quota
[19:41:14] VitalyVit:
[19:41:14]   MC: 16 -> 5 (-11)
[19:41:14]   Ti: 2 -> 4 (+2)
[19:41:14]   Cards: 12 -> 11 (-1)
[19:41:14]   Tableau: 14 -> 15 (+1)
[19:41:14]   Actions(game): 51 -> 52 (+1)
[19:41:14]   Actions(round): 0 -> 1 (+1)
[19:41:14]   NEW CARDS PLAYED: Restricted Area
[19:41:14]   CARDS GONE from hand: Restricted Area
[19:41:35] --- GLOBALS: O2: 3 -> 4 ---
[19:41:36] VitalyVit:
[19:41:36]   MC: 5 -> 3 (-2)
[19:41:36]   Cards: 11 -> 12 (+1)
[19:41:36]   Actions(game): 52 -> 53 (+1)
[19:41:36]   Actions(round): 1 -> 0 (-1)
[19:41:36]   CARDS ADDED to hand: Ganymede Colony
[19:41:37] Nihoka13:
[19:41:37]   TR: 26 -> 27 (+1)
[19:41:37]   MC: 0 -> 2 (+2)
[19:41:37]   Plants: 10 -> 5 (-5)
[19:41:37]   Actions(game): 40 -> 42 (+2)
[19:41:37]   Actions(round): 0 -> 1 (+1)
[19:41:37]   VP: 38 -> 40 (+2)
[19:41:58] wdkymyms:
[19:41:58]   Actions(game): 48 -> 49 (+1)
[19:41:58] VitalyVit:
[19:41:58]   Plants: 5 -> 0 (-5)
[19:41:59] Nihoka13:
[19:41:59]   Cards: 13 -> 12 (-1)
[19:41:59]   Tableau: 20 -> 21 (+1)
[19:41:59]   Actions(game): 42 -> 43 (+1)
[19:41:59]   Actions(round): 1 -> 0 (-1)
[19:41:59]   NEW CARDS PLAYED: Virus
[19:41:59]   CARDS GONE from hand: Virus
[19:42:20] wdkymyms:
[19:42:20]   MC: 24 -> 25 (+1)
[19:42:20]   Steel: 12 -> 11 (-1)
[19:42:20]   Steel prod: 0 -> 1 (+1)
[19:42:20]   Cards: 14 -> 13 (-1)
[19:42:20]   Tableau: 19 -> 20 (+1)
[19:42:20]   Actions(game): 49 -> 50 (+1)
[19:42:20]   Actions(round): 0 -> 1 (+1)
[19:42:20]   NEW CARDS PLAYED: Mining Rights
[19:42:20]   CARDS GONE from hand: Mining Rights
[19:42:43] wdkymyms:
[19:42:43]   Ti: 1 -> 2 (+1)
[19:42:43]   Cards: 13 -> 12 (-1)
[19:42:43]   Tableau: 20 -> 21 (+1)
[19:42:43]   Actions(game): 50 -> 51 (+1)
[19:42:43]   Actions(round): 1 -> 0 (-1)
[19:42:43]   VP: 34 -> 35 (+1)
[19:42:43]   NEW CARDS PLAYED: Crash Site Cleanup
[19:42:43]   CARDS GONE from hand: Crash Site Cleanup
[19:42:43] VitalyVit:
[19:42:43]   Ti: 4 -> 6 (+2)
[19:42:43]   Actions(game): 53 -> 56 (+3)
[19:42:45] Nihoka13:
[19:42:45]   Actions(game): 43 -> 44 (+1)
[19:43:05] wdkymyms:
[19:43:05]   MC: 25 -> 18 (-7)
[19:43:05]   Cards: 12 -> 11 (-1)
[19:43:05]   Tableau: 21 -> 22 (+1)
[19:43:05]   Actions(game): 51 -> 53 (+2)
[19:43:05]   Actions(round): 0 -> 1 (+1)
[19:43:05]   NEW CARDS PLAYED: Inventors' Guild
[19:43:05]   CARDS GONE from hand: Inventors' Guild
[19:43:07] Nihoka13:
[19:43:07]   Actions(game): 44 -> 45 (+1)
[19:43:28] wdkymyms:
[19:43:28]   MC: 18 -> 3 (-15)
[19:43:28]   Tableau: 22 -> 23 (+1)
[19:43:28]   Actions(game): 53 -> 55 (+2)
[19:43:28]   Actions(round): 1 -> 3 (+2)
[19:43:28]   VP: 35 -> 37 (+2)
[19:43:28]   NEW CARDS PLAYED: Warp Drive
[19:43:28]   CARDS GONE from hand: Mining Quota, Warp Drive
[19:43:28]   CARDS ADDED to hand: Io Sulphur Research, Small Asteroid
[19:43:50] wdkymyms:
[19:43:50]   MC: 3 -> 2 (-1)
[19:43:50]   Ti: 2 -> 1 (-1)
[19:43:50]   Cards: 11 -> 10 (-1)
[19:43:50]   Tableau: 23 -> 24 (+1)
[19:43:50]   Actions(game): 55 -> 57 (+2)
[19:43:50]   Actions(round): 3 -> 5 (+2)
[19:43:50]   VP: 37 -> 38 (+1)
[19:43:50]   NEW CARDS PLAYED: Space Station
[19:43:50]   CARDS GONE from hand: Air-Scrapping Expedition, Space Station
[19:43:50]   CARDS ADDED to hand: Lagrange Observatory
[19:44:12] --- GLOBALS: GEN 6 -> 7 | Phase: action -> drafting | Venus: 8 -> 10 ---
[19:44:12] wdkymyms:
[19:44:12]   MC: 2 -> 35 (+33)
[19:44:12]   Steel: 11 -> 12 (+1)
[19:44:12]   Ti: 1 -> 2 (+1)
[19:44:12]   Actions(game): 57 -> 58 (+1)
[19:44:12]   Actions(round): 5 -> 0 (-5)
[19:44:13] VitalyVit:
[19:44:13]   MC: 3 -> 33 (+30)
[19:44:13]   Steel: 5 -> 6 (+1)
[19:44:13]   Ti: 6 -> 7 (+1)
[19:44:13]   Plants: 0 -> 1 (+1)
[19:44:13]   Energy: 0 -> 8 (+8)
[19:44:13]   Heat: 5 -> 6 (+1)
[19:44:14] Nihoka13:
[19:44:14]   MC: 2 -> 30 (+28)
[19:44:14]   Steel: 1 -> 2 (+1)
[19:44:14]   Ti: 0 -> 4 (+4)
[19:44:14]   Heat: 2 -> 5 (+3)
[19:44:57] --- GLOBALS: Phase: drafting -> research ---
[19:44:59] VitalyVit:
[19:44:59]   MC: 33 -> 27 (-6)
[19:44:59]   Cards: 12 -> 14 (+2)
[19:44:59]   CARDS ADDED to hand: Callisto Penal Mines, Heavy Taxation
[19:45:00] Nihoka13:
[19:45:00]   MC: 30 -> 24 (-6)
[19:45:00]   Cards: 12 -> 14 (+2)
[19:45:00]   CARDS ADDED to hand: Advanced Alloys, Refugee Camps
[19:45:21] --- GLOBALS: Phase: research -> action ---
[19:45:21] wdkymyms:
[19:45:21]   MC: 35 -> 26 (-9)
[19:45:21]   Cards: 10 -> 13 (+3)
[19:45:21]   CARDS ADDED to hand: Designed Microorganisms, Imported Nutrients, Pets
[19:45:22] Nihoka13:
[19:45:22]   MC: 24 -> 17 (-7)
[19:45:22]   Tableau: 21 -> 22 (+1)
[19:45:22]   Actions(game): 45 -> 47 (+2)
[19:45:22]   Actions(round): 0 -> 1 (+1)
[19:45:22]   NEW CARDS PLAYED: Advanced Alloys
[19:45:22]   CARDS GONE from hand: Advanced Alloys
[19:45:22]   CARDS ADDED to hand: Public Plans
[19:46:07] Nihoka13:
[19:46:07]   MC: 17 -> 12 (-5)
[19:46:07]   Cards: 14 -> 13 (-1)
[19:46:07]   Tableau: 22 -> 23 (+1)
[19:46:07]   Actions(game): 47 -> 48 (+1)
[19:46:07]   Actions(round): 1 -> 2 (+1)
[19:46:07]   VP: 40 -> 41 (+1)
[19:46:07]   NEW CARDS PLAYED: Public Plans
[19:46:07]   CARDS GONE from hand: Public Plans
[19:46:28] wdkymyms:
[19:46:28]   MC: 26 -> 18 (-8)
[19:46:28]   Actions(game): 58 -> 60 (+2)
[19:46:28]   Actions(round): 0 -> 1 (+1)
[19:46:28]   VP: 38 -> 43 (+5)
[19:46:29] Nihoka13:
[19:46:29]   MC: 12 -> 25 (+13)
[19:46:29]   Actions(round): 2 -> 0 (-2)
[19:46:50] wdkymyms:
[19:46:50]   TR: 30 -> 31 (+1)
[19:46:50]   MC: 18 -> 14 (-4)
[19:46:50]   Actions(game): 60 -> 61 (+1)
[19:46:50]   Actions(round): 1 -> 0 (-1)
[19:46:50]   VP: 43 -> 44 (+1)
[19:46:51] VitalyVit:
[19:46:51]   Actions(game): 56 -> 57 (+1)
[19:47:36] VitalyVit:
[19:47:36]   MC: 27 -> 25 (-2)
[19:47:36]   Ti: 7 -> 10 (+3)
[19:47:36]   Energy: 8 -> 5 (-3)
[19:47:36]   Cards: 14 -> 15 (+1)
[19:47:36]   Actions(game): 57 -> 59 (+2)
[19:47:36]   CARDS ADDED to hand: Advertising
[19:47:36] Nihoka13:
[19:47:36]   MC: 25 -> 22 (-3)
[19:47:36]   Ti: 4 -> 8 (+4)
[19:47:36]   Cards: 13 -> 14 (+1)
[19:47:36]   Tableau: 23 -> 24 (+1)
[19:47:36]   Actions(game): 48 -> 50 (+2)
[19:47:36]   Actions(round): 0 -> 1 (+1)
[19:47:36]   NEW CARDS PLAYED: Ishtar Expedition
[19:47:36]   CARDS GONE from hand: Ishtar Expedition
[19:47:36]   CARDS ADDED to hand: Floating Refinery, Venusian Insects
[19:48:19] wdkymyms:
[19:48:19]   Actions(game): 61 -> 63 (+2)
[19:48:19]   Actions(round): 0 -> 1 (+1)
[19:48:21] Nihoka13:
[19:48:21]   MC: 22 -> 18 (-4)
[19:48:21]   Tableau: 24 -> 25 (+1)
[19:48:21]   Actions(game): 50 -> 51 (+1)
[19:48:21]   Actions(round): 1 -> 0 (-1)
[19:48:21]   NEW CARDS PLAYED: Refugee Camps
[19:48:21]   CARDS GONE from hand: Refugee Camps
[19:48:21]   CARDS ADDED to hand: Titan Floating Launch-pad
[19:48:42] wdkymyms:
[19:48:42]   MC: 14 -> 11 (-3)
[19:48:42]   Cards: 13 -> 14 (+1)
[19:48:42]   CARDS ADDED to hand: Floater Prototypes
[19:49:04] wdkymyms:
[19:49:04]   Actions(game): 63 -> 64 (+1)
[19:49:04]   Actions(round): 1 -> 0 (-1)
[19:49:05] VitalyVit:
[19:49:05]   MC: 25 -> 26 (+1)
[19:49:05]   MC prod: 3 -> 5 (+2)
[19:49:05]   Cards: 15 -> 14 (-1)
[19:49:05]   Tableau: 15 -> 16 (+1)
[19:49:05]   Actions(game): 59 -> 61 (+2)
[19:49:05]   Actions(round): 0 -> 1 (+1)
[19:49:05]   VP: 34 -> 33 (-1)
[19:49:05]   NEW CARDS PLAYED: Heavy Taxation
[19:49:05]   CARDS GONE from hand: Heavy Taxation
[19:49:05] Nihoka13:
[19:49:05]   Actions(game): 51 -> 52 (+1)
[19:49:27] VitalyVit:
[19:49:27]   MC: 26 -> 22 (-4)
[19:49:27]   Cards: 14 -> 13 (-1)
[19:49:27]   Tableau: 16 -> 17 (+1)
[19:49:27]   Actions(game): 61 -> 62 (+1)
[19:49:27]   Actions(round): 1 -> 0 (-1)
[19:49:27]   NEW CARDS PLAYED: Advertising
[19:49:27]   CARDS GONE from hand: Advertising
[19:49:50] Nihoka13:
[19:49:50]   MC: 18 -> 15 (-3)
[19:49:50]   Steel: 2 -> 0 (-2)
[19:49:50]   Cards: 14 -> 13 (-1)
[19:49:50]   Tableau: 25 -> 26 (+1)
[19:49:50]   Actions(game): 52 -> 53 (+1)
[19:49:50]   Actions(round): 0 -> 1 (+1)
[19:49:50]   NEW CARDS PLAYED: Physics Complex
[19:49:50]   CARDS GONE from hand: Physics Complex
[19:50:11] wdkymyms:
[19:50:11]   MC: 11 -> 4 (-7)
[19:50:11]   Steel: 12 -> 5 (-7)
[19:50:11]   Energy: 0 -> 5 (+5)
[19:50:11]   Cards: 14 -> 13 (-1)
[19:50:11]   Tableau: 24 -> 25 (+1)
[19:50:11]   Actions(game): 64 -> 67 (+3)
[19:50:11]   VP: 44 -> 45 (+1)
[19:50:11]   NEW CARDS PLAYED: Hi-Tech Lab
[19:50:11]   CARDS GONE from hand: Designed Microorganisms, Hi-Tech Lab
[19:50:11]   CARDS ADDED to hand: Artificial Photosynthesis
[19:50:12] VitalyVit:
[19:50:12]   Energy: 5 -> 8 (+3)
[19:50:12]   Actions(game): 62 -> 63 (+1)
[19:50:13] Nihoka13:
[19:50:13]   MC: 15 -> 0 (-15)
[19:50:13]   Cards: 13 -> 12 (-1)
[19:50:13]   Tableau: 26 -> 27 (+1)
[19:50:13]   Actions(game): 53 -> 54 (+1)
[19:50:13]   Actions(round): 1 -> 0 (-1)
[19:50:13]   VP: 41 -> 42 (+1)
[19:50:13]   NEW CARDS PLAYED: Titan Floating Launch-pad
[19:50:13]   CARDS GONE from hand: Titan Floating Launch-pad
[19:50:34] VitalyVit:
[19:50:34]   TR: 27 -> 28 (+1)
[19:50:34]   MC: 22 -> 1 (-21)
[19:50:34]   MC prod: 5 -> 6 (+1)
[19:50:34]   Cards: 13 -> 12 (-1)
[19:50:34]   Tableau: 17 -> 18 (+1)
[19:50:34]   Actions(game): 63 -> 65 (+2)
[19:50:34]   VP: 33 -> 35 (+2)
[19:50:34]   NEW CARDS PLAYED: Jovian Lanterns
[19:50:34]   CARDS GONE from hand: Jovian Lanterns
[19:50:35] Nihoka13:
[19:50:35]   Actions(game): 54 -> 55 (+1)
[19:50:57] Nihoka13:
[19:50:57]   Tableau: 27 -> 28 (+1)
[19:50:57]   Actions(game): 55 -> 56 (+1)
[19:50:57]   Actions(round): 0 -> 1 (+1)
[19:50:57]   NEW CARDS PLAYED: Market Manipulation
[19:50:57]   CARDS GONE from hand: Market Manipulation
[19:50:57]   CARDS ADDED to hand: Galilean Waystation
[19:51:40] wdkymyms:
[19:51:40]   Actions(game): 67 -> 68 (+1)
[19:51:42] Nihoka13:
[19:51:42]   MC prod: 1 -> 7 (+6)
[19:51:42]   Ti: 8 -> 7 (-1)
[19:51:42]   Cards: 12 -> 11 (-1)
[19:51:42]   Tableau: 28 -> 29 (+1)
[19:51:42]   Actions(game): 56 -> 57 (+1)
[19:51:42]   Actions(round): 1 -> 0 (-1)
[19:51:42]   VP: 42 -> 43 (+1)
[19:51:42]   NEW CARDS PLAYED: Galilean Waystation
[19:51:42]   CARDS GONE from hand: Galilean Waystation
[19:52:03] wdkymyms:
[19:52:03]   Energy: 5 -> 0 (-5)
[19:52:03]   Cards: 13 -> 14 (+1)
[19:52:03]   Actions(game): 68 -> 69 (+1)
[19:52:03]   Actions(round): 0 -> 1 (+1)
[19:52:03]   CARDS ADDED to hand: Imported Nitrogen
[19:52:25] --- GLOBALS: O2: 4 -> 5 ---
[19:52:25] wdkymyms:
[19:52:25]   MC: 4 -> 2 (-2)
[19:52:25]   Actions(game): 69 -> 70 (+1)
[19:52:25]   Actions(round): 1 -> 0 (-1)
[19:52:25] VitalyVit:
[19:52:25]   TR: 28 -> 29 (+1)
[19:52:25]   Steel: 6 -> 8 (+2)
[19:52:25]   Ti: 10 -> 9 (-1)
[19:52:25]   Energy: 8 -> 4 (-4)
[19:52:25]   Actions(game): 65 -> 68 (+3)
[19:52:25]   VP: 35 -> 37 (+2)
[19:52:26] Nihoka13:
[19:52:26]   Actions(game): 57 -> 58 (+1)
[19:52:48] Nihoka13:
[19:52:48]   MC: 0 -> 6 (+6)
[19:52:48]   Heat: 5 -> 3 (-2)
[19:52:48]   Tableau: 29 -> 31 (+2)
[19:52:48]   Actions(game): 58 -> 60 (+2)
[19:52:48]   VP: 43 -> 44 (+1)
[19:52:48]   NEW CARDS PLAYED: Media Archives, Saturn Surfing
[19:52:48]   CARDS GONE from hand: Media Archives, Saturn Surfing
[19:52:48]   CARDS ADDED to hand: Aerial Mappers, Ore Processor
[19:53:09] wdkymyms:
[19:53:09]   Actions(game): 70 -> 72 (+2)
[19:53:10] VitalyVit:
[19:53:10]   MC: 1 -> 4 (+3)
[19:53:10]   Energy: 4 -> 1 (-3)
[19:53:10]   Actions(game): 68 -> 70 (+2)
[19:53:10]   Actions(round): 0 -> 1 (+1)
[19:53:32] VitalyVit:
[19:53:32]   MC prod: 6 -> 10 (+4)
[19:53:32]   Ti: 9 -> 1 (-8)
[19:53:32]   Cards: 12 -> 11 (-1)
[19:53:32]   Tableau: 18 -> 19 (+1)
[19:53:32]   Actions(game): 70 -> 71 (+1)
[19:53:32]   Actions(round): 1 -> 0 (-1)
[19:53:32]   VP: 37 -> 39 (+2)
[19:53:32]   NEW CARDS PLAYED: Callisto Penal Mines
[19:53:32]   CARDS GONE from hand: Callisto Penal Mines
[19:53:33] Nihoka13:
[19:53:33]   MC: 6 -> 0 (-6)
[19:53:33]   Heat: 3 -> 1 (-2)
[19:53:33]   Actions(game): 60 -> 62 (+2)
[19:53:33]   Actions(round): 0 -> 1 (+1)
[19:53:33]   VP: 44 -> 49 (+5)
[19:53:55] VitalyVit:
[19:53:55]   Actions(game): 71 -> 73 (+2)
[19:53:55] Nihoka13:
[19:53:55]   MC: 0 -> 5 (+5)
[19:53:55]   Actions(game): 62 -> 65 (+3)
[19:54:16] --- GLOBALS: Phase: action -> solar ---
[19:54:16] wdkymyms:
[19:54:16]   MC: 2 -> 36 (+34)
[19:54:16]   Steel: 5 -> 6 (+1)
[19:54:16]   Ti: 2 -> 3 (+1)
[19:54:17] VitalyVit:
[19:54:17]   MC: 4 -> 43 (+39)
[19:54:17]   Steel: 8 -> 9 (+1)
[19:54:17]   Ti: 1 -> 2 (+1)
[19:54:17]   Plants: 1 -> 2 (+1)
[19:54:17]   Energy: 1 -> 8 (+7)
[19:54:17]   Heat: 6 -> 8 (+2)
[19:54:18] Nihoka13:
[19:54:18]   MC: 5 -> 34 (+29)
[19:54:18]   Steel: 0 -> 1 (+1)
[19:54:18]   Ti: 7 -> 11 (+4)
[19:54:18]   Plants: 5 -> 6 (+1)
[19:54:18]   Plant prod: 0 -> 1 (+1)
[19:54:18]   Heat: 1 -> 3 (+2)
[19:54:18]   Cards: 11 -> 10 (-1)
[19:54:18]   Tableau: 31 -> 32 (+1)
[19:54:18]   Actions(game): 65 -> 67 (+2)
[19:54:18]   Actions(round): 1 -> 0 (-1)
[19:54:18]   NEW CARDS PLAYED: Adapted Lichen
[19:54:18]   CARDS GONE from hand: Adapted Lichen
[19:54:39] --- GLOBALS: GEN 7 -> 8 | Phase: solar -> drafting | Venus: 10 -> 12 ---
[19:55:24] --- GLOBALS: Phase: drafting -> action ---
[19:55:24] wdkymyms:
[19:55:24]   TR: 31 -> 32 (+1)
[19:55:24]   MC: 36 -> 35 (-1)
[19:55:24]   Ti: 3 -> 0 (-3)
[19:55:24]   Energy: 0 -> 2 (+2)
[19:55:24]   Cards: 14 -> 17 (+3)
[19:55:24]   Actions(game): 72 -> 75 (+3)
[19:55:24]   VP: 45 -> 46 (+1)
[19:55:24]   CARDS ADDED to hand: Ceres Tech Market, Imported GHG, Indentured Workers
[19:55:25] VitalyVit:
[19:55:25]   MC: 43 -> 37 (-6)
[19:55:25]   Energy: 8 -> 11 (+3)
[19:55:25]   Cards: 11 -> 13 (+2)
[19:55:25]   Actions(game): 73 -> 74 (+1)
[19:55:25]   CARDS ADDED to hand: Lunar Beam, Trading Colony
[19:55:26] Nihoka13:
[19:55:26]   MC: 34 -> 28 (-6)
[19:55:26]   Cards: 10 -> 12 (+2)
[19:55:26]   CARDS ADDED to hand: GHG Import From Venus, Stratospheric Birds
[19:55:53] VitalyVit:
[19:55:53]   Ti: 2 -> 1 (-1)
[19:55:53]   Actions(game): 74 -> 75 (+1)
[19:55:53]   Actions(round): 0 -> 1 (+1)
[19:55:53]   VP: 39 -> 40 (+1)
[19:56:17] VitalyVit:
[19:56:17]   Ti: 1 -> 4 (+3)
[19:56:17]   Actions(game): 75 -> 76 (+1)
[19:56:17]   Actions(round): 1 -> 0 (-1)
[19:56:24] Nihoka13:
[19:56:24]   Ti: 11 -> 14 (+3)
[19:56:24]   Actions(game): 67 -> 69 (+2)
[19:56:24]   Actions(round): 0 -> 1 (+1)
[19:56:46] wdkymyms:
[19:56:46]   Actions(game): 75 -> 76 (+1)
[19:56:51] Nihoka13:
[19:56:51]   MC: 28 -> 26 (-2)
[19:56:51]   Cards: 12 -> 11 (-1)
[19:56:51]   Tableau: 32 -> 33 (+1)
[19:56:51]   Actions(game): 69 -> 70 (+1)
[19:56:51]   Actions(round): 1 -> 0 (-1)
[19:56:51]   NEW CARDS PLAYED: Venusian Insects
[19:56:51]   CARDS GONE from hand: Venusian Insects
[19:57:13] wdkymyms:
[19:57:13]   Actions(game): 76 -> 77 (+1)
[19:57:13]   Actions(round): 0 -> 1 (+1)
[19:57:36] wdkymyms:
[19:57:36]   Energy: 2 -> 0 (-2)
[19:57:36]   Cards: 17 -> 18 (+1)
[19:57:36]   Actions(game): 77 -> 78 (+1)
[19:57:36]   Actions(round): 1 -> 0 (-1)
[19:57:36]   CARDS ADDED to hand: Medical Lab
[19:57:40] VitalyVit:
[19:57:40]   Actions(game): 76 -> 77 (+1)
[19:58:02] --- GLOBALS: Venus: 12 -> 16 ---
[19:58:03] VitalyVit:
[19:58:03]   TR: 29 -> 32 (+3)
[19:58:03]   MC: 37 -> 21 (-16)
[19:58:03]   MC prod: 10 -> 11 (+1)
[19:58:03]   Ti: 4 -> 0 (-4)
[19:58:03]   Heat prod: 1 -> 3 (+2)
[19:58:03]   Tableau: 19 -> 20 (+1)
[19:58:03]   Actions(game): 77 -> 79 (+2)
[19:58:03]   VP: 40 -> 43 (+3)
[19:58:03]   NEW CARDS PLAYED: Orbital Reflectors
[19:58:03]   CARDS GONE from hand: Orbital Reflectors
[19:58:03]   CARDS ADDED to hand: Ishtar Mining
[19:58:03] Nihoka13:
[19:58:03]   Actions(game): 70 -> 71 (+1)
[19:58:26] wdkymyms:
[19:58:26]   Actions(game): 78 -> 79 (+1)
[19:58:27] Nihoka13:
[19:58:27]   MC: 26 -> 9 (-17)
[19:58:27]   Cards: 11 -> 9 (-2)
[19:58:27]   Tableau: 33 -> 35 (+2)
[19:58:27]   Actions(game): 71 -> 73 (+2)
[19:58:27]   VP: 49 -> 50 (+1)
[19:58:27]   NEW CARDS PLAYED: Aerial Mappers, Stratospheric Birds
[19:58:27]   CARDS GONE from hand: Aerial Mappers, Stratospheric Birds
[19:58:48] wdkymyms:
[19:58:48]   MC: 35 -> 34 (-1)
[19:58:48]   Tableau: 25 -> 26 (+1)
[19:58:48]   Actions(game): 79 -> 80 (+1)
[19:58:48]   Actions(round): 0 -> 1 (+1)
[19:58:48]   VP: 46 -> 47 (+1)
[19:58:48]   NEW CARDS PLAYED: Lagrange Observatory
[19:58:48]   CARDS GONE from hand: Lagrange Observatory
[19:58:48]   CARDS ADDED to hand: Immigrant City
[19:59:11] wdkymyms:
[19:59:11]   MC: 34 -> 33 (-1)
[19:59:11]   MC prod: 3 -> 6 (+3)
[19:59:11]   Steel: 6 -> 1 (-5)
[19:59:11]   Cards: 18 -> 17 (-1)
[19:59:11]   Tableau: 26 -> 27 (+1)
[19:59:11]   Actions(game): 80 -> 81 (+1)
[19:59:11]   Actions(round): 1 -> 0 (-1)
[19:59:11]   VP: 47 -> 48 (+1)
[19:59:11]   NEW CARDS PLAYED: Medical Lab
[19:59:11]   CARDS GONE from hand: Immigrant City, Medical Lab
[19:59:11]   CARDS ADDED to hand: Small Animals
[19:59:12] VitalyVit:
[19:59:12]   MC: 21 -> 6 (-15)
[19:59:12]   Cards: 13 -> 12 (-1)
[19:59:12]   Tableau: 20 -> 21 (+1)
[19:59:12]   Actions(game): 79 -> 81 (+2)
[19:59:12]   Actions(round): 0 -> 1 (+1)
[19:59:12]   VP: 43 -> 44 (+1)
[19:59:12]   NEW CARDS PLAYED: Venusian Animals
[19:59:12]   CARDS GONE from hand: Venusian Animals
[19:59:36] VitalyVit:
[19:59:36]   Energy: 11 -> 8 (-3)
[19:59:36]   Actions(game): 81 -> 82 (+1)
[19:59:36]   Actions(round): 1 -> 2 (+1)
[19:59:58] VitalyVit:
[19:59:58]   Cards: 12 -> 13 (+1)
[19:59:58]   Actions(round): 2 -> 0 (-2)
[19:59:58]   CARDS ADDED to hand: Venus Allies
[19:59:59] Nihoka13:
[19:59:59]   MC: 9 -> 1 (-8)
[19:59:59]   Cards: 9 -> 8 (-1)
[19:59:59]   Tableau: 35 -> 36 (+1)
[19:59:59]   Actions(game): 73 -> 75 (+2)
[19:59:59]   Actions(round): 0 -> 1 (+1)
[19:59:59]   NEW CARDS PLAYED: Dirigibles
[19:59:59]   CARDS GONE from hand: Dirigibles
[20:00:20] --- GLOBALS: Venus: 16 -> 18 ---
[20:00:20] wdkymyms:
[20:00:20]   MC: 33 -> 28 (-5)
[20:00:20]   Cards: 17 -> 18 (+1)
[20:00:20]   Tableau: 27 -> 29 (+2)
[20:00:20]   Actions(game): 81 -> 84 (+3)
[20:00:20]   Actions(round): 0 -> 2 (+2)
[20:00:20]   VP: 48 -> 49 (+1)
[20:00:20]   NEW CARDS PLAYED: Indentured Workers, Io Sulphur Research
[20:00:20]   CARDS GONE from hand: Indentured Workers, Io Sulphur Research
[20:00:20]   CARDS ADDED to hand: Cartel, Harvest, Snow Algae
[20:00:21] Nihoka13:
[20:00:21]   TR: 27 -> 28 (+1)
[20:00:21]   Ti: 14 -> 9 (-5)
[20:00:21]   Heat prod: 3 -> 6 (+3)
[20:00:21]   Cards: 8 -> 7 (-1)
[20:00:21]   Tableau: 36 -> 37 (+1)
[20:00:21]   Actions(game): 75 -> 76 (+1)
[20:00:21]   Actions(round): 1 -> 0 (-1)
[20:00:21]   VP: 50 -> 51 (+1)
[20:00:21]   NEW CARDS PLAYED: GHG Import From Venus
[20:00:21]   CARDS GONE from hand: GHG Import From Venus
[20:00:42] --- GLOBALS: O2: 5 -> 6 ---
[20:00:42] wdkymyms:
[20:00:42]   Actions(round): 2 -> 0 (-2)
[20:00:42]   CARDS GONE from hand: Snow Algae
[20:00:42]   CARDS ADDED to hand: Solar Wind Power
[20:00:43] VitalyVit:
[20:00:43]   TR: 32 -> 33 (+1)
[20:00:43]   MC: 6 -> 10 (+4)
[20:00:43]   Steel: 9 -> 11 (+2)
[20:00:43]   Energy: 8 -> 0 (-8)
[20:00:43]   Actions(game): 82 -> 85 (+3)
[20:00:43]   VP: 44 -> 45 (+1)
[20:00:44] Nihoka13:
[20:00:44]   Actions(game): 76 -> 77 (+1)
[20:01:26] wdkymyms:
[20:01:26]   MC: 28 -> 25 (-3)
[20:01:26]   Ti: 0 -> 2 (+2)
[20:01:26]   Energy prod: 0 -> 1 (+1)
[20:01:26]   Cards: 18 -> 17 (-1)
[20:01:26]   Tableau: 29 -> 30 (+1)
[20:01:26]   Actions(game): 84 -> 86 (+2)
[20:01:26]   Actions(round): 0 -> 1 (+1)
[20:01:26]   NEW CARDS PLAYED: Solar Wind Power
[20:01:26]   CARDS GONE from hand: Cartel, Solar Wind Power
[20:01:26]   CARDS ADDED to hand: Special Design
[20:01:28] Nihoka13:
[20:01:28]   MC: 1 -> 2 (+1)
[20:01:28]   Cards: 7 -> 6 (-1)
[20:01:28]   Tableau: 37 -> 38 (+1)
[20:01:28]   Actions(game): 77 -> 79 (+2)
[20:01:28]   NEW CARDS PLAYED: Floating Refinery
[20:01:28]   CARDS GONE from hand: Floating Refinery
[20:01:49] wdkymyms:
[20:01:49]   MC: 25 -> 27 (+2)
[20:01:49]   Cards: 17 -> 16 (-1)
[20:01:49]   Tableau: 30 -> 31 (+1)
[20:01:49]   Actions(game): 86 -> 87 (+1)
[20:01:49]   Actions(round): 1 -> 0 (-1)
[20:01:49]   VP: 49 -> 50 (+1)
[20:01:49]   NEW CARDS PLAYED: Floater Prototypes
[20:01:49]   CARDS GONE from hand: Floater Prototypes, Pets
[20:01:49]   CARDS ADDED to hand: Technology Demonstration
[20:01:49] VitalyVit:
[20:01:49]   Actions(game): 85 -> 86 (+1)
[20:02:11] --- GLOBALS: Temp: -24 -> -22 ---
[20:02:12] VitalyVit:
[20:02:12]   TR: 33 -> 34 (+1)
[20:02:12]   MC: 10 -> 5 (-5)
[20:02:12]   Ti prod: 1 -> 2 (+1)
[20:02:12]   Heat: 8 -> 0 (-8)
[20:02:12]   Cards: 13 -> 12 (-1)
[20:02:12]   Tableau: 21 -> 22 (+1)
[20:02:12]   Actions(game): 86 -> 88 (+2)
[20:02:12]   VP: 45 -> 46 (+1)
[20:02:12]   NEW CARDS PLAYED: Ishtar Mining
[20:02:12]   CARDS GONE from hand: Ishtar Mining
[20:02:12] Nihoka13:
[20:02:12]   Actions(game): 79 -> 80 (+1)
[20:02:33] wdkymyms:
[20:02:33]   MC: 27 -> 29 (+2)
[20:02:33]   Cards: 16 -> 17 (+1)
[20:02:33]   Tableau: 31 -> 32 (+1)
[20:02:33]   Actions(game): 87 -> 89 (+2)
[20:02:33]   Actions(round): 0 -> 1 (+1)
[20:02:33]   NEW CARDS PLAYED: Technology Demonstration
[20:02:33]   CARDS GONE from hand: Technology Demonstration
[20:02:33]   CARDS ADDED to hand: Ants, Spin-off Department
[20:02:35] Nihoka13:
[20:02:35]   Actions(game): 80 -> 82 (+2)
[20:02:35]   VP: 51 -> 52 (+1)
[20:02:56] --- GLOBALS: Venus: 18 -> 20 ---
[20:02:56] wdkymyms:
[20:02:56]   TR: 32 -> 33 (+1)
[20:02:56]   MC: 29 -> 36 (+7)
[20:02:56]   Ti: 2 -> 1 (-1)
[20:02:56]   Cards: 17 -> 16 (-1)
[20:02:56]   Tableau: 32 -> 33 (+1)
[20:02:56]   Actions(game): 89 -> 90 (+1)
[20:02:56]   Actions(round): 1 -> 0 (-1)
[20:02:56]   VP: 50 -> 51 (+1)
[20:02:56]   NEW CARDS PLAYED: Comet for Venus
[20:02:56]   CARDS GONE from hand: Comet for Venus
[20:02:57] VitalyVit:
[20:02:57]   Actions(game): 88 -> 90 (+2)
[20:02:58] Nihoka13:
[20:02:58]   MC: 2 -> 0 (-2)
[20:02:58]   Actions(game): 82 -> 83 (+1)
[20:03:20] Nihoka13:
[20:03:20]   MC: 0 -> 2 (+2)
[20:03:20]   Ti: 9 -> 10 (+1)
[20:03:20]   Actions(game): 83 -> 85 (+2)
[20:03:20]   Actions(round): 0 -> 2 (+2)
[20:03:41] --- GLOBALS: Temp: -22 -> -20 ---
[20:03:41] wdkymyms:
[20:03:41]   TR: 33 -> 34 (+1)
[20:03:41]   MC: 36 -> 38 (+2)
[20:03:41]   Heat prod: 0 -> 1 (+1)
[20:03:41]   Cards: 16 -> 15 (-1)
[20:03:41]   Tableau: 33 -> 34 (+1)
[20:03:41]   Actions(game): 90 -> 93 (+3)
[20:03:41]   VP: 51 -> 52 (+1)
[20:03:41]   NEW CARDS PLAYED: Small Asteroid
[20:03:41]   CARDS GONE from hand: Small Asteroid
[20:03:42] Nihoka13:
[20:03:42]   Plants: 6 -> 4 (-2)
[20:03:42]   Cards: 6 -> 7 (+1)
[20:03:42]   Actions(game): 85 -> 87 (+2)
[20:03:42]   Actions(round): 2 -> 1 (-1)
[20:03:42]   CARDS ADDED to hand: Astra Mechanica
[20:04:05] Nihoka13:
[20:04:05]   MC: 2 -> 0 (-2)
[20:04:05]   Heat: 3 -> 1 (-2)
[20:04:05]   Tableau: 38 -> 39 (+1)
[20:04:05]   Actions(game): 87 -> 88 (+1)
[20:04:05]   Actions(round): 1 -> 2 (+1)
[20:04:05]   NEW CARDS PLAYED: Astra Mechanica
[20:04:05]   CARDS GONE from hand: Astra Mechanica
[20:04:05]   CARDS ADDED to hand: Productive Outpost
[20:04:48] wdkymyms:
[20:04:48]   MC: 38 -> 28 (-10)
[20:04:48]   Energy prod: 1 -> 3 (+2)
[20:04:48]   Cards: 15 -> 14 (-1)
[20:04:48]   Tableau: 34 -> 35 (+1)
[20:04:48]   Actions(game): 93 -> 95 (+2)
[20:04:48]   Actions(round): 0 -> 1 (+1)
[20:04:48]   NEW CARDS PLAYED: Artificial Photosynthesis
[20:04:48]   CARDS GONE from hand: Artificial Photosynthesis, Special Design
[20:04:48]   CARDS ADDED to hand: Extreme-Cold Fungus
[20:04:49] Nihoka13:
[20:04:49]   Cards: 7 -> 9 (+2)
[20:04:49]   Tableau: 39 -> 37 (-2)
[20:04:49]   Actions(round): 2 -> 0 (-2)
[20:04:49]   CARDS ADDED to hand: Imported Hydrogen, Interplanetary Colony Ship
[20:05:10] wdkymyms:
[20:05:10]   MC: 28 -> 22 (-6)
[20:05:10]   MC prod: 6 -> 8 (+2)
[20:05:10]   Steel: 1 -> 0 (-1)
[20:05:10]   Cards: 14 -> 13 (-1)
[20:05:10]   Tableau: 35 -> 36 (+1)
[20:05:10]   Actions(game): 95 -> 96 (+1)
[20:05:10]   Actions(round): 1 -> 0 (-1)
[20:05:10]   NEW CARDS PLAYED: Spin-off Department
[20:05:10]   CARDS GONE from hand: Spin-off Department
[20:05:11] Nihoka13:
[20:05:11]   Actions(game): 88 -> 89 (+1)
[20:05:34] Nihoka13:
[20:05:34]   Ti: 10 -> 6 (-4)
[20:05:34]   Tableau: 37 -> 39 (+2)
[20:05:34]   Actions(game): 89 -> 91 (+2)
[20:05:34]   Actions(round): 0 -> 2 (+2)
[20:05:34]   Colonies: 2 -> 3 (+1)
[20:05:34]   VP: 52 -> 53 (+1)
[20:05:34]   NEW CARDS PLAYED: Imported Hydrogen, Interplanetary Colony Ship
[20:05:34]   CARDS GONE from hand: Imported Hydrogen, Interplanetary Colony Ship
[20:05:34]   CARDS ADDED to hand: Commercial District, Urbanized Area
[20:05:54] --- GLOBALS: Oceans: 2 -> 3 ---
[20:05:54] wdkymyms:
[20:05:54]   Actions(game): 96 -> 97 (+1)
[20:05:56] Nihoka13:
[20:05:56]   TR: 28 -> 29 (+1)
[20:05:56]   Steel: 1 -> 3 (+2)
[20:05:56]   Plants: 4 -> 6 (+2)
[20:05:56]   Actions(round): 2 -> 0 (-2)
[20:05:56]   VP: 53 -> 56 (+3)
[20:06:17] wdkymyms:
[20:06:17]   MC: 22 -> 27 (+5)
[20:06:17]   Ti: 1 -> 0 (-1)
[20:06:17]   Heat: 0 -> 3 (+3)
[20:06:17]   Heat prod: 1 -> 2 (+1)
[20:06:17]   Cards: 13 -> 11 (-2)
[20:06:17]   Tableau: 36 -> 38 (+2)
[20:06:17]   Actions(game): 97 -> 99 (+2)
[20:06:17]   VP: 52 -> 53 (+1)
[20:06:17]   NEW CARDS PLAYED: Ceres Tech Market, Imported GHG
[20:06:17]   CARDS GONE from hand: Ceres Tech Market, Extreme-Cold Fungus, Imported GHG
[20:06:17]   CARDS ADDED to hand: Omnicourt
[20:06:18] Nihoka13:
[20:06:18]   Actions(game): 91 -> 92 (+1)
[20:06:39] wdkymyms:
[20:06:39]   Actions(game): 99 -> 100 (+1)
[20:06:41] Nihoka13:
[20:06:41]   MC prod: 7 -> 6 (-1)
[20:06:41]   Actions(game): 92 -> 94 (+2)
[20:06:41]   VP: 56 -> 57 (+1)
[20:07:01] --- GLOBALS: Oceans: 3 -> 4 ---
[20:07:01] wdkymyms:
[20:07:01]   TR: 34 -> 35 (+1)
[20:07:01]   MC: 27 -> 17 (-10)
[20:07:01]   Plants: 0 -> 1 (+1)
[20:07:01]   Cards: 11 -> 10 (-1)
[20:07:01]   Tableau: 38 -> 40 (+2)
[20:07:01]   Actions(game): 100 -> 102 (+2)
[20:07:01]   Actions(round): 0 -> 2 (+2)
[20:07:01]   VP: 53 -> 54 (+1)
[20:07:01]   NEW CARDS PLAYED: Ants, Convoy From Europa
[20:07:01]   CARDS GONE from hand: Ants, Convoy From Europa
[20:07:01]   CARDS ADDED to hand: Shuttles
[20:07:03] Nihoka13:
[20:07:03]   Plants: 6 -> 8 (+2)
[20:07:24] --- GLOBALS: Oceans: 4 -> 6 ---
[20:07:24] wdkymyms:
[20:07:24]   TR: 35 -> 37 (+2)
[20:07:24]   MC: 17 -> 12 (-5)
[20:07:24]   Plants: 1 -> 3 (+2)
[20:07:24]   Tableau: 40 -> 41 (+1)
[20:07:24]   Actions(game): 102 -> 104 (+2)
[20:07:24]   Actions(round): 2 -> 4 (+2)
[20:07:24]   VP: 54 -> 56 (+2)
[20:07:24]   NEW CARDS PLAYED: Ice Asteroid
[20:07:24]   CARDS GONE from hand: Ice Asteroid
[20:07:24]   CARDS ADDED to hand: Geothermal Power
[20:07:25] Nihoka13:
[20:07:25]   Plants: 8 -> 12 (+4)
[20:07:46] wdkymyms:
[20:07:46]   MC: 12 -> 8 (-4)
[20:07:46]   Cards: 10 -> 9 (-1)
[20:07:46]   Tableau: 41 -> 42 (+1)
[20:07:46]   Actions(game): 104 -> 106 (+2)
[20:07:46]   Actions(round): 4 -> 6 (+2)
[20:07:46]   NEW CARDS PLAYED: Small Animals
[20:07:46]   CARDS GONE from hand: Small Animals
[20:07:48] Nihoka13:
[20:07:48]   Plant prod: 1 -> 0 (-1)
[20:08:08] --- GLOBALS: Phase: action -> solar ---
[20:08:08] wdkymyms:
[20:08:08]   MC: 8 -> 48 (+40)
[20:08:08]   MC prod: 8 -> 10 (+2)
[20:08:08]   Steel: 0 -> 1 (+1)
[20:08:08]   Ti: 0 -> 1 (+1)
[20:08:08]   Energy: 0 -> 4 (+4)
[20:08:08]   Energy prod: 3 -> 4 (+1)
[20:08:08]   Heat: 3 -> 5 (+2)
[20:08:08]   Cards: 9 -> 5 (-4)
[20:08:08]   Tableau: 42 -> 44 (+2)
[20:08:08]   Actions(game): 106 -> 110 (+4)
[20:08:08]   Actions(round): 6 -> 0 (-6)
[20:08:08]   VP: 56 -> 57 (+1)
[20:08:08]   NEW CARDS PLAYED: Geothermal Power, Shuttles
[20:08:08]   CARDS GONE from hand: Aqueduct Systems, Geothermal Power, Omnicourt, Shuttles
[20:08:09] VitalyVit:
[20:08:09]   MC: 5 -> 50 (+45)
[20:08:09]   Steel: 11 -> 12 (+1)
[20:08:09]   Ti: 0 -> 2 (+2)
[20:08:09]   Plants: 2 -> 3 (+1)
[20:08:09]   Energy: 0 -> 8 (+8)
[20:08:09]   Heat: 0 -> 3 (+3)
[20:08:10] --- GLOBALS: GEN 8 -> 9 | Phase: solar -> drafting | Temp: -20 -> -18 ---
[20:08:10] Nihoka13:
[20:08:10]   MC: 0 -> 35 (+35)
[20:08:10]   Steel: 3 -> 4 (+1)
[20:08:10]   Ti: 6 -> 10 (+4)
[20:08:10]   Heat: 1 -> 7 (+6)
[20:09:15] --- GLOBALS: Phase: drafting -> research ---
[20:09:38] --- GLOBALS: Phase: research -> action ---
[20:09:38] wdkymyms:
[20:09:38]   MC: 48 -> 36 (-12)
[20:09:38]   Cards: 5 -> 9 (+4)
[20:09:38]   CARDS ADDED to hand: Black Polar Dust, Decomposers, Large Convoy, Nitrophilic Moss
[20:09:38] VitalyVit:
[20:09:38]   MC: 50 -> 26 (-24)
[20:09:38]   Ti: 2 -> 1 (-1)
[20:09:38]   Cards: 12 -> 14 (+2)
[20:09:38]   Tableau: 22 -> 23 (+1)
[20:09:38]   Actions(game): 90 -> 92 (+2)
[20:09:38]   Actions(round): 0 -> 1 (+1)
[20:09:38]   NEW CARDS PLAYED: Trading Colony
[20:09:38]   CARDS GONE from hand: Trading Colony
[20:09:38]   CARDS ADDED to hand: Development Center, Great Escarpment Consortium, Immigration Shuttles
[20:09:39] Nihoka13:
[20:09:39]   MC: 35 -> 29 (-6)
[20:09:39]   Cards: 9 -> 11 (+2)
[20:09:39]   CARDS ADDED to hand: Cryo-Sleep, Soletta
[20:10:00] wdkymyms:
[20:10:00]   VP: 57 -> 58 (+1)
[20:10:01] VitalyVit:
[20:10:01]   Energy: 8 -> 5 (-3)
[20:10:01]   Cards: 14 -> 15 (+1)
[20:10:01]   Actions(game): 92 -> 93 (+1)
[20:10:01]   Actions(round): 1 -> 0 (-1)
[20:10:01]   Colonies: 2 -> 3 (+1)
[20:10:01]   VP: 46 -> 49 (+3)
[20:10:01]   CARDS ADDED to hand: Venus Orbital Survey
[20:10:02] Nihoka13:
[20:10:02]   Cards: 11 -> 12 (+1)
[20:10:02]   Actions(game): 94 -> 95 (+1)
[20:10:02]   CARDS ADDED to hand: Atalanta Planitia Lab
[20:10:24] Nihoka13:
[20:10:24]   MC: 29 -> 21 (-8)
[20:10:24]   Cards: 12 -> 11 (-1)
[20:10:24]   Tableau: 39 -> 40 (+1)
[20:10:24]   Actions(game): 95 -> 96 (+1)
[20:10:24]   Actions(round): 0 -> 1 (+1)
[20:10:24]   VP: 57 -> 58 (+1)
[20:10:24]   NEW CARDS PLAYED: Cryo-Sleep
[20:10:24]   CARDS GONE from hand: Cryo-Sleep
[20:10:45] wdkymyms:
[20:10:45]   TR: 37 -> 38 (+1)
[20:10:45]   MC: 36 -> 44 (+8)
[20:10:45]   Energy: 4 -> 1 (-3)
[20:10:45]   Actions(game): 110 -> 113 (+3)
[20:10:45]   VP: 58 -> 59 (+1)
[20:10:45] VitalyVit:
[20:10:45]   Energy: 5 -> 8 (+3)
[20:10:45]   Actions(game): 93 -> 95 (+2)
[20:10:45]   Actions(round): 0 -> 1 (+1)
[20:10:45]   VP: 49 -> 50 (+1)
[20:10:46] Nihoka13:
[20:10:46]   Ti: 10 -> 13 (+3)
[20:10:46]   Actions(game): 96 -> 97 (+1)
[20:10:46]   Actions(round): 1 -> 0 (-1)
[20:11:08] VitalyVit:
[20:11:08]   MC: 26 -> 24 (-2)
[20:11:08]   Cards: 15 -> 16 (+1)
[20:11:08]   Actions(game): 95 -> 96 (+1)
[20:11:08]   Actions(round): 1 -> 0 (-1)
[20:11:08]   CARDS ADDED to hand: CEO's Favorite Project
[20:11:08] Nihoka13:
[20:11:08]   Actions(game): 97 -> 98 (+1)
[20:11:29] --- GLOBALS: O2: 6 -> 7 ---
[20:11:29] wdkymyms:
[20:11:29]   Actions(game): 113 -> 114 (+1)
[20:11:31] Nihoka13:
[20:11:31]   TR: 29 -> 30 (+1)
[20:11:31]   MC: 21 -> 20 (-1)
[20:11:31]   Plants: 12 -> 4 (-8)
[20:11:31]   Cards: 11 -> 13 (+2)
[20:11:31]   Tableau: 40 -> 41 (+1)
[20:11:31]   Actions(game): 98 -> 100 (+2)
[20:11:31]   VP: 58 -> 62 (+4)
[20:11:31]   NEW CARDS PLAYED: Atalanta Planitia Lab
[20:11:31]   CARDS GONE from hand: Atalanta Planitia Lab
[20:11:31]   CARDS ADDED to hand: Solar Probe, Stanford Torus, Underground Detonations
[20:11:51] wdkymyms:
[20:11:51]   MC: 44 -> 41 (-3)
[20:11:51]   Energy: 1 -> 0 (-1)
[20:11:51]   Cards: 9 -> 11 (+2)
[20:11:51]   Actions(game): 114 -> 116 (+2)
[20:11:51]   CARDS ADDED to hand: Magnetic Shield, Sulphur-Eating Bacteria
[20:11:52] VitalyVit:
[20:11:52]   Actions(game): 96 -> 97 (+1)
[20:11:53] --- GLOBALS: Temp: -18 -> -16 | O2: 7 -> 8 ---
[20:12:14] VitalyVit:
[20:12:14]   TR: 34 -> 36 (+2)
[20:12:14]   MC: 24 -> 23 (-1)
[20:12:14]   Steel: 12 -> 14 (+2)
[20:12:14]   Energy: 8 -> 4 (-4)
[20:12:14]   Actions(game): 97 -> 99 (+2)
[20:12:14]   VP: 50 -> 52 (+2)
[20:12:15] Nihoka13:
[20:12:15]   Actions(game): 100 -> 101 (+1)
[20:12:36] wdkymyms:
[20:12:36]   Actions(game): 116 -> 117 (+1)
[20:12:37] Nihoka13:
[20:12:37]   MC: 20 -> 16 (-4)
[20:12:37]   Cards: 13 -> 14 (+1)
[20:12:37]   Tableau: 41 -> 43 (+2)
[20:12:37]   Actions(game): 101 -> 103 (+2)
[20:12:37]   VP: 62 -> 64 (+2)
[20:12:37]   NEW CARDS PLAYED: Solar Probe, Venus Waystation
[20:12:37]   CARDS GONE from hand: Solar Probe
[20:12:37]   CARDS ADDED to hand: Deimos Down:promo, Spin-Inducing Asteroid
[20:12:58] --- GLOBALS: Oceans: 6 -> 7 ---
[20:12:58] wdkymyms:
[20:12:58]   TR: 38 -> 39 (+1)
[20:12:58]   MC: 41 -> 22 (-19)
[20:12:58]   Ti: 1 -> 0 (-1)
[20:12:58]   Plants: 3 -> 4 (+1)
[20:12:58]   Cards: 11 -> 13 (+2)
[20:12:58]   Tableau: 44 -> 45 (+1)
[20:12:58]   Actions(game): 117 -> 118 (+1)
[20:12:58]   Actions(round): 0 -> 1 (+1)
[20:12:58]   VP: 59 -> 62 (+3)
[20:12:58]   NEW CARDS PLAYED: Large Convoy
[20:12:58]   CARDS GONE from hand: Large Convoy
[20:12:58]   CARDS ADDED to hand: Artificial Lake, Herbivores, Jovian Embassy
[20:13:00] Nihoka13:
[20:13:00]   Plants: 4 -> 6 (+2)
[20:13:20] wdkymyms:
[20:13:20]   MC: 22 -> 19 (-3)
[20:13:20]   Cards: 13 -> 12 (-1)
[20:13:20]   Tableau: 45 -> 46 (+1)
[20:13:20]   Actions(game): 118 -> 119 (+1)
[20:13:20]   Actions(round): 1 -> 0 (-1)
[20:13:20]   VP: 62 -> 64 (+2)
[20:13:20]   NEW CARDS PLAYED: Decomposers
[20:13:20]   CARDS GONE from hand: Decomposers
[20:13:21] VitalyVit:
[20:13:21]   Actions(game): 99 -> 100 (+1)
[20:13:43] VitalyVit:
[20:13:43]   MC: 23 -> 22 (-1)
[20:13:43]   Steel: 14 -> 9 (-5)
[20:13:43]   Energy: 4 -> 3 (-1)
[20:13:43]   Tableau: 23 -> 24 (+1)
[20:13:43]   Actions(game): 100 -> 102 (+2)
[20:13:43]   VP: 52 -> 53 (+1)
[20:13:43]   NEW CARDS PLAYED: Development Center
[20:13:43]   CARDS GONE from hand: Development Center
[20:13:43]   CARDS ADDED to hand: Noctis Farming
[20:13:44] Nihoka13:
[20:13:44]   Actions(game): 103 -> 104 (+1)
[20:14:05] wdkymyms:
[20:14:05]   Actions(game): 119 -> 120 (+1)
[20:14:06] Nihoka13:
[20:14:06]   Steel: 4 -> 3 (-1)
[20:14:06]   Ti: 13 -> 5 (-8)
[20:14:06]   Heat prod: 6 -> 13 (+7)
[20:14:06]   Cards: 14 -> 12 (-2)
[20:14:06]   Tableau: 43 -> 45 (+2)
[20:14:06]   Actions(game): 104 -> 106 (+2)
[20:14:06]   NEW CARDS PLAYED: Soletta, Underground Detonations
[20:14:06]   CARDS GONE from hand: Soletta, Underground Detonations
[20:14:27] wdkymyms:
[20:14:27]   MC: 19 -> 15 (-4)
[20:14:27]   Cards: 12 -> 11 (-1)
[20:14:27]   Tableau: 46 -> 47 (+1)
[20:14:27]   Actions(game): 120 -> 122 (+2)
[20:14:27]   NEW CARDS PLAYED: Sulphur-Eating Bacteria
[20:14:27]   CARDS GONE from hand: Sulphur-Eating Bacteria
[20:14:28] VitalyVit:
[20:14:28]   MC: 22 -> 25 (+3)
[20:14:28]   Energy: 3 -> 0 (-3)
[20:14:28]   Actions(game): 102 -> 104 (+2)
[20:14:28]   Actions(round): 0 -> 1 (+1)
[20:14:50] VitalyVit:
[20:14:50]   MC: 25 -> 12 (-13)
[20:14:50]   MC prod: 11 -> 9 (-2)
[20:14:50]   Energy prod: 8 -> 10 (+2)
[20:14:50]   Heat prod: 3 -> 5 (+2)
[20:14:50]   Cards: 16 -> 15 (-1)
[20:14:50]   Tableau: 24 -> 25 (+1)
[20:14:50]   Actions(game): 104 -> 105 (+1)
[20:14:50]   Actions(round): 1 -> 0 (-1)
[20:14:50]   NEW CARDS PLAYED: Lunar Beam
[20:14:50]   CARDS GONE from hand: Lunar Beam
[20:14:51] Nihoka13:
[20:14:51]   Actions(game): 106 -> 107 (+1)
[20:15:12] wdkymyms:
[20:15:12]   Actions(game): 122 -> 123 (+1)
[20:15:13] Nihoka13:
[20:15:13]   MC: 16 -> 23 (+7)
[20:15:13]   Ti: 5 -> 6 (+1)
[20:15:13]   Actions(game): 107 -> 109 (+2)
[20:15:34] --- GLOBALS: O2: 8 -> 9 ---
[20:15:34] wdkymyms:
[20:15:34]   TR: 39 -> 40 (+1)
[20:15:34]   Plants: 4 -> 0 (-4)
[20:15:34]   Tableau: 47 -> 48 (+1)
[20:15:34]   Actions(game): 123 -> 125 (+2)
[20:15:34]   VP: 64 -> 66 (+2)
[20:15:34]   NEW CARDS PLAYED: Imported Nutrients
[20:15:34]   CARDS GONE from hand: Imported Nutrients
[20:15:34]   CARDS ADDED to hand: Luna Governor
[20:15:35] VitalyVit:
[20:15:35]   Actions(game): 105 -> 106 (+1)
[20:16:42] VitalyVit:
[20:16:42]   MC: 12 -> 4 (-8)
[20:16:42]   MC prod: 9 -> 18 (+9)
[20:16:42]   Steel: 9 -> 4 (-5)
[20:16:42]   Plants: 3 -> 5 (+2)
[20:16:42]   Cards: 15 -> 13 (-2)
[20:16:42]   Tableau: 25 -> 27 (+2)
[20:16:42]   Actions(game): 106 -> 108 (+2)
[20:16:42]   VP: 53 -> 55 (+2)
[20:16:42]   NEW CARDS PLAYED: Noctis Farming, Quantum Communications
[20:16:42]   CARDS GONE from hand: Noctis Farming, Quantum Communications
[20:16:43] Nihoka13:
[20:16:43]   Actions(game): 109 -> 110 (+1)
[20:17:05] Nihoka13:
[20:17:05]   Actions(game): 110 -> 112 (+2)
[20:17:05]   VP: 64 -> 65 (+1)
[20:17:26] wdkymyms:
[20:17:26]   Energy prod: 4 -> 8 (+4)
[20:17:26]   Cards: 11 -> 10 (-1)
[20:17:26]   Tableau: 48 -> 50 (+2)
[20:17:26]   Actions(game): 125 -> 128 (+3)
[20:17:26]   VP: 66 -> 68 (+2)
[20:17:26]   NEW CARDS PLAYED: Corona Extractor, Ecological Zone
[20:17:26]   CARDS GONE from hand: Ecological Zone
[20:17:26] VitalyVit:
[20:17:26]   Actions(game): 108 -> 109 (+1)
[20:17:48] VitalyVit:
[20:17:48]   Actions(game): 109 -> 110 (+1)
[20:17:49] Nihoka13:
[20:17:49]   Cards: 12 -> 13 (+1)
[20:17:49]   Actions(game): 112 -> 114 (+2)
[20:17:49]   Actions(round): 0 -> 1 (+1)
[20:17:49]   CARDS ADDED to hand: Community Services
[20:18:10] wdkymyms:
[20:18:10]   TR: 40 -> 44 (+4)
[20:18:10]   MC: 15 -> 9 (-6)
[20:18:10]   Tableau: 50 -> 51 (+1)
[20:18:10]   Actions(game): 128 -> 130 (+2)
[20:18:10]   Actions(round): 0 -> 1 (+1)
[20:18:10]   VP: 68 -> 72 (+4)
[20:18:10]   NEW CARDS PLAYED: Magnetic Shield
[20:18:10]   CARDS GONE from hand: Magnetic Shield
[20:18:10]   CARDS ADDED to hand: Meltworks
[20:18:11] Nihoka13:
[20:18:11]   MC prod: 6 -> 5 (-1)
[20:18:11]   Actions(game): 114 -> 115 (+1)
[20:18:11]   Actions(round): 1 -> 0 (-1)
[20:18:11]   VP: 65 -> 66 (+1)
[20:18:32] wdkymyms:
[20:18:32]   Actions(game): 130 -> 131 (+1)
[20:18:32]   Actions(round): 1 -> 0 (-1)
[20:18:32]   VP: 72 -> 73 (+1)
[20:18:34] Nihoka13:
[20:18:34]   Actions(game): 115 -> 116 (+1)
[20:18:55] --- GLOBALS: Temp: -16 -> -10 ---
[20:18:56] Nihoka13:
[20:18:56]   TR: 30 -> 33 (+3)
[20:18:56]   Steel: 3 -> 7 (+4)
[20:18:56]   Ti: 6 -> 0 (-6)
[20:18:56]   Cards: 13 -> 12 (-1)
[20:18:56]   Tableau: 45 -> 46 (+1)
[20:18:56]   Actions(game): 116 -> 117 (+1)
[20:18:56]   Actions(round): 0 -> 1 (+1)
[20:18:56]   VP: 66 -> 69 (+3)
[20:18:56]   NEW CARDS PLAYED: Deimos Down:promo
[20:18:56]   CARDS GONE from hand: Deimos Down:promo
[20:19:28] --- GLOBALS: O2: 9 -> 10 ---
[20:19:28] VitalyVit:
[20:19:28]   Plants: 5 -> 0 (-5)
[20:19:29] Nihoka13:
[20:19:29]   TR: 33 -> 34 (+1)
[20:19:29]   MC: 23 -> 29 (+6)
[20:19:29]   Plants: 6 -> 1 (-5)
[20:19:29]   Actions(game): 117 -> 118 (+1)
[20:19:29]   Actions(round): 1 -> 0 (-1)
[20:19:29]   VP: 69 -> 71 (+2)
[20:19:50] wdkymyms:
[20:19:50]   MC: 9 -> 7 (-2)
[20:19:50]   Actions(game): 131 -> 134 (+3)
[20:19:50]   VP: 73 -> 74 (+1)
[20:19:52] Nihoka13:
[20:19:52]   Actions(game): 118 -> 119 (+1)
[20:20:12] --- GLOBALS: Temp: -10 -> -8 ---
[20:20:14] Nihoka13:
[20:20:14]   TR: 34 -> 35 (+1)
[20:20:14]   MC: 29 -> 22 (-7)
[20:20:14]   Steel: 7 -> 0 (-7)
[20:20:14]   Plants: 1 -> 4 (+3)
[20:20:14]   Cards: 12 -> 11 (-1)
[20:20:14]   Tableau: 46 -> 47 (+1)
[20:20:14]   Actions(game): 119 -> 120 (+1)
[20:20:14]   Actions(round): 0 -> 1 (+1)
[20:20:14]   VP: 71 -> 72 (+1)
[20:20:14]   NEW CARDS PLAYED: Mohole Lake
[20:20:14]   CARDS GONE from hand: Mohole Lake
[20:20:35] --- GLOBALS: Oceans: 7 -> 8 ---
[20:20:40] Nihoka13:
[20:20:40]   TR: 35 -> 36 (+1)
[20:20:40]   MC: 22 -> 19 (-3)
[20:20:40]   Steel: 0 -> 1 (+1)
[20:20:40]   Plants: 4 -> 6 (+2)
[20:20:40]   Cards: 11 -> 10 (-1)
[20:20:40]   Tableau: 47 -> 48 (+1)
[20:20:40]   Actions(game): 120 -> 121 (+1)
[20:20:40]   Actions(round): 1 -> 2 (+1)
[20:20:40]   VP: 72 -> 73 (+1)
[20:20:40]   NEW CARDS PLAYED: Permafrost Extraction
[20:20:40]   CARDS GONE from hand: Permafrost Extraction
[20:21:01] --- GLOBALS: Oceans: 8 -> 9 ---
[20:21:01] wdkymyms:
[20:21:01]   Steel: 1 -> 0 (-1)
[20:21:01]   Cards: 10 -> 9 (-1)
[20:21:01]   Tableau: 51 -> 52 (+1)
[20:21:01]   Actions(game): 134 -> 136 (+2)
[20:21:01]   Actions(round): 0 -> 1 (+1)
[20:21:01]   NEW CARDS PLAYED: Meltworks
[20:21:01]   CARDS GONE from hand: Meltworks
[20:21:03] Nihoka13:
[20:21:03]   TR: 36 -> 37 (+1)
[20:21:03]   Steel: 1 -> 2 (+1)
[20:21:03]   Plants: 6 -> 8 (+2)
[20:21:03]   Actions(game): 121 -> 122 (+1)
[20:21:03]   Actions(round): 2 -> 0 (-2)
[20:21:03]   VP: 73 -> 74 (+1)
[20:21:24] --- GLOBALS: O2: 10 -> 11 ---
[20:21:24] wdkymyms:
[20:21:24]   Steel: 0 -> 3 (+3)
[20:21:24]   Heat: 5 -> 0 (-5)
[20:21:24]   Actions(game): 136 -> 137 (+1)
[20:21:24]   Actions(round): 1 -> 0 (-1)
[20:21:26] Nihoka13:
[20:21:26]   TR: 37 -> 38 (+1)
[20:21:26]   MC: 19 -> 21 (+2)
[20:21:26]   Plants: 8 -> 1 (-7)
[20:21:26]   Actions(game): 122 -> 123 (+1)
[20:21:26]   Actions(round): 0 -> 1 (+1)
[20:21:26]   VP: 74 -> 76 (+2)
[20:21:49] wdkymyms:
[20:21:49]   TR: 44 -> 45 (+1)
[20:21:49]   MC: 7 -> 5 (-2)
[20:21:49]   Steel: 3 -> 0 (-3)
[20:21:49]   Cards: 9 -> 7 (-2)
[20:21:49]   Tableau: 52 -> 53 (+1)
[20:21:49]   Actions(game): 137 -> 140 (+3)
[20:21:49]   VP: 74 -> 76 (+2)
[20:21:49]   NEW CARDS PLAYED: Jovian Embassy
[20:21:49]   CARDS GONE from hand: Jovian Embassy, Luna Governor
[20:21:51] Nihoka13:
[20:21:51]   MC: 21 -> 4 (-17)
[20:21:51]   Actions(game): 123 -> 126 (+3)
[20:21:51]   VP: 76 -> 77 (+1)
[20:22:16] Nihoka13:
[20:22:16]   Ti: 0 -> 1 (+1)
[20:22:16]   Cards: 10 -> 11 (+1)
[20:22:16]   Tableau: 48 -> 49 (+1)
[20:22:16]   Actions(game): 126 -> 127 (+1)
[20:22:16]   Actions(round): 1 -> 2 (+1)
[20:22:16]   Colonies: 3 -> 4 (+1)
[20:22:16]   NEW CARDS PLAYED: Productive Outpost
[20:22:16]   CARDS GONE from hand: Productive Outpost
[20:22:16]   CARDS ADDED to hand: Homeostasis Bureau, Ice Moon Colony
[20:22:37] wdkymyms:
[20:22:37]   Actions(game): 140 -> 143 (+3)
[20:22:37]   VP: 76 -> 77 (+1)
[20:22:40] Nihoka13:
[20:22:40]   MC: 4 -> 1 (-3)
[20:22:40]   Cards: 11 -> 12 (+1)
[20:22:40]   Actions(game): 127 -> 128 (+1)
[20:22:40]   Actions(round): 2 -> 0 (-2)
[20:22:40]   CARDS ADDED to hand: Molecular Printing
[20:23:03] Nihoka13:
[20:23:03]   MC: 1 -> 9 (+8)
[20:23:03]   Heat: 7 -> 1 (-6)
[20:23:03]   Cards: 12 -> 11 (-1)
[20:23:03]   Tableau: 49 -> 50 (+1)
[20:23:03]   Actions(game): 128 -> 129 (+1)
[20:23:03]   Actions(round): 0 -> 1 (+1)
[20:23:03]   VP: 77 -> 78 (+1)
[20:23:03]   NEW CARDS PLAYED: Molecular Printing
[20:23:03]   CARDS GONE from hand: Molecular Printing
[20:23:40] Nihoka13:
[20:23:40]   MC: 9 -> 0 (-9)
[20:23:40]   Steel: 2 -> 1 (-1)
[20:23:40]   Heat prod: 13 -> 15 (+2)
[20:23:40]   Cards: 11 -> 10 (-1)
[20:23:40]   Tableau: 50 -> 51 (+1)
[20:23:40]   Actions(game): 129 -> 130 (+1)
[20:23:40]   Actions(round): 1 -> 2 (+1)
[20:23:40]   NEW CARDS PLAYED: Homeostasis Bureau
[20:23:40]   CARDS GONE from hand: Homeostasis Bureau
[20:24:03] --- GLOBALS: GEN 9 -> 10 | Phase: action -> drafting | Venus: 20 -> 22 ---
[20:24:03] wdkymyms:
[20:24:03]   MC: 5 -> 60 (+55)
[20:24:03]   Steel: 0 -> 1 (+1)
[20:24:03]   Ti: 0 -> 1 (+1)
[20:24:03]   Energy: 0 -> 8 (+8)
[20:24:03]   Heat: 0 -> 2 (+2)
[20:24:10] VitalyVit:
[20:24:10]   MC: 4 -> 58 (+54)
[20:24:10]   Steel: 4 -> 5 (+1)
[20:24:10]   Ti: 1 -> 3 (+2)
[20:24:10]   Plants: 0 -> 1 (+1)
[20:24:10]   Energy: 0 -> 10 (+10)
[20:24:10]   Heat: 3 -> 8 (+5)
[20:24:13] Nihoka13:
[20:24:13]   MC: 0 -> 43 (+43)
[20:24:13]   Steel: 1 -> 2 (+1)
[20:24:13]   Ti: 1 -> 5 (+4)
[20:24:13]   Heat: 1 -> 16 (+15)
[20:24:13]   Cards: 10 -> 9 (-1)
[20:24:13]   Tableau: 51 -> 52 (+1)
[20:24:13]   Actions(game): 130 -> 132 (+2)
[20:24:13]   Actions(round): 2 -> 0 (-2)
[20:24:13]   Cities: 0 -> 1 (+1)
[20:24:13]   VP: 78 -> 80 (+2)
[20:24:13]   NEW CARDS PLAYED: Stanford Torus
[20:24:13]   CARDS GONE from hand: Stanford Torus
[20:24:34] --- GLOBALS: Phase: drafting -> action ---
[20:24:34] wdkymyms:
[20:24:34]   MC: 60 -> 51 (-9)
[20:24:34]   Cards: 7 -> 10 (+3)
[20:24:34]   CARDS ADDED to hand: Mercurian Alloys, SF Memorial, Sky Docks
[20:24:34] VitalyVit:
[20:24:34]   MC: 58 -> 49 (-9)
[20:24:34]   Cards: 13 -> 16 (+3)
[20:24:34]   CARDS ADDED to hand: Fusion Power, Io Mining Industries, Sulphur Exports
[20:24:35] Nihoka13:
[20:24:35]   MC: 43 -> 37 (-6)
[20:24:35]   Cards: 9 -> 11 (+2)
[20:24:35]   Actions(game): 132 -> 133 (+1)
[20:24:35]   CARDS ADDED to hand: Research Outpost, Sponsors
[20:25:05] VitalyVit:
[20:25:05]   Cards: 16 -> 17 (+1)
[20:25:05]   CARDS ADDED to hand: Miranda Resort
[20:25:06] Nihoka13:
[20:25:06]   MC: 37 -> 27 (-10)
[20:25:06]   Steel: 2 -> 0 (-2)
[20:25:06]   Cards: 11 -> 12 (+1)
[20:25:06]   Tableau: 52 -> 53 (+1)
[20:25:06]   Actions(game): 133 -> 135 (+2)
[20:25:06]   Actions(round): 0 -> 2 (+2)
[20:25:06]   VP: 80 -> 82 (+2)
[20:25:06]   NEW CARDS PLAYED: Research Outpost
[20:25:06]   CARDS GONE from hand: Research Outpost
[20:25:06]   CARDS ADDED to hand: Tectonic Stress Power, Trade Envoys
[20:25:28] wdkymyms:
[20:25:28]   TR: 45 -> 46 (+1)
[20:25:28]   MC: 51 -> 59 (+8)
[20:25:28]   Energy: 8 -> 2 (-6)
[20:25:28]   Cards: 10 -> 11 (+1)
[20:25:28]   Actions(game): 143 -> 146 (+3)
[20:25:28]   Actions(round): 0 -> 2 (+2)
[20:25:28]   VP: 77 -> 78 (+1)
[20:25:28]   CARDS ADDED to hand: Interstellar Colony Ship
[20:25:32] Nihoka13:
[20:25:32]   Plants: 1 -> 3 (+2)
[20:25:32]   Actions(round): 2 -> 0 (-2)
[20:25:32]   Cities: 1 -> 2 (+1)
[20:25:53] wdkymyms:
[20:25:53]   Actions(round): 2 -> 0 (-2)
[20:25:54] VitalyVit:
[20:25:54]   Ti: 3 -> 7 (+4)
[20:25:54]   Energy: 10 -> 7 (-3)
[20:25:54]   Actions(game): 110 -> 112 (+2)
[20:25:54]   Actions(round): 0 -> 1 (+1)
[20:25:55] Nihoka13:
[20:25:55]   MC: 27 -> 24 (-3)
[20:25:55]   Ti: 5 -> 6 (+1)
[20:25:55]   Cards: 12 -> 13 (+1)
[20:25:55]   CARDS ADDED to hand: Invention Contest
[20:26:25] VitalyVit:
[20:26:25]   MC: 49 -> 48 (-1)
[20:26:25]   Cards: 17 -> 16 (-1)
[20:26:25]   Tableau: 27 -> 28 (+1)
[20:26:25]   Actions(game): 112 -> 113 (+1)
[20:26:25]   Actions(round): 1 -> 0 (-1)
[20:26:25]   NEW CARDS PLAYED: CEO's Favorite Project
[20:26:25]   CARDS GONE from hand: CEO's Favorite Project
[20:26:29] Nihoka13:
[20:26:29]   MC prod: 5 -> 7 (+2)
[20:26:29]   Tableau: 53 -> 54 (+1)
[20:26:29]   Actions(game): 135 -> 137 (+2)
[20:26:29]   Actions(round): 0 -> 1 (+1)
[20:26:29]   NEW CARDS PLAYED: Sponsors
[20:26:29]   CARDS GONE from hand: Sponsors
[20:26:29]   CARDS ADDED to hand: Big Asteroid
[20:26:52] Nihoka13:
[20:26:52]   Cards: 13 -> 12 (-1)
[20:26:52]   Tableau: 54 -> 55 (+1)
[20:26:52]   Actions(game): 137 -> 138 (+1)
[20:26:52]   Actions(round): 1 -> 2 (+1)
[20:26:52]   NEW CARDS PLAYED: Invention Contest
[20:26:52]   CARDS GONE from hand: Invention Contest
[20:27:14] wdkymyms:
[20:27:14]   MC: 59 -> 56 (-3)
[20:27:14]   Cards: 11 -> 12 (+1)
[20:27:14]   Actions(game): 146 -> 148 (+2)
[20:27:14]   Actions(round): 0 -> 1 (+1)
[20:27:14]   CARDS ADDED to hand: Vermin
[20:27:21] Nihoka13:
[20:27:21]   Cards: 12 -> 13 (+1)
[20:27:21]   Actions(round): 2 -> 0 (-2)
[20:27:21]   CARDS ADDED to hand: Anti-Gravity Technology
[20:27:43] --- GLOBALS: O2: 11 -> 12 ---
[20:27:43] wdkymyms:
[20:27:43]   Energy: 2 -> 0 (-2)
[20:27:43]   Cards: 12 -> 13 (+1)
[20:27:43]   Actions(game): 148 -> 149 (+1)
[20:27:43]   Actions(round): 1 -> 0 (-1)
[20:27:43]   CARDS ADDED to hand: Towing A Comet
[20:27:44] VitalyVit:
[20:27:44]   TR: 36 -> 37 (+1)
[20:27:44]   Steel: 5 -> 7 (+2)
[20:27:44]   Ti: 7 -> 6 (-1)
[20:27:44]   Energy: 7 -> 3 (-4)
[20:27:44]   Actions(game): 113 -> 116 (+3)
[20:27:44]   VP: 55 -> 57 (+2)
[20:27:47] Nihoka13:
[20:27:47]   Actions(game): 138 -> 139 (+1)
[20:28:08] wdkymyms:
[20:28:08]   Actions(game): 149 -> 150 (+1)
[20:28:12] Nihoka13:
[20:28:12]   Actions(game): 139 -> 141 (+2)
[20:28:12]   VP: 82 -> 84 (+2)
[20:28:57] wdkymyms:
[20:28:57]   MC: 56 -> 51 (-5)
[20:28:57]   Ti: 1 -> 0 (-1)
[20:28:57]   Cards: 13 -> 12 (-1)
[20:28:57]   Tableau: 53 -> 54 (+1)
[20:28:57]   Actions(game): 150 -> 151 (+1)
[20:28:57]   Actions(round): 0 -> 1 (+1)
[20:28:57]   VP: 78 -> 80 (+2)
[20:28:57]   NEW CARDS PLAYED: Sky Docks
[20:28:57]   CARDS GONE from hand: Sky Docks
[20:29:34] wdkymyms: fetch failed
[20:29:36] VitalyVit:
[20:29:36]   MC: 48 -> 34 (-14)
[20:29:36]   Energy: 3 -> 2 (-1)
[20:29:36]   Cards: 16 -> 17 (+1)
[20:29:36]   Actions(game): 116 -> 119 (+3)
[20:29:36]   Colonies: 3 -> 4 (+1)
[20:29:36]   VP: 57 -> 58 (+1)
[20:29:36]   CARDS ADDED to hand: Asteroid Deflection System
[20:29:37] Nihoka13:
[20:29:37]   MC: 24 -> 14 (-10)
[20:29:37]   Tableau: 55 -> 56 (+1)
[20:29:37]   Actions(game): 141 -> 143 (+2)
[20:29:38]   Actions(round): 0 -> 1 (+1)
[20:29:38]   VP: 84 -> 87 (+3)
[20:29:38]   NEW CARDS PLAYED: Anti-Gravity Technology
[20:29:38]   CARDS GONE from hand: Anti-Gravity Technology
[20:29:38]   CARDS ADDED to hand: Farming
[20:29:58] wdkymyms:
[20:29:58]   MC: 51 -> 49 (-2)
[20:29:58]   Steel: 1 -> 0 (-1)
[20:29:58]   Cards: 12 -> 11 (-1)
[20:29:58]   Tableau: 54 -> 56 (+2)
[20:29:58]   Actions(game): 151 -> 154 (+3)
[20:29:58]   VP: 80 -> 82 (+2)
[20:29:58]   NEW CARDS PLAYED: Mercurian Alloys, SF Memorial
[20:29:58]   CARDS GONE from hand: Mercurian Alloys, SF Memorial
[20:29:58]   CARDS ADDED to hand: Land Claim
[20:30:00] Nihoka13:
[20:30:00]   Cards: 13 -> 12 (-1)
[20:30:00]   Tableau: 56 -> 57 (+1)
[20:30:00]   Actions(game): 143 -> 144 (+1)
[20:30:00]   Actions(round): 1 -> 0 (-1)
[20:30:00]   NEW CARDS PLAYED: Trade Envoys
[20:30:00]   CARDS GONE from hand: Trade Envoys
[20:30:22] --- GLOBALS: Venus: 22 -> 26 ---
[20:30:22] wdkymyms:
[20:30:22]   MC: 49 -> 44 (-5)
[20:30:22]   Cards: 11 -> 10 (-1)
[20:30:22]   Tableau: 56 -> 57 (+1)
[20:30:22]   Actions(game): 154 -> 155 (+1)
[20:30:22]   Actions(round): 1 -> 0 (-1)
[20:30:22]   NEW CARDS PLAYED: Vermin
[20:30:22]   CARDS GONE from hand: Vermin
[20:30:23] VitalyVit:
[20:30:23]   TR: 37 -> 39 (+2)
[20:30:23]   MC: 34 -> 38 (+4)
[20:30:23]   MC prod: 18 -> 19 (+1)
[20:30:23]   Ti: 6 -> 2 (-4)
[20:30:23]   Cards: 17 -> 16 (-1)
[20:30:23]   Tableau: 28 -> 29 (+1)
[20:30:23]   Actions(game): 119 -> 122 (+3)
[20:30:23]   VP: 58 -> 62 (+4)
[20:30:23]   NEW CARDS PLAYED: Venus Allies
[20:30:23]   CARDS GONE from hand: Venus Allies
[20:30:24] Nihoka13:
[20:30:24]   Actions(game): 144 -> 145 (+1)
[20:30:45] wdkymyms:
[20:30:45]   Actions(game): 155 -> 156 (+1)
[20:30:47] Nihoka13:
[20:30:47]   MC: 14 -> 19 (+5)
[20:30:47]   MC prod: 7 -> 6 (-1)
[20:30:47]   Actions(game): 145 -> 147 (+2)
[20:30:47]   VP: 87 -> 88 (+1)
[20:31:36] wdkymyms:
[20:31:36]   Actions(game): 156 -> 158 (+2)
[20:31:37] VitalyVit:
[20:31:37]   MC: 38 -> 3 (-35)
[20:31:37]   MC prod: 19 -> 22 (+3)
[20:31:37]   Ti: 2 -> 0 (-2)
[20:31:37]   Ti prod: 2 -> 4 (+2)
[20:31:37]   Cards: 16 -> 15 (-1)
[20:31:37]   Tableau: 29 -> 30 (+1)
[20:31:37]   Actions(game): 122 -> 124 (+2)
[20:31:37]   Actions(round): 0 -> 1 (+1)
[20:31:37]   VP: 62 -> 67 (+5)
[20:31:37]   NEW CARDS PLAYED: Io Mining Industries
[20:31:37]   CARDS GONE from hand: Io Mining Industries
[20:31:58] --- GLOBALS: Temp: -8 -> -6 ---
[20:31:59] VitalyVit:
[20:31:59]   MC: 3 -> 5 (+2)
[20:31:59]   Energy: 2 -> 0 (-2)
[20:31:59]   Actions(game): 124 -> 125 (+1)
[20:31:59]   Actions(round): 1 -> 0 (-1)
[20:32:00] Nihoka13:
[20:32:00]   TR: 38 -> 39 (+1)
[20:32:00]   MC: 19 -> 22 (+3)
[20:32:00]   Heat: 16 -> 8 (-8)
[20:32:00]   Actions(game): 147 -> 149 (+2)
[20:32:00]   Actions(round): 0 -> 1 (+1)
[20:32:00]   VP: 88 -> 89 (+1)
[20:32:21] wdkymyms:
[20:32:21]   MC: 44 -> 46 (+2)
[20:32:21]   Cards: 10 -> 9 (-1)
[20:32:21]   Tableau: 57 -> 58 (+1)
[20:32:21]   Actions(game): 158 -> 160 (+2)
[20:32:21]   Actions(round): 0 -> 1 (+1)
[20:32:21]   NEW CARDS PLAYED: Land Claim
[20:32:21]   CARDS GONE from hand: Land Claim
[20:32:22] Nihoka13:
[20:32:22]   Actions(game): 149 -> 150 (+1)
[20:32:22]   Actions(round): 1 -> 0 (-1)
[20:32:43] wdkymyms:
[20:32:43]   Actions(game): 160 -> 161 (+1)
[20:32:43]   Actions(round): 1 -> 0 (-1)
[20:32:44] VitalyVit:
[20:32:44]   MC: 5 -> 6 (+1)
[20:32:44]   Steel: 7 -> 0 (-7)
[20:32:44]   Energy prod: 10 -> 13 (+3)
[20:32:44]   Cards: 15 -> 13 (-2)
[20:32:44]   Tableau: 30 -> 31 (+1)
[20:32:44]   Actions(game): 125 -> 128 (+3)
[20:32:44]   VP: 67 -> 68 (+1)
[20:32:44]   NEW CARDS PLAYED: Fusion Power
[20:32:44]   CARDS GONE from hand: Flooding, Fusion Power
[20:32:45] Nihoka13:
[20:32:45]   Actions(game): 150 -> 151 (+1)
[20:33:07] Nihoka13:
[20:33:07]   Cards: 12 -> 13 (+1)
[20:33:07]   Actions(game): 151 -> 152 (+1)
[20:33:07]   Actions(round): 0 -> 1 (+1)
[20:33:07]   CARDS ADDED to hand: Stratopolis
[20:33:28] wdkymyms:
[20:33:28]   TR: 46 -> 47 (+1)
[20:33:28]   MC: 46 -> 38 (-8)
[20:33:28]   Plants: 0 -> 4 (+4)
[20:33:28]   Tableau: 58 -> 59 (+1)
[20:33:28]   Actions(game): 161 -> 163 (+2)
[20:33:28]   Actions(round): 0 -> 1 (+1)
[20:33:28]   VP: 82 -> 83 (+1)
[20:33:28]   NEW CARDS PLAYED: Imported Nitrogen
[20:33:28]   CARDS GONE from hand: Imported Nitrogen
[20:33:28]   CARDS ADDED to hand: Deuterium Export
[20:33:30] Nihoka13:
[20:33:30]   MC: 22 -> 20 (-2)
[20:33:30]   MC prod: 6 -> 8 (+2)
[20:33:30]   Cards: 13 -> 12 (-1)
[20:33:30]   Tableau: 57 -> 58 (+1)
[20:33:30]   Actions(game): 152 -> 153 (+1)
[20:33:30]   Actions(round): 1 -> 0 (-1)
[20:33:30]   Cities: 2 -> 3 (+1)
[20:33:30]   NEW CARDS PLAYED: Stratopolis
[20:33:30]   CARDS GONE from hand: Stratopolis
[20:33:50] wdkymyms:
[20:33:50]   MC: 38 -> 27 (-11)
[20:33:50]   Tableau: 59 -> 60 (+1)
[20:33:50]   Actions(game): 163 -> 164 (+1)
[20:33:50]   Actions(round): 1 -> 0 (-1)
[20:33:50]   VP: 83 -> 88 (+5)
[20:33:50]   NEW CARDS PLAYED: Interstellar Colony Ship
[20:33:50]   CARDS GONE from hand: Interstellar Colony Ship
[20:33:50]   CARDS ADDED to hand: Livestock
[20:33:51] VitalyVit:
[20:33:51]   Actions(game): 128 -> 129 (+1)
[20:34:13] --- GLOBALS: Temp: -6 -> -2 ---
[20:34:13] wdkymyms:
[20:34:13]   Plants: 4 -> 0 (-4)
[20:34:14] VitalyVit:
[20:34:14]   MC: 6 -> 0 (-6)
[20:34:14]   Steel prod: 1 -> 2 (+1)
[20:34:14]   Cards: 13 -> 12 (-1)
[20:34:14]   Tableau: 31 -> 32 (+1)
[20:34:14]   Actions(game): 129 -> 131 (+2)
[20:34:14]   NEW CARDS PLAYED: Great Escarpment Consortium
[20:34:14]   CARDS GONE from hand: Great Escarpment Consortium
[20:34:15] Nihoka13:
[20:34:15]   TR: 39 -> 41 (+2)
[20:34:15]   MC: 20 -> 25 (+5)
[20:34:15]   Steel prod: 1 -> 0 (-1)
[20:34:15]   Ti: 6 -> 5 (-1)
[20:34:15]   Cards: 12 -> 11 (-1)
[20:34:15]   Tableau: 58 -> 59 (+1)
[20:34:15]   Actions(game): 153 -> 155 (+2)
[20:34:15]   Actions(round): 0 -> 1 (+1)
[20:34:15]   VP: 89 -> 91 (+2)
[20:34:15]   NEW CARDS PLAYED: Big Asteroid
[20:34:15]   CARDS GONE from hand: Big Asteroid
[20:34:58] wdkymyms:
[20:34:58]   Actions(game): 164 -> 166 (+2)
[20:34:58]   Actions(round): 0 -> 1 (+1)
[20:35:00] Nihoka13:
[20:35:00]   MC: 25 -> 27 (+2)
[20:35:00]   Cards: 11 -> 9 (-2)
[20:35:00]   Actions(game): 155 -> 156 (+1)
[20:35:00]   Actions(round): 1 -> 0 (-1)
[20:35:00]   CARDS GONE from hand: Ice Moon Colony, Spin-Inducing Asteroid
[20:35:21] wdkymyms:
[20:35:21]   MC: 27 -> 43 (+16)
[20:35:21]   Cards: 9 -> 1 (-8)
[20:35:21]   Actions(game): 166 -> 167 (+1)
[20:35:21]   Actions(round): 1 -> 0 (-1)
[20:35:21]   CARDS GONE from hand: Artificial Lake, Black Polar Dust, Deuterium Export, Harvest, Herbivores, Nitrophilic Moss, Sub-zero Salt Fish, Towing A Comet
[20:35:22] Nihoka13:
[20:35:22]   Actions(game): 156 -> 158 (+2)
[20:35:22]   Actions(round): 0 -> 1 (+1)
[20:35:43] wdkymyms:
[20:35:43]   MC: 43 -> 70 (+27)
[20:35:43]   Actions(game): 167 -> 169 (+2)
[20:35:43]   Actions(round): 0 -> 1 (+1)
[20:35:44] --- GLOBALS: Temp: -2 -> 0 ---
[20:35:45] Nihoka13:
[20:35:45]   MC: 27 -> 29 (+2)
[20:35:45]   Ti: 5 -> 6 (+1)
[20:35:45]   Actions(game): 158 -> 160 (+2)
[20:35:45]   Actions(round): 1 -> 0 (-1)
[20:36:06] --- GLOBALS: O2: 12 -> 13 ---
[20:36:06] wdkymyms:
[20:36:06]   TR: 47 -> 49 (+2)
[20:36:06]   MC: 70 -> 39 (-31)
[20:36:06]   Steel: 0 -> 1 (+1)
[20:36:06]   Actions(game): 169 -> 172 (+3)
[20:36:06]   VP: 88 -> 91 (+3)
[20:36:07] Nihoka13:
[20:36:07]   MC: 29 -> 10 (-19)
[20:36:07]   MC prod: 8 -> 12 (+4)
[20:36:07]   Energy prod: 0 -> 3 (+3)
[20:36:07]   Cards: 9 -> 7 (-2)
[20:36:07]   Tableau: 59 -> 61 (+2)
[20:36:07]   Actions(game): 160 -> 162 (+2)
[20:36:07]   VP: 91 -> 93 (+2)
[20:36:07]   NEW CARDS PLAYED: Community Services, Tectonic Stress Power
[20:36:07]   CARDS GONE from hand: Community Services, Tectonic Stress Power
[20:36:28] --- GLOBALS: Temp: 0 -> 2 ---
[20:36:28] wdkymyms:
[20:36:28]   TR: 49 -> 50 (+1)
[20:36:28]   MC: 39 -> 27 (-12)
[20:36:28]   Actions(game): 172 -> 173 (+1)
[20:36:28]   Actions(round): 1 -> 0 (-1)
[20:36:28]   VP: 91 -> 92 (+1)
[20:36:30] Nihoka13:
[20:36:30]   MC: 10 -> 0 (-10)
[20:36:30]   Steel prod: 0 -> 2 (+2)
[20:36:30]   Energy prod: 3 -> 1 (-2)
[20:36:30]   Heat: 8 -> 6 (-2)
[20:36:30]   Cards: 7 -> 6 (-1)
[20:36:30]   Tableau: 61 -> 62 (+1)
[20:36:30]   Actions(game): 162 -> 164 (+2)
[20:36:30]   Actions(round): 0 -> 1 (+1)
[20:36:30]   NEW CARDS PLAYED: Underground City
[20:36:30]   CARDS GONE from hand: Underground City
[20:36:52] Nihoka13:
[20:36:52]   Cities: 3 -> 4 (+1)
[20:36:52]   VP: 93 -> 94 (+1)
[20:37:13] --- GLOBALS: O2: 13 -> 14 ---
[20:37:13] wdkymyms:
[20:37:13]   TR: 50 -> 51 (+1)
[20:37:13]   MC: 27 -> 10 (-17)
[20:37:13]   Actions(game): 173 -> 175 (+2)
[20:37:13]   Actions(round): 0 -> 1 (+1)
[20:37:13]   VP: 92 -> 94 (+2)
[20:37:15] Nihoka13:
[20:37:15]   Actions(game): 164 -> 165 (+1)
[20:37:15]   Actions(round): 1 -> 0 (-1)
[20:37:58] --- GLOBALS: GEN 10 -> 11 | Phase: action -> drafting | Venus: 26 -> 28 ---
[20:37:58] wdkymyms:
[20:37:58]   MC: 10 -> 61 (+51)
[20:37:58]   Steel: 1 -> 2 (+1)
[20:37:58]   Ti: 0 -> 1 (+1)
[20:37:58]   Energy: 0 -> 8 (+8)
[20:37:58]   Heat: 2 -> 4 (+2)
[20:37:58]   Actions(game): 175 -> 178 (+3)
[20:37:58]   Actions(round): 1 -> 0 (-1)
[20:37:58]   VP: 94 -> 99 (+5)
[20:37:59] VitalyVit:
[20:37:59]   MC: 0 -> 61 (+61)
[20:37:59]   Steel: 0 -> 2 (+2)
[20:37:59]   Ti: 0 -> 4 (+4)
[20:37:59]   Plants: 1 -> 2 (+1)
[20:37:59]   Energy: 0 -> 13 (+13)
[20:37:59]   Heat: 8 -> 13 (+5)
[20:38:00] Nihoka13:
[20:38:00]   MC: 0 -> 53 (+53)
[20:38:00]   Steel: 0 -> 2 (+2)
[20:38:00]   Ti: 6 -> 10 (+4)
[20:38:00]   Energy: 0 -> 1 (+1)
[20:38:00]   Heat: 6 -> 21 (+15)
[20:38:00]   VP: 94 -> 96 (+2)
[20:38:52] --- GLOBALS: Phase: drafting -> research ---
[20:39:13] --- GLOBALS: Phase: research -> action ---
[20:39:13] wdkymyms:
[20:39:13]   MC: 61 -> 55 (-6)
[20:39:13]   Cards: 1 -> 3 (+2)
[20:39:13]   Actions(game): 178 -> 179 (+1)
[20:39:13]   CARDS ADDED to hand: Maxwell Base, Terraforming Ganymede
[20:39:19] Nihoka13:
[20:39:19]   MC: 53 -> 44 (-9)
[20:39:19]   Cards: 6 -> 9 (+3)
[20:39:19]   VP: 96 -> 95 (-1)
[20:39:19]   CARDS ADDED to hand: Hired Raiders, Security Fleet, Titan Shuttles
[20:39:40] wdkymyms:
[20:39:40]   TR: 51 -> 52 (+1)
[20:39:40]   MC: 55 -> 63 (+8)
[20:39:40]   Energy: 8 -> 2 (-6)
[20:39:40]   Cards: 3 -> 4 (+1)
[20:39:40]   Actions(game): 179 -> 181 (+2)
[20:39:40]   Actions(round): 0 -> 2 (+2)
[20:39:40]   VP: 99 -> 100 (+1)
[20:39:40]   CARDS ADDED to hand: Ecology Research
[20:40:05] wdkymyms:
[20:40:05]   Actions(round): 2 -> 0 (-2)
[20:40:06] VitalyVit:
[20:40:06]   Energy: 13 -> 10 (-3)
[20:40:06]   Cards: 12 -> 13 (+1)
[20:40:06]   Actions(game): 131 -> 133 (+2)
[20:40:06]   Actions(round): 0 -> 1 (+1)
[20:40:06]   VP: 68 -> 72 (+4)
[20:40:06]   CARDS ADDED to hand: Domed Crater
[20:40:07] Nihoka13:
[20:40:07]   MC: 44 -> 41 (-3)
[20:40:07]   Cards: 9 -> 11 (+2)
[20:40:07]   VP: 95 -> 93 (-2)
[20:40:07]   CARDS ADDED to hand: Beam From A Thorium Asteroid, Tundra Farming
[20:40:52] --- GLOBALS: Temp: 2 -> 8 ---
[20:40:52] VitalyVit:
[20:40:52]   TR: 39 -> 41 (+2)
[20:40:52]   MC: 61 -> 48 (-13)
[20:40:52]   MC prod: 22 -> 23 (+1)
[20:40:52]   Ti: 4 -> 1 (-3)
[20:40:52]   Cards: 13 -> 12 (-1)
[20:40:52]   Tableau: 32 -> 33 (+1)
[20:40:52]   Actions(game): 133 -> 134 (+1)
[20:40:52]   Actions(round): 1 -> 0 (-1)
[20:40:52]   VP: 72 -> 77 (+5)
[20:40:52]   NEW CARDS PLAYED: Atmoscoop
[20:40:52]   CARDS GONE from hand: Atmoscoop
[20:40:53] Nihoka13:
[20:40:53]   TR: 41 -> 42 (+1)
[20:40:53]   MC: 41 -> 44 (+3)
[20:40:53]   Heat: 21 -> 13 (-8)
[20:40:53]   Actions(game): 165 -> 167 (+2)
[20:40:53]   Actions(round): 0 -> 1 (+1)
[20:40:53]   VP: 93 -> 94 (+1)
[20:41:14] wdkymyms:
[20:41:14]   Steel: 2 -> 0 (-2)
[20:41:14]   Actions(game): 181 -> 182 (+1)
[20:41:17] Nihoka13:
[20:41:17]   Steel: 2 -> 4 (+2)
[20:41:17]   Cards: 11 -> 10 (-1)
[20:41:17]   Tableau: 62 -> 63 (+1)
[20:41:17]   Actions(game): 167 -> 168 (+1)
[20:41:17]   Actions(round): 1 -> 0 (-1)
[20:41:17]   NEW CARDS PLAYED: Hired Raiders
[20:41:17]   CARDS GONE from hand: Hired Raiders
[20:41:39] wdkymyms:
[20:41:39]   MC: 63 -> 60 (-3)
[20:41:39]   Cards: 4 -> 5 (+1)
[20:41:39]   Actions(game): 182 -> 183 (+1)
[20:41:39]   Actions(round): 0 -> 1 (+1)
[20:41:39]   CARDS ADDED to hand: Deep Well Heating
[20:42:04] wdkymyms:
[20:42:04]   MC: 60 -> 43 (-17)
[20:42:04]   Energy prod: 8 -> 9 (+1)
[20:42:04]   Cards: 5 -> 6 (+1)
[20:42:04]   Actions(game): 183 -> 184 (+1)
[20:42:04]   Actions(round): 1 -> 0 (-1)
[20:42:04]   Colonies: 2 -> 3 (+1)
[20:42:04]   CARDS ADDED to hand: Mass Converter
[20:42:05] VitalyVit:
[20:42:05]   MC: 48 -> 39 (-9)
[20:42:05]   Energy: 10 -> 9 (-1)
[20:42:05]   Cards: 12 -> 14 (+2)
[20:42:05]   Tableau: 33 -> 34 (+1)
[20:42:05]   Actions(game): 134 -> 137 (+3)
[20:42:05]   VP: 77 -> 79 (+2)
[20:42:05]   NEW CARDS PLAYED: Sponsored Academies
[20:42:05]   CARDS GONE from hand: Domed Crater, Sponsored Academies
[20:42:05]   CARDS ADDED to hand: Cloud Tourism, GHG Producing Bacteria, Lava Flows, Toll Station
[20:42:06] Nihoka13:
[20:42:06]   Cards: 10 -> 11 (+1)
[20:42:06]   Actions(game): 168 -> 169 (+1)
[20:42:06]   CARDS ADDED to hand: Local Heat Trapping
[20:42:27] VitalyVit:
[20:42:27]   Ti: 1 -> 2 (+1)
[20:42:28] Nihoka13:
[20:42:28]   Ti: 10 -> 14 (+4)
[20:42:28]   Energy: 1 -> 0 (-1)
[20:42:28]   Actions(game): 169 -> 170 (+1)
[20:42:28]   Actions(round): 0 -> 1 (+1)
[20:42:28]   VP: 94 -> 93 (-1)
[20:42:49] wdkymyms:
[20:42:49]   MC: 43 -> 38 (-5)
[20:42:49]   Energy prod: 9 -> 15 (+6)
[20:42:49]   Cards: 6 -> 5 (-1)
[20:42:49]   Tableau: 60 -> 61 (+1)
[20:42:49]   Actions(game): 184 -> 186 (+2)
[20:42:49]   Actions(round): 0 -> 1 (+1)
[20:42:49]   NEW CARDS PLAYED: Mass Converter
[20:42:49]   CARDS GONE from hand: Deep Well Heating, Mass Converter
[20:42:49]   CARDS ADDED to hand: Phobos Space Haven
[20:42:50] Nihoka13:
[20:42:50]   MC: 44 -> 48 (+4)
[20:42:50]   Actions(game): 170 -> 171 (+1)
[20:42:50]   Actions(round): 1 -> 0 (-1)
[20:43:11] wdkymyms:
[20:43:11]   Actions(game): 186 -> 187 (+1)
[20:43:11]   Actions(round): 1 -> 0 (-1)
[20:43:12] VitalyVit:
[20:43:12]   Ti: 2 -> 3 (+1)
[20:43:12]   Actions(game): 137 -> 140 (+3)
[20:43:12]   VP: 79 -> 80 (+1)
[20:43:13] Nihoka13:
[20:43:13]   Actions(game): 171 -> 172 (+1)
[20:43:34] wdkymyms:
[20:43:34]   Actions(game): 187 -> 188 (+1)
[20:43:36] Nihoka13:
[20:43:36]   Actions(game): 172 -> 174 (+2)
[20:43:57] wdkymyms:
[20:43:57]   MC: 38 -> 32 (-6)
[20:43:57]   Energy: 2 -> 0 (-2)
[20:43:57]   Actions(game): 188 -> 190 (+2)
[20:43:57]   Actions(round): 0 -> 2 (+2)
[20:43:57] VitalyVit:
[20:43:57]   Energy: 9 -> 12 (+3)
[20:44:19] wdkymyms:
[20:44:19]   Cards: 5 -> 6 (+1)
[20:44:19]   Actions(round): 2 -> 0 (-2)
[20:44:19]   CARDS ADDED to hand: Titan Air-scrapping
[20:44:20] VitalyVit:
[20:44:20]   Actions(game): 140 -> 141 (+1)
[20:44:42] VitalyVit:
[20:44:42]   MC: 39 -> 28 (-11)
[20:44:42]   MC prod: 23 -> 24 (+1)
[20:44:42]   Ti: 3 -> 0 (-3)
[20:44:42]   Cards: 14 -> 13 (-1)
[20:44:42]   Tableau: 34 -> 35 (+1)
[20:44:42]   Actions(game): 141 -> 142 (+1)
[20:44:42]   Actions(round): 0 -> 1 (+1)
[20:44:42]   Cities: 0 -> 1 (+1)
[20:44:42]   VP: 80 -> 88 (+8)
[20:44:42]   NEW CARDS PLAYED: Ganymede Colony
[20:44:42]   CARDS GONE from hand: Ganymede Colony
[20:44:43] Nihoka13:
[20:44:43]   Actions(game): 174 -> 175 (+1)
[20:45:04] wdkymyms:
[20:45:04]   Actions(game): 190 -> 191 (+1)
[20:45:05] VitalyVit:
[20:45:05]   MC: 28 -> 32 (+4)
[20:45:05]   Cards: 13 -> 9 (-4)
[20:45:05]   Actions(game): 142 -> 143 (+1)
[20:45:05]   Actions(round): 1 -> 0 (-1)
[20:45:05]   CARDS GONE from hand: Immigration Shuttles, Lava Flows, Power Grid, Venus Orbital Survey
[20:45:06] Nihoka13:
[20:45:06]   Cards: 11 -> 12 (+1)
[20:45:06]   Actions(game): 175 -> 177 (+2)
[20:45:06]   VP: 93 -> 94 (+1)
[20:45:06]   CARDS ADDED to hand: Birds
[20:45:27] wdkymyms:
[20:45:27]   MC: 32 -> 20 (-12)
[20:45:27]   Plant prod: 0 -> 3 (+3)
[20:45:27]   Tableau: 61 -> 62 (+1)
[20:45:27]   Actions(game): 191 -> 192 (+1)
[20:45:27]   Actions(round): 0 -> 1 (+1)
[20:45:27]   VP: 100 -> 103 (+3)
[20:45:27]   NEW CARDS PLAYED: Ecology Research
[20:45:27]   CARDS GONE from hand: Ecology Research, Livestock
[20:45:27]   CARDS ADDED to hand: Conscription, Giant Solar Shade
[20:45:50] wdkymyms:
[20:45:50]   Actions(game): 192 -> 193 (+1)
[20:45:50]   Actions(round): 1 -> 0 (-1)
[20:45:50]   VP: 103 -> 106 (+3)
[20:45:50] VitalyVit:
[20:45:50]   Actions(game): 143 -> 144 (+1)
[20:46:13] VitalyVit:
[20:46:13]   MC: 32 -> 44 (+12)
[20:46:13]   Energy: 12 -> 0 (-12)
[20:46:13]   Actions(game): 144 -> 145 (+1)
[20:46:13]   Actions(round): 0 -> 1 (+1)
[20:46:36] VitalyVit:
[20:46:36]   MC: 44 -> 45 (+1)
[20:46:36]   Cards: 9 -> 8 (-1)
[20:46:36]   Actions(game): 145 -> 146 (+1)
[20:46:36]   Actions(round): 1 -> 0 (-1)
[20:46:36]   CARDS GONE from hand: Toll Station
[20:46:36] Nihoka13:
[20:46:36]   MC: 48 -> 47 (-1)
[20:46:36]   MC prod: 12 -> 14 (+2)
[20:46:36]   Steel: 4 -> 3 (-1)
[20:46:36]   Energy prod: 1 -> 0 (-1)
[20:46:36]   Cards: 12 -> 11 (-1)
[20:46:36]   Tableau: 63 -> 64 (+1)
[20:46:36]   Actions(game): 177 -> 179 (+2)
[20:46:36]   Actions(round): 0 -> 1 (+1)
[20:46:36]   NEW CARDS PLAYED: Urbanized Area
[20:46:36]   CARDS GONE from hand: Urbanized Area
[20:46:57] wdkymyms:
[20:46:57]   Actions(game): 193 -> 194 (+1)
[20:46:59] Nihoka13:
[20:46:59]   Plants: 3 -> 5 (+2)
[20:46:59]   Actions(game): 179 -> 180 (+1)
[20:46:59]   Actions(round): 1 -> 0 (-1)
[20:46:59]   Cities: 4 -> 5 (+1)
[20:46:59]   VP: 94 -> 96 (+2)
[20:47:20] wdkymyms:
[20:47:20]   MC: 20 -> 5 (-15)
[20:47:20]   Energy prod: 15 -> 14 (-1)
[20:47:20]   Cards: 6 -> 5 (-1)
[20:47:20]   Tableau: 62 -> 63 (+1)
[20:47:20]   Actions(game): 194 -> 196 (+2)
[20:47:20]   Cities: 0 -> 1 (+1)
[20:47:20]   VP: 106 -> 109 (+3)
[20:47:20]   NEW CARDS PLAYED: Maxwell Base
[20:47:20]   CARDS GONE from hand: Maxwell Base
[20:47:21] VitalyVit:
[20:47:21]   MC: 45 -> 20 (-25)
[20:47:21]   MC prod: 24 -> 25 (+1)
[20:47:21]   Cards: 8 -> 7 (-1)
[20:47:21]   Tableau: 35 -> 36 (+1)
[20:47:21]   Actions(game): 146 -> 148 (+2)
[20:47:21]   Actions(round): 0 -> 1 (+1)
[20:47:21]   VP: 88 -> 98 (+10)
[20:47:21]   NEW CARDS PLAYED: Water Import From Europa
[20:47:21]   CARDS GONE from hand: Water Import From Europa
[20:47:44] VitalyVit:
[20:47:44]   MC: 20 -> 9 (-11)
[20:47:44]   MC prod: 25 -> 32 (+7)
[20:47:44]   Cards: 7 -> 6 (-1)
[20:47:44]   Tableau: 36 -> 37 (+1)
[20:47:44]   Actions(game): 148 -> 149 (+1)
[20:47:44]   Actions(round): 1 -> 0 (-1)
[20:47:44]   VP: 98 -> 101 (+3)
[20:47:44]   NEW CARDS PLAYED: Cloud Tourism
[20:47:44]   CARDS GONE from hand: Cloud Tourism
[20:47:45] Nihoka13:
[20:47:45]   MC prod: 14 -> 13 (-1)
[20:47:45]   Actions(game): 180 -> 182 (+2)
[20:47:45]   Actions(round): 0 -> 1 (+1)
[20:48:06] wdkymyms:
[20:48:06]   MC: 5 -> 11 (+6)
[20:48:06]   Actions(game): 196 -> 199 (+3)
[20:48:06] VitalyVit:
[20:48:06]   Actions(game): 149 -> 150 (+1)
[20:48:07] Nihoka13:
[20:48:07]   MC: 47 -> 37 (-10)
[20:48:07]   MC prod: 13 -> 15 (+2)
[20:48:07]   Plants: 5 -> 7 (+2)
[20:48:07]   Plant prod: 0 -> 2 (+2)
[20:48:07]   Cards: 11 -> 10 (-1)
[20:48:07]   Tableau: 64 -> 65 (+1)
[20:48:07]   Actions(game): 182 -> 183 (+1)
[20:48:07]   Actions(round): 1 -> 0 (-1)
[20:48:07]   VP: 96 -> 98 (+2)
[20:48:07]   NEW CARDS PLAYED: Farming
[20:48:07]   CARDS GONE from hand: Farming
[20:48:29] VitalyVit:
[20:48:29]   MC: 9 -> 11 (+2)
[20:48:29]   Cards: 6 -> 4 (-2)
[20:48:29]   Actions(game): 150 -> 152 (+2)
[20:48:29]   CARDS GONE from hand: Nitrogen from Titan, Sulphur Exports
[20:48:30] Nihoka13:
[20:48:30]   Actions(game): 183 -> 184 (+1)
[20:48:51] wdkymyms:
[20:48:51]   Plant prod: 3 -> 1 (-2)
[20:48:51]   Actions(game): 199 -> 200 (+1)
[20:48:53] Nihoka13:
[20:48:53]   Heat: 13 -> 9 (-4)
[20:48:53]   Cards: 10 -> 9 (-1)
[20:48:53]   Tableau: 65 -> 66 (+1)
[20:48:53]   Actions(game): 184 -> 186 (+2)
[20:48:53]   VP: 98 -> 99 (+1)
[20:48:53]   NEW CARDS PLAYED: Birds
[20:48:53]   CARDS GONE from hand: Birds
[20:50:22] wdkymyms:
[20:50:22]   Cards: 5 -> 4 (-1)
[20:50:22]   Tableau: 63 -> 64 (+1)
[20:50:22]   Actions(game): 200 -> 201 (+1)
[20:50:22]   Actions(round): 0 -> 1 (+1)
[20:50:22]   VP: 109 -> 108 (-1)
[20:50:22]   NEW CARDS PLAYED: Conscription
[20:50:22]   CARDS GONE from hand: Conscription
[20:50:44] wdkymyms:
[20:50:44]   TR: 52 -> 55 (+3)
[20:50:44]   MC: 11 -> 17 (+6)
[20:50:44]   Ti: 1 -> 0 (-1)
[20:50:44]   Tableau: 64 -> 65 (+1)
[20:50:44]   Actions(game): 201 -> 202 (+1)
[20:50:44]   Actions(round): 1 -> 0 (-1)
[20:50:44]   VP: 108 -> 113 (+5)
[20:50:44]   NEW CARDS PLAYED: Terraforming Ganymede
[20:50:44]   CARDS GONE from hand: Terraforming Ganymede
[20:50:44]   CARDS ADDED to hand: Solar Logistics
[20:50:45] VitalyVit:
[20:50:45]   MC: 11 -> 0 (-11)
[20:50:45]   MC prod: 32 -> 39 (+7)
[20:50:45]   Cards: 4 -> 2 (-2)
[20:50:45]   Tableau: 37 -> 38 (+1)
[20:50:45]   Actions(game): 152 -> 155 (+3)
[20:50:45]   VP: 101 -> 105 (+4)
[20:50:45]   NEW CARDS PLAYED: Miranda Resort
[20:50:45]   CARDS GONE from hand: Miranda Resort, Stratospheric Expedition
[20:50:46] Nihoka13:
[20:50:46]   Actions(game): 186 -> 187 (+1)
[20:51:07] wdkymyms:
[20:51:07]   MC: 17 -> 10 (-7)
[20:51:07]   Ti: 0 -> 2 (+2)
[20:51:07]   Tableau: 65 -> 66 (+1)
[20:51:07]   Actions(game): 202 -> 204 (+2)
[20:51:07]   Actions(round): 0 -> 1 (+1)
[20:51:07]   VP: 113 -> 114 (+1)
[20:51:07]   NEW CARDS PLAYED: Solar Logistics
[20:51:07]   CARDS GONE from hand: Solar Logistics
[20:51:07]   CARDS ADDED to hand: Plantation
[20:51:08] Nihoka13:
[20:51:08]   MC: 37 -> 27 (-10)
[20:51:08]   MC prod: 15 -> 17 (+2)
[20:51:08]   Plants: 7 -> 0 (-7)
[20:51:08]   Plant prod: 2 -> 3 (+1)
[20:51:08]   Cards: 9 -> 8 (-1)
[20:51:08]   Tableau: 66 -> 67 (+1)
[20:51:08]   Actions(game): 187 -> 189 (+2)
[20:51:08]   VP: 99 -> 105 (+6)
[20:51:08]   NEW CARDS PLAYED: Tundra Farming
[20:51:08]   CARDS GONE from hand: Tundra Farming
[20:51:29] wdkymyms:
[20:51:29]   MC: 10 -> 6 (-4)
[20:51:29]   Ti: 2 -> 0 (-2)
[20:51:29]   Ti prod: 1 -> 2 (+1)
[20:51:29]   Tableau: 66 -> 67 (+1)
[20:51:29]   Actions(game): 204 -> 205 (+1)
[20:51:29]   Actions(round): 1 -> 0 (-1)
[20:51:29]   Cities: 1 -> 2 (+1)
[20:51:29]   VP: 114 -> 117 (+3)
[20:51:29]   NEW CARDS PLAYED: Phobos Space Haven
[20:51:29]   CARDS GONE from hand: Phobos Space Haven
[20:51:29]   CARDS ADDED to hand: Great Dam:promo
[20:51:30] VitalyVit:
[20:51:30]   Cards: 2 -> 1 (-1)
[20:51:30]   Actions(game): 155 -> 158 (+3)
[20:51:30]   CARDS GONE from hand: Asteroid Deflection System, GHG Producing Bacteria
[20:51:30]   CARDS ADDED to hand: Solar Reflectors
[20:51:31] Nihoka13:
[20:51:31]   Actions(game): 189 -> 190 (+1)
[20:51:54] Nihoka13:
[20:51:54]   Heat: 9 -> 4 (-5)
[20:51:54]   Cards: 8 -> 7 (-1)
[20:51:54]   Tableau: 67 -> 68 (+1)
[20:51:54]   Actions(game): 190 -> 191 (+1)
[20:51:54]   Actions(round): 0 -> 1 (+1)
[20:51:54]   VP: 105 -> 109 (+4)
[20:51:54]   NEW CARDS PLAYED: Local Heat Trapping
[20:51:54]   CARDS GONE from hand: Local Heat Trapping
[20:52:15] wdkymyms:
[20:52:15]   Actions(game): 205 -> 206 (+1)
[20:52:16] Nihoka13:
[20:52:16]   MC: 27 -> 26 (-1)
[20:52:16]   Ti: 14 -> 10 (-4)
[20:52:16]   Cards: 7 -> 6 (-1)
[20:52:16]   Tableau: 68 -> 69 (+1)
[20:52:16]   Actions(game): 191 -> 192 (+1)
[20:52:16]   Actions(round): 1 -> 0 (-1)
[20:52:16]   VP: 109 -> 110 (+1)
[20:52:16]   NEW CARDS PLAYED: Titan Shuttles
[20:52:16]   CARDS GONE from hand: Titan Shuttles
[20:52:37] wdkymyms:
[20:52:37]   MC: 6 -> 0 (-6)
[20:52:37]   Cards: 4 -> 0 (-4)
[20:52:37]   Actions(game): 206 -> 208 (+2)
[20:52:37]   VP: 117 -> 122 (+5)
[20:52:38] VitalyVit:
[20:52:38]   Actions(game): 158 -> 159 (+1)
[20:52:38]   VP: 105 -> 107 (+2)
[20:53:01] VitalyVit:
[20:53:01]   MC: 0 -> 1 (+1)
[20:53:01]   Cards: 1 -> 0 (-1)
[20:53:01]   Actions(game): 159 -> 161 (+2)
[20:53:02] Nihoka13:
[20:53:02]   MC: 26 -> 22 (-4)
[20:53:02]   Ti: 10 -> 3 (-7)
[20:53:02]   Energy prod: 0 -> 3 (+3)
[20:53:02]   Heat prod: 15 -> 18 (+3)
[20:53:02]   Cards: 6 -> 4 (-2)
[20:53:02]   Tableau: 69 -> 71 (+2)
[20:53:02]   Actions(game): 192 -> 195 (+3)
[20:53:02]   VP: 110 -> 112 (+2)
[20:53:02]   NEW CARDS PLAYED: Beam From A Thorium Asteroid, Security Fleet
[20:53:02]   CARDS GONE from hand: Beam From A Thorium Asteroid, Security Fleet
[20:53:23] wdkymyms:
[20:53:23]   Actions(game): 208 -> 211 (+3)
[20:53:23]   VP: 122 -> 123 (+1)
[20:53:24] VitalyVit:
[20:53:24]   VP: 107 -> 105 (-2)
[20:53:25] Nihoka13:
[20:53:25]   Actions(game): 195 -> 196 (+1)
[20:53:47] Nihoka13:
[20:53:47]   Steel: 3 -> 2 (-1)
[20:53:47]   Cards: 4 -> 3 (-1)
[20:53:47]   Tableau: 71 -> 72 (+1)
[20:53:47]   Actions(game): 196 -> 197 (+1)
[20:53:47]   Actions(round): 0 -> 1 (+1)
[20:53:47]   NEW CARDS PLAYED: Bio Printing Facility
[20:53:47]   CARDS GONE from hand: Bio Printing Facility
[20:54:09] VitalyVit:
[20:54:09]   VP: 105 -> 103 (-2)
[20:54:10] Nihoka13:
[20:54:10]   MC: 22 -> 20 (-2)
[20:54:10]   MC prod: 17 -> 21 (+4)
[20:54:10]   Steel: 2 -> 0 (-2)
[20:54:10]   Ti: 3 -> 2 (-1)
[20:54:10]   Plants: 0 -> 1 (+1)
[20:54:10]   Energy prod: 3 -> 2 (-1)
[20:54:10]   Cards: 3 -> 0 (-3)
[20:54:10]   Tableau: 72 -> 73 (+1)
[20:54:10]   Actions(game): 197 -> 200 (+3)
[20:54:10]   Actions(round): 1 -> 4 (+3)
[20:54:10]   VP: 112 -> 115 (+3)
[20:54:10]   NEW CARDS PLAYED: Commercial District
[20:54:33] Nihoka13:
[20:54:33]   Actions(game): 200 -> 202 (+2)
[20:54:33]   Actions(round): 4 -> 6 (+2)
[20:54:33]   VP: 115 -> 114 (-1)
[20:54:54] --- GLOBALS: Phase: action -> end ---
[20:54:54] wdkymyms:
[20:54:54]   MC: 0 -> 65 (+65)
[20:54:54]   Steel: 0 -> 1 (+1)
[20:54:54]   Ti: 0 -> 2 (+2)
[20:54:54]   Plants: 0 -> 1 (+1)
[20:54:54]   Energy: 0 -> 14 (+14)
[20:54:54]   Heat: 4 -> 6 (+2)
[20:54:55] VitalyVit:
[20:54:55]   MC: 1 -> 81 (+80)
[20:54:55]   Steel: 2 -> 4 (+2)
[20:54:55]   Ti: 0 -> 4 (+4)
[20:54:55]   Plants: 2 -> 3 (+1)
[20:54:55]   Energy: 0 -> 13 (+13)
[20:54:55]   Heat: 13 -> 18 (+5)
[20:54:56] Nihoka13:
[20:54:56]   MC: 20 -> 83 (+63)
[20:54:56]   Steel: 0 -> 2 (+2)
[20:54:56]   Ti: 2 -> 6 (+4)
[20:54:56]   Plants: 1 -> 4 (+3)
[20:54:56]   Energy: 0 -> 2 (+2)
[20:54:56]   Heat: 4 -> 22 (+18)
[20:54:56]   Actions(game): 202 -> 204 (+2)
[20:54:56]   Actions(round): 6 -> 0 (-6)
[20:54:56] === GAME OVER ===
[20:54:56] wdkymyms: 123 VP (TR:55)
[20:54:56] VitalyVit: 103 VP (TR:41)
[20:54:56] Nihoka13: 114 VP (TR:42)
